# Server version 0.08 running on 192.168.1.32:8123
# Game ID: 656
# Board class: tablut.TablutBoard
# Timeout: 2000
# First Move Timeout: 30000
# Date: Sun Apr 08 18:43:09 EDT 2018
# Player 1: Player-0, '260614908', running on 192.168.1.32
# Player 2: Player-1, '260727743', running on 192.168.1.32
START Player-0 260614908
START Player-1 260727743
4 7 3 7 0
6 4 6 3 1
5 8 5 5 0
6 3 6 5 1
3 8 2 8 0
5 4 5 6 1
7 4 7 7 0
4 4 7 4 1
5 0 5 4 0
7 4 7 1 1
4 1 1 1 0
6 5 6 4 1
1 1 4 1 0
6 4 6 0 1
3 7 3 6 0
7 1 7 0 1
2 8 2 7 0
7 0 8 0 1
GAMEOVER WINNER 1
# Game ended: Sun Apr 08 18:43:30 EDT 2018
