# Server version 0.08 running on 192.168.1.32:8123
# Game ID: 240
# Board class: tablut.TablutBoard
# Timeout: 2000
# First Move Timeout: 30000
# Date: Sat Apr 07 15:25:44 EDT 2018
# Player 1: Player-0, 'RandomPlayer', running on 192.168.1.32
# Player 2: Player-1, '260614908', running on 192.168.1.32
START Player-0 RandomPlayer
START Player-1 260614908
7 4 7 5 0
6 4 6 3 1
3 0 2 0 0
2 4 2 3 1
0 5 3 5 0
4 3 3 3 1
4 1 6 1 0
4 2 4 1 1
6 1 6 0 0
4 4 4 2 1
7 5 7 6 0
4 2 0 2 1
3 8 3 6 0
6 3 5 3 1
4 8 1 8 0
5 3 4 3 1
4 7 8 7 0
4 3 4 2 1
8 3 8 1 0
0 2 0 0 1
GAMEOVER WINNER 1
# Game ended: Sat Apr 07 15:25:45 EDT 2018
