# Server version 0.08 running on 192.168.1.32:8123
# Game ID: 578
# Board class: tablut.TablutBoard
# Timeout: 2000
# First Move Timeout: 30000
# Date: Sat Apr 07 23:52:49 EDT 2018
# Player 1: Player-0, '260614908', running on localhost
# Player 2: Player-1, '260727743', running on localhost
START Player-0 260614908
START Player-1 260727743
5 0 5 2 0
6 4 6 2 1
7 4 6 4 0
4 4 5 4 1
4 1 6 1 0
6 2 7 2 1
0 3 0 1 0
4 2 0 2 1
3 0 1 0 0
2 4 2 0 1
6 4 7 4 0
2 0 2 4 1
5 8 5 6 0
3 4 3 7 1
8 5 5 5 0
5 4 3 4 1
6 1 2 1 0
4 3 2 3 1
1 4 1 7 0
2 4 2 7 1
1 7 1 6 0
2 3 2 6 1
0 4 0 3 0
0 2 1 2 1
0 3 7 3 0
1 2 1 3 1
5 5 5 4 0
3 4 0 4 1
2 1 0 1 0
0 4 0 2 1
1 6 1 7 0
0 2 0 0 1
GAMEOVER WINNER 1
# Game ended: Sat Apr 07 23:53:29 EDT 2018
