# Server version 0.08 running on 192.168.1.32:8123
# Game ID: 305
# Board class: tablut.TablutBoard
# Timeout: 2000
# First Move Timeout: 30000
# Date: Sat Apr 07 16:34:48 EDT 2018
# Player 1: Player-0, '260608103', running on localhost
# Player 2: Player-1, '260614908', running on localhost
START Player-0 260608103
START Player-1 260614908
0 3 0 2 0
6 4 6 3 1
7 4 6 4 0
2 4 2 3 1
1 4 2 4 0
2 3 1 3 1
6 4 6 7 0
1 3 0 3 1
4 1 5 1 0
4 3 3 3 1
5 1 1 1 0
4 5 3 5 1
8 5 4 5 0
4 2 3 2 1
2 4 2 5 0
3 2 2 2 1
8 4 7 4 0
3 3 2 3 1
7 4 7 2 0
2 3 1 3 1
5 8 5 1 0
1 3 1 2 1
1 1 3 1 0
1 2 1 1 1
3 8 2 8 0
0 3 1 3 1
2 8 2 6 0
1 3 0 3 1
3 1 3 4 0
0 3 1 3 1
3 4 3 5 0
1 3 0 3 1
6 7 6 8 0
0 3 1 3 1
2 6 7 6 0
1 3 0 3 1
4 8 3 8 0
0 3 1 3 1
3 8 5 8 0
1 3 0 3 1
3 5 3 2 0
0 3 1 3 1
0 2 1 2 0
1 3 0 3 1
3 0 1 0 0
0 3 0 2 1
2 5 2 6 0
0 2 0 1 1
1 2 0 2 0
4 4 3 4 1
4 7 4 8 0
3 4 2 4 1
1 0 2 0 0
2 4 2 3 1
0 4 8 4 0
2 3 1 3 1
4 5 6 5 0
1 3 1 0 1
3 2 3 0 0
1 0 0 0 1
GAMEOVER WINNER 1
# Game ended: Sat Apr 07 16:35:17 EDT 2018
