# Server version 0.08 running on 192.168.1.32:8123
# Game ID: 522
# Board class: tablut.TablutBoard
# Timeout: 2000
# First Move Timeout: 30000
# Date: Sat Apr 07 22:27:25 EDT 2018
# Player 1: Player-0, 'GreedyPlayer', running on localhost
# Player 2: Player-1, '260614908', running on localhost
START Player-0 GreedyPlayer
START Player-1 260614908
1 4 1 2 0
6 4 6 3 1
7 4 6 4 0
2 4 1 4 1
5 8 5 2 0
4 3 3 3 1
3 0 3 2 0
3 3 2 3 1
5 2 6 2 0
3 4 2 4 1
3 8 3 5 0
2 4 3 4 1
8 5 5 5 0
3 4 2 4 1
3 5 4 5 0
2 4 3 4 1
6 4 6 8 0
3 4 2 4 1
8 3 7 3 0
2 4 3 4 1
8 4 6 4 0
3 4 2 4 1
6 8 6 6 0
2 4 3 4 1
4 5 1 5 0
3 4 2 4 1
1 2 1 3 0
2 4 1 4 1
3 2 3 3 0
1 4 2 4 1
6 4 5 4 0
2 4 1 4 1
1 3 1 0 0
1 4 1 3 1
3 3 2 3 0
4 4 3 4 1
4 8 7 8 0
3 4 2 4 1
1 5 2 5 0
GAMEOVER WINNER 0
# Game ended: Sat Apr 07 22:27:26 EDT 2018
