# Server version 0.08 running on 192.168.1.32:8123
# Game ID: 449
# Board class: tablut.TablutBoard
# Timeout: 2000
# First Move Timeout: 30000
# Date: Sat Apr 07 19:59:33 EDT 2018
# Player 1: Player-0, '260608103', running on localhost
# Player 2: Player-1, '260614908', running on localhost
START Player-0 260608103
START Player-1 260614908
7 4 7 7 0
6 4 6 3 1
8 4 6 4 0
4 3 1 3 1
0 5 3 5 0
2 4 2 5 1
1 4 2 4 0
1 3 2 3 1
6 4 7 4 0
2 5 1 5 1
4 1 3 1 0
2 3 1 3 1
8 3 7 3 0
1 3 5 3 1
3 1 3 2 0
5 3 5 2 1
0 3 5 3 0
4 4 5 4 1
4 7 6 7 0
4 5 3 5 1
4 0 4 1 0
1 5 0 5 1
7 3 4 3 0
0 5 1 5 1
4 3 2 3 0
1 5 0 5 1
3 2 3 1 0
0 5 1 5 1
3 1 2 1 0
1 5 0 5 1
4 1 4 0 0
0 5 1 5 1
2 3 2 2 0
1 5 0 5 1
0 4 1 4 0
0 5 0 4 1
1 4 1 8 0
0 4 0 3 1
1 8 1 4 0
5 2 4 2 1
3 8 2 8 0
4 2 5 2 1
3 0 2 0 0
5 4 4 4 1
5 8 5 7 0
5 2 4 2 1
6 7 6 8 0
4 2 5 2 1
5 7 5 8 0
5 2 4 2 1
2 2 3 2 0
4 2 5 2 1
2 1 2 5 0
5 2 5 5 1
6 8 6 3 0
5 5 4 5 1
7 7 7 6 0
4 5 5 5 1
2 5 2 7 0
5 5 4 5 1
2 7 2 2 0
4 5 5 5 1
7 6 6 6 0
5 5 4 5 1
7 4 7 5 0
4 5 5 5 1
5 8 6 8 0
5 5 4 5 1
1 4 2 4 0
4 5 5 5 1
2 2 0 2 0
5 5 5 8 1
2 4 0 4 0
3 5 3 8 1
2 0 2 2 0
3 8 4 8 1
7 5 1 5 0
4 8 3 8 1
1 5 1 7 0
3 8 4 8 1
2 8 2 5 0
4 8 3 8 1
2 5 1 5 0
3 8 2 8 1
8 5 8 3 0
2 8 2 6 1
5 0 5 4 0
2 6 1 6 1
1 5 3 5 0
1 6 0 6 1
8 3 7 3 0
0 6 0 5 1
1 7 1 0 0
0 5 1 5 1
2 2 2 3 0
1 5 0 5 1
3 5 5 5 0
0 5 1 5 1
7 3 7 0 0
1 5 0 5 1
GAMEOVER DRAW
# Game ended: Sat Apr 07 20:00:28 EDT 2018
