# Server version 0.08 running on 192.168.1.32:8123
# Game ID: 667
# Board class: tablut.TablutBoard
# Timeout: 2000
# First Move Timeout: 30000
# Date: Sun Apr 08 19:42:58 EDT 2018
# Player 1: Player-0, '260614908', running on localhost
# Player 2: Player-1, '260727743', running on localhost
START Player-0 260614908
START Player-1 260727743
0 5 0 6 0
6 4 6 3 1
1 4 1 3 0
2 4 1 4 1
4 7 6 7 0
4 2 1 2 1
3 8 1 8 0
4 3 3 3 1
6 7 2 7 0
4 6 2 6 1
5 0 5 3 0
1 2 5 2 1
2 7 1 7 0
2 6 2 8 1
4 1 4 2 0
3 3 3 2 1
1 7 0 7 0
3 2 2 2 1
0 7 3 7 0
4 5 2 5 1
0 6 1 6 0
4 4 4 6 1
4 0 4 5 0
4 6 7 6 1
1 6 2 6 0
2 8 2 7 1
0 4 0 6 0
7 6 4 6 1
8 5 4 5 0
4 6 8 6 1
3 7 8 7 0
8 6 3 6 1
8 7 3 7 0
3 6 4 6 1
8 3 8 1 0
4 6 4 0 1
7 4 7 0 0
4 0 6 0 1
0 6 0 5 0
6 0 8 0 1
GAMEOVER WINNER 1
# Game ended: Sun Apr 08 19:43:44 EDT 2018
