# Server version 0.08 running on 192.168.1.32:8123
# Game ID: 350
# Board class: tablut.TablutBoard
# Timeout: 2000
# First Move Timeout: 30000
# Date: Sat Apr 07 17:10:39 EDT 2018
# Player 1: Player-0, '260614908', running on localhost
# Player 2: Player-1, '260608103', running on localhost
START Player-0 260614908
START Player-1 260608103
8 5 7 5 0
4 2 6 2 1
4 1 4 2 0
4 5 2 5 1
7 5 4 5 0
6 4 6 5 1
3 0 3 3 0
6 2 6 0 1
8 4 8 5 0
2 4 2 3 1
8 5 7 5 0
4 4 4 3 1
3 8 2 8 0
5 4 5 3 1
1 4 1 7 0
2 3 1 3 1
8 3 8 2 0
6 5 6 2 1
0 4 2 4 0
1 3 2 3 1
GAMEOVER TIMEOUT WINNER 1
# Game ended: Sat Apr 07 17:10:56 EDT 2018
