# Server version 0.08 running on 192.168.1.32:8123
# Game ID: 271
# Board class: tablut.TablutBoard
# Timeout: 2000
# First Move Timeout: 30000
# Date: Sat Apr 07 16:05:14 EDT 2018
# Player 1: Player-0, '260608103', running on localhost
# Player 2: Player-1, '260614908', running on localhost
START Player-0 260608103
START Player-1 260614908
5 0 5 1 0
6 4 6 3 1
7 4 6 4 0
4 4 5 4 1
6 4 6 5 0
5 4 5 6 1
8 4 6 4 0
5 6 7 6 1
8 5 8 6 0
7 6 7 3 1
0 5 1 5 0
2 4 2 3 1
1 4 2 4 0
2 3 1 3 1
2 4 2 3 0
4 3 3 3 1
5 1 6 1 0
4 5 3 5 1
6 1 6 2 0
7 3 7 1 1
8 3 4 3 0
7 1 7 3 1
4 3 4 5 0
7 3 7 1 1
2 3 2 5 0
7 1 7 3 1
4 1 8 1 0
7 3 7 7 1
5 8 5 2 0
7 7 8 7 1
5 2 5 8 0
8 7 8 8 1
GAMEOVER WINNER 1
# Game ended: Sat Apr 07 16:05:23 EDT 2018
