# Server version 0.08 running on 192.168.1.32:8123
# Game ID: 55
# Board class: tablut.TablutBoard
# Timeout: 2000
# First Move Timeout: 30000
# Date: Sat Apr 07 06:22:32 EDT 2018
# Player 1: Player-0, '260614908', running on localhost
# Player 2: Player-1, 'RandomPlayer', running on localhost
START Player-0 260614908
START Player-1 RandomPlayer
8 5 7 5 0
2 4 2 1 1
3 0 2 0 0
6 4 6 3 1
8 4 8 5 0
4 6 1 6 1
8 5 8 4 0
3 4 3 7 1
3 8 1 8 0
4 2 8 2 1
7 5 5 5 0
6 3 6 1 1
7 4 7 6 0
8 2 7 2 1
7 6 7 4 0
3 7 3 1 1
5 5 5 6 0
4 5 1 5 1
7 4 7 3 0
4 3 4 2 1
7 3 7 8 0
4 2 4 3 1
5 6 4 6 0
1 6 1 7 1
7 8 7 6 0
3 1 3 2 1
4 6 2 6 0
4 3 3 3 1
2 6 2 4 0
1 5 4 5 1
4 7 4 6 0
3 3 7 3 1
4 8 2 8 0
1 7 1 5 1
0 5 0 7 0
7 3 1 3 1
7 6 7 5 0
3 2 3 0 1
4 6 4 5 0
6 1 6 6 1
4 1 4 3 0
6 6 6 8 1
2 4 3 4 0
1 3 1 2 1
8 3 8 2 0
5 4 5 3 1
4 5 6 5 0
4 4 6 4 1
5 8 5 4 0
2 1 4 1 1
2 8 2 7 0
1 5 4 5 1
8 4 8 7 0
1 2 1 4 1
3 4 2 4 0
3 0 3 1 1
2 4 2 2 0
3 1 2 1 1
6 5 5 5 0
5 3 6 3 1
1 8 1 1 0
6 8 6 7 1
2 2 2 3 0
6 7 5 7 1
8 7 8 5 0
6 3 6 2 1
1 1 1 0 0
5 7 4 7 1
2 3 2 2 0
4 7 4 8 1
0 4 2 4 0
4 5 3 5 1
1 0 1 4 0
3 5 3 4 1
5 0 5 2 0
6 2 6 3 1
4 3 2 3 0
3 4 3 5 1
2 0 3 0 0
4 1 4 5 1
5 5 5 6 0
4 5 4 3 1
0 3 0 2 0
3 5 3 2 1
2 4 2 6 0
3 2 3 4 1
5 6 4 6 0
3 4 3 6 1
0 7 0 3 0
4 8 3 8 1
7 5 7 4 0
GAMEOVER WINNER 0
# Game ended: Sat Apr 07 06:22:34 EDT 2018
