# Server version 0.08 running on 192.168.1.32:8123
# Game ID: 306
# Board class: tablut.TablutBoard
# Timeout: 2000
# First Move Timeout: 30000
# Date: Sat Apr 07 16:35:36 EDT 2018
# Player 1: Player-0, '260614908', running on localhost
# Player 2: Player-1, '260608103', running on localhost
START Player-0 260614908
START Player-1 260608103
8 5 7 5 0
4 2 3 2 1
3 0 2 0 0
3 2 3 3 1
8 4 8 5 0
2 4 2 7 1
8 5 8 4 0
6 4 6 5 1
8 4 8 5 0
4 5 5 5 1
8 5 8 4 0
4 3 4 2 1
8 4 8 5 0
3 3 7 3 1
8 5 8 4 0
5 4 5 3 1
8 4 8 5 0
5 3 3 3 1
8 5 8 4 0
4 6 2 6 1
8 4 8 5 0
3 3 5 3 1
8 5 8 4 0
6 5 6 1 1
8 4 8 5 0
2 6 2 5 1
8 5 8 4 0
5 3 6 3 1
8 4 8 5 0
5 5 5 7 1
8 5 8 4 0
3 4 3 7 1
8 4 8 6 0
4 2 4 3 1
8 6 7 6 0
4 3 5 3 1
7 6 6 6 0
4 4 4 6 1
1 4 1 6 0
6 1 5 1 1
4 1 4 5 0
3 7 3 0 1
3 8 3 6 0
2 5 2 6 1
4 8 4 7 0
GAMEOVER WINNER 0
# Game ended: Sat Apr 07 16:35:42 EDT 2018
