# Server version 0.08 running on 192.168.1.32:8123
# Game ID: 645
# Board class: tablut.TablutBoard
# Timeout: 2000
# First Move Timeout: 30000
# Date: Sun Apr 08 18:01:07 EDT 2018
# Player 1: Player-0, '260727743', running on localhost
# Player 2: Player-1, '260614908', running on localhost
START Player-0 260727743
START Player-1 260614908
8 5 7 5 0
2 4 2 1 1
1 4 2 4 0
4 4 3 4 1
0 3 1 3 0
6 4 6 0 1
7 4 6 4 0
4 6 7 6 1
4 7 4 6 0
2 1 2 0 1
1 3 1 0 0
4 2 6 2 1
4 1 4 2 0
6 0 7 0 1
5 0 6 0 0
6 2 7 2 1
7 5 8 5 0
7 2 6 2 1
8 5 6 5 0
7 6 5 6 1
6 5 6 6 0
3 4 3 5 1
3 0 2 0 0
6 2 8 2 1
8 4 8 5 0
8 2 8 1 1
8 3 8 2 0
3 5 3 3 1
5 8 5 7 0
3 3 3 1 1
8 2 8 4 0
3 1 7 1 1
6 0 6 2 0
7 1 5 1 1
8 5 7 5 0
5 1 7 1 1
7 5 7 8 0
7 1 7 5 1
8 4 8 5 0
7 5 7 1 1
7 8 7 2 0
7 1 5 1 1
8 5 7 5 0
5 1 5 4 1
3 8 2 8 0
5 4 5 1 1
0 4 0 3 0
5 1 5 5 1
4 8 3 8 0
5 5 3 5 1
3 8 3 7 0
3 5 3 4 1
4 2 3 2 0
3 4 3 5 1
3 2 2 2 0
3 5 5 5 1
3 7 2 7 0
5 5 5 3 1
6 4 6 3 0
5 3 4 3 1
7 5 8 5 0
4 3 4 5 1
8 5 7 5 0
4 5 4 3 1
7 5 7 4 0
4 3 4 5 1
7 4 8 4 0
4 5 3 5 1
8 4 8 5 0
3 5 4 5 1
8 5 7 5 0
4 5 3 5 1
4 0 3 0 0
3 5 4 5 1
3 0 5 0 0
4 5 4 3 1
2 0 3 0 0
4 3 4 5 1
3 0 4 0 0
4 5 4 3 1
4 0 2 0 0
4 3 3 3 1
2 0 3 0 0
3 3 3 4 1
6 3 8 3 0
3 4 5 4 1
3 0 2 0 0
5 4 5 3 1
8 3 7 3 0
5 3 5 4 1
6 6 6 4 0
5 4 5 5 1
2 0 3 0 0
5 5 3 5 1
0 5 0 4 0
3 5 4 5 1
3 0 2 0 0
4 5 1 5 1
0 4 0 5 0
1 5 4 5 1
GAMEOVER DRAW
# Game ended: Sun Apr 08 18:03:16 EDT 2018
