# Server version 0.08 running on 192.168.1.32:8123
# Game ID: 661
# Board class: tablut.TablutBoard
# Timeout: 2000
# First Move Timeout: 30000
# Date: Sun Apr 08 19:17:49 EDT 2018
# Player 1: Player-0, '260727743', running on 192.168.1.32
# Player 2: Player-1, '260614908', running on 192.168.1.32
START Player-0 260727743
START Player-1 260614908
8 5 7 5 0
5 4 5 7 1
5 0 5 4 0
4 6 0 6 1
5 4 5 6 0
4 4 5 4 1
7 4 6 4 0
5 4 5 2 1
4 7 0 7 0
4 3 6 3 1
4 1 5 1 0
5 2 7 2 1
5 1 7 1 0
7 2 6 2 1
5 6 4 6 0
4 2 0 2 1
7 1 6 1 0
6 2 1 2 1
6 1 1 1 0
1 2 5 2 1
1 1 6 1 0
0 2 3 2 1
6 1 6 2 0
5 2 5 1 1
0 7 0 6 0
2 4 2 1 1
5 8 5 2 0
5 1 7 1 1
4 6 4 1 0
3 4 3 3 1
6 2 6 1 0
7 1 7 2 1
3 0 2 0 0
3 2 4 2 1
4 8 4 3 0
2 1 2 6 1
2 0 2 3 0
2 6 6 6 1
8 4 7 4 0
6 6 3 6 1
4 3 3 3 0
3 6 3 4 1
3 8 3 5 0
7 2 8 2 1
6 1 8 1 0
GAMEOVER WINNER 0
# Game ended: Sun Apr 08 19:18:40 EDT 2018
