# Server version 0.08 running on 192.168.1.32:8123
# Game ID: 619
# Board class: tablut.TablutBoard
# Timeout: 2000
# First Move Timeout: 30000
# Date: Sun Apr 08 01:06:47 EDT 2018
# Player 1: Player-0, '260727743', running on localhost
# Player 2: Player-1, '260614908', running on localhost
START Player-0 260727743
START Player-1 260614908
8 5 7 5 0
2 4 2 1 1
1 4 2 4 0
4 2 8 2 1
4 1 4 2 0
2 1 7 1 1
5 0 5 1 0
4 5 5 5 1
0 5 4 5 0
5 4 5 2 1
8 3 5 3 0
7 1 7 3 1
7 5 6 5 0
7 3 6 3 1
5 3 5 4 0
4 4 3 4 1
6 5 6 4 0
3 4 4 4 1
4 2 6 2 0
8 2 7 2 1
8 4 8 2 0
4 4 3 4 1
2 4 2 6 0
3 4 2 4 1
3 0 2 0 0
2 4 2 1 1
6 2 2 2 0
GAMEOVER WINNER 0
# Game ended: Sun Apr 08 01:08:08 EDT 2018
