# Server version 0.08 running on 192.168.1.32:8123
# Game ID: 351
# Board class: tablut.TablutBoard
# Timeout: 2000
# First Move Timeout: 30000
# Date: Sat Apr 07 17:10:59 EDT 2018
# Player 1: Player-0, '260608103', running on localhost
# Player 2: Player-1, '260614908', running on localhost
START Player-0 260608103
START Player-1 260614908
1 4 1 2 0
6 4 6 3 1
7 4 6 4 0
2 4 1 4 1
6 4 6 6 0
4 3 3 3 1
5 8 5 6 0
6 3 5 3 1
3 8 3 6 0
3 4 2 4 1
5 6 4 6 0
2 4 2 3 1
8 5 8 7 0
2 3 1 3 1
3 6 2 6 0
1 4 2 4 1
0 4 1 4 0
2 4 2 3 1
4 6 3 6 0
2 3 1 3 1
2 6 2 3 0
4 4 4 5 1
4 7 6 7 0
4 5 4 4 1
3 6 4 6 0
4 4 4 5 1
4 1 5 1 0
4 5 4 4 1
2 3 2 2 0
4 4 4 5 1
4 6 4 7 0
4 5 4 4 1
5 1 6 1 0
4 4 4 5 1
6 1 3 1 0
4 5 4 4 1
3 1 6 1 0
4 4 4 5 1
6 6 2 6 0
4 5 4 4 1
2 6 2 4 0
4 4 4 5 1
1 2 1 3 0
4 5 4 4 1
2 4 2 8 0
4 4 4 5 1
2 2 2 5 0
4 5 4 4 1
8 7 8 5 0
4 4 4 5 1
6 7 6 5 0
4 5 4 4 1
0 5 0 6 0
4 4 4 5 1
1 3 1 1 0
4 5 4 4 1
2 8 3 8 0
4 4 4 5 1
2 5 0 5 0
4 5 4 4 1
0 5 0 4 0
4 4 4 5 1
0 6 2 6 0
4 5 4 4 1
3 0 2 0 0
4 4 4 5 1
5 0 6 0 0
4 5 4 4 1
1 1 4 1 0
4 4 4 5 1
1 4 1 2 0
4 5 4 4 1
2 6 0 6 0
4 4 4 5 1
4 8 5 8 0
4 5 4 4 1
1 2 1 4 0
4 4 4 5 1
6 0 7 0 0
4 5 4 4 1
4 0 5 0 0
4 4 4 5 1
6 1 7 1 0
4 5 4 4 1
7 1 7 3 0
4 4 4 5 1
6 5 6 8 0
4 5 4 4 1
8 5 5 5 0
4 4 4 5 1
2 0 2 6 0
4 5 4 4 1
5 5 3 5 0
4 4 4 5 1
4 7 3 7 0
4 5 4 4 1
5 0 4 0 0
3 3 2 3 1
3 5 8 5 0
4 4 3 4 1
GAMEOVER DRAW
# Game ended: Sat Apr 07 17:12:06 EDT 2018
