# Server version 0.08 running on 192.168.1.32:8123
# Game ID: 353
# Board class: tablut.TablutBoard
# Timeout: 2000
# First Move Timeout: 30000
# Date: Sat Apr 07 17:14:12 EDT 2018
# Player 1: Player-0, '260608103', running on localhost
# Player 2: Player-1, '260614908', running on localhost
START Player-0 260608103
START Player-1 260614908
7 4 7 5 0
6 4 6 3 1
8 4 6 4 0
4 3 1 3 1
6 4 6 7 0
1 3 1 2 1
0 3 4 3 0
1 2 4 2 1
0 5 1 5 0
2 4 2 3 1
1 4 2 4 0
2 3 1 3 1
3 8 3 3 0
1 3 0 3 1
3 3 4 3 0
4 5 3 5 1
7 5 4 5 0
4 4 3 4 1
1 5 2 5 0
3 4 3 2 1
4 3 2 3 0
3 2 1 2 1
3 0 1 0 0
1 2 0 2 1
4 1 0 1 0
0 2 1 2 1
0 1 0 2 0
1 2 8 2 1
2 4 8 4 0
8 2 8 0 1
GAMEOVER WINNER 1
# Game ended: Sat Apr 07 17:14:20 EDT 2018
