# Server version 0.08 running on 192.168.1.32:8123
# Game ID: 260
# Board class: tablut.TablutBoard
# Timeout: 2000
# First Move Timeout: 30000
# Date: Sat Apr 07 15:58:50 EDT 2018
# Player 1: Player-0, '260614908', running on localhost
# Player 2: Player-1, '260608103', running on localhost
START Player-0 260614908
START Player-1 260608103
8 5 7 5 0
3 4 3 5 1
3 0 3 4 0
4 3 3 3 1
1 4 2 4 0
4 2 0 2 1
8 4 8 5 0
3 3 3 4 1
8 5 8 4 0
4 6 2 6 1
8 4 8 5 0
2 6 7 6 1
8 5 8 4 0
5 4 5 6 1
8 4 8 5 0
0 2 1 2 1
8 5 8 4 0
1 2 1 4 1
8 4 8 5 0
4 4 4 3 1
8 5 8 4 0
5 6 6 6 1
8 4 8 5 0
3 4 3 3 1
8 3 6 3 0
6 4 5 4 1
8 5 8 4 0
3 3 3 2 1
0 3 2 3 0
1 4 1 5 1
8 4 8 3 0
5 4 6 4 1
3 8 2 8 0
3 2 6 2 1
8 3 6 3 0
6 2 3 2 1
0 4 0 3 0
3 2 6 2 1
5 0 5 3 0
6 4 6 3 1
5 8 5 3 0
3 5 3 8 1
7 5 6 5 0
6 3 6 4 1
5 3 6 3 0
1 5 1 8 1
0 5 0 4 0
6 2 6 1 1
4 8 5 8 0
6 1 6 2 1
5 8 5 3 0
6 4 6 3 1
0 4 1 4 0
1 8 1 5 1
2 3 2 2 0
4 3 1 3 1
2 2 2 3 0
GAMEOVER WINNER 0
# Game ended: Sat Apr 07 15:58:56 EDT 2018
