# Server version 0.08 running on 192.168.1.32:8123
# Game ID: 640
# Board class: tablut.TablutBoard
# Timeout: 2000
# First Move Timeout: 30000
# Date: Sun Apr 08 17:53:04 EDT 2018
# Player 1: Player-0, '260614908', running on localhost
# Player 2: Player-1, '260727743', running on localhost
START Player-0 260614908
START Player-1 260727743
5 0 7 0 0
6 4 6 0 1
8 5 6 5 0
5 4 5 6 1
4 1 6 1 0
4 2 6 2 1
4 7 5 7 0
6 2 4 2 1
8 3 7 3 0
4 4 5 4 1
5 7 7 7 0
6 0 6 1 1
4 0 5 0 0
5 4 5 2 1
8 4 8 2 0
4 2 4 1 1
0 3 0 2 0
4 1 4 2 1
7 7 7 8 0
6 1 6 3 1
6 5 6 8 0
5 2 5 5 1
6 8 6 6 0
6 3 5 3 1
5 8 6 8 0
4 5 1 5 1
7 4 5 4 0
5 5 8 5 1
6 6 8 6 0
8 5 5 5 1
3 8 1 8 0
4 3 1 3 1
8 6 7 6 0
5 5 2 5 1
1 8 2 8 0
2 5 2 7 1
0 2 1 2 0
4 6 0 6 1
8 2 8 7 0
2 7 0 7 1
3 0 3 1 0
0 7 0 8 1
GAMEOVER WINNER 1
# Game ended: Sun Apr 08 17:53:48 EDT 2018
