# Server version 0.08 running on 192.168.1.32:8123
# Game ID: 252
# Board class: tablut.TablutBoard
# Timeout: 2000
# First Move Timeout: 30000
# Date: Sat Apr 07 15:40:48 EDT 2018
# Player 1: Player-0, 'RandomPlayer', running on 192.168.1.32
# Player 2: Player-1, 'GreedyPlayer', running on 192.168.1.32
START Player-0 RandomPlayer
START Player-1 GreedyPlayer
7 4 7 5 0
2 4 2 5 1
3 0 2 0 0
4 2 0 2 1
7 5 7 2 0
4 3 6 3 1
0 3 5 3 0
0 2 5 2 1
7 2 6 2 0
4 4 4 2 1
6 2 8 2 0
4 2 0 2 1
8 5 8 7 0
0 2 0 0 1
GAMEOVER WINNER 1
# Game ended: Sat Apr 07 15:40:48 EDT 2018
