# Server version 0.08 running on 192.168.1.32:8123
# Game ID: 659
# Board class: tablut.TablutBoard
# Timeout: 2000
# First Move Timeout: 30000
# Date: Sun Apr 08 18:48:59 EDT 2018
# Player 1: Player-0, '260727743', running on 192.168.1.32
# Player 2: Player-1, '260614908', running on 192.168.1.32
START Player-0 260727743
START Player-1 260614908
8 5 7 5 0
3 4 3 7 1
3 0 3 4 0
4 5 6 5 1
3 4 3 6 0
4 6 5 6 1
0 5 5 5 0
4 3 6 3 1
4 7 5 7 0
6 3 2 3 1
8 3 5 3 0
4 2 6 2 1
5 5 5 4 0
6 2 6 0 1
7 4 7 0 0
4 4 3 4 1
5 3 3 3 0
3 4 4 4 1
1 4 1 3 0
4 4 2 4 1
4 0 3 0 0
2 4 2 1 1
3 3 2 3 0
2 1 1 1 1
8 4 7 4 0
1 1 2 1 1
3 0 2 0 0
2 1 1 1 1
2 0 1 0 0
1 1 2 1 1
1 0 3 0 0
2 1 1 1 1
5 8 7 8 0
1 1 2 1 1
3 0 2 0 0
2 1 1 1 1
2 0 1 0 0
1 1 2 1 1
1 0 3 0 0
2 1 1 1 1
5 0 5 3 0
1 1 2 1 1
3 0 2 0 0
2 1 1 1 1
2 0 1 0 0
1 1 2 1 1
1 0 3 0 0
2 1 1 1 1
0 3 0 1 0
1 1 2 1 1
3 0 2 0 0
2 1 3 1 1
2 0 2 1 0
GAMEOVER WINNER 0
# Game ended: Sun Apr 08 18:49:52 EDT 2018
