# Server version 0.08 running on 192.168.1.32:8123
# Game ID: 518
# Board class: tablut.TablutBoard
# Timeout: 2000
# First Move Timeout: 30000
# Date: Sat Apr 07 22:25:18 EDT 2018
# Player 1: Player-0, 'GreedyPlayer', running on localhost
# Player 2: Player-1, '260614908', running on localhost
START Player-0 GreedyPlayer
START Player-1 260614908
1 4 1 2 0
2 4 2 5 1
0 4 2 4 0
4 5 7 5 1
2 4 3 4 0
2 5 2 4 1
0 5 4 5 0
6 4 6 5 1
7 4 6 4 0
2 4 2 6 1
4 5 4 6 0
4 3 6 3 1
0 3 4 3 0
GAMEOVER ILLEGAL MOVE: Swedes (p1) move (8, 5) to (8, 6) WINNER 0
# Game ended: Sat Apr 07 22:25:25 EDT 2018
