# Server version 0.08 running on 192.168.1.32:8123
# Game ID: 591
# Board class: tablut.TablutBoard
# Timeout: 2000
# First Move Timeout: 30000
# Date: Sun Apr 08 00:07:41 EDT 2018
# Player 1: Player-0, '260727743', running on localhost
# Player 2: Player-1, '260614908', running on localhost
START Player-0 260727743
START Player-1 260614908
8 5 7 5 0
6 4 6 3 1
7 4 6 4 0
4 4 5 4 1
5 8 5 6 0
2 4 2 6 1
3 8 3 6 0
5 4 5 2 1
3 6 4 6 0
5 2 7 2 1
4 1 7 1 0
6 3 7 3 1
1 4 2 4 0
4 3 6 3 1
5 0 6 0 0
4 2 3 2 1
6 0 6 2 0
3 2 5 2 1
6 4 6 3 0
7 2 7 3 1
0 3 5 3 0
5 2 4 2 1
3 0 2 0 0
4 2 3 2 1
8 4 7 4 0
3 2 7 2 1
8 3 8 2 0
7 2 6 2 1
7 1 7 2 0
GAMEOVER WINNER 0
# Game ended: Sun Apr 08 00:08:26 EDT 2018
