# Server version 0.08 running on 192.168.1.32:8123
# Game ID: 297
# Board class: tablut.TablutBoard
# Timeout: 2000
# First Move Timeout: 30000
# Date: Sat Apr 07 16:28:19 EDT 2018
# Player 1: Player-0, '260608103', running on localhost
# Player 2: Player-1, '260614908', running on localhost
START Player-0 260608103
START Player-1 260614908
7 4 7 6 0
6 4 6 3 1
8 4 6 4 0
4 3 1 3 1
1 4 1 7 0
1 3 1 2 1
0 3 4 3 0
1 2 0 2 1
0 4 1 4 0
0 2 1 2 1
5 0 6 0 0
1 2 6 2 1
7 6 7 0 0
4 5 6 5 1
0 5 4 5 0
6 5 6 6 1
4 7 6 7 0
6 3 6 5 1
4 3 2 3 0
6 6 4 6 1
3 0 3 2 0
6 5 5 5 1
8 5 8 6 0
5 5 4 5 1
5 8 5 3 0
4 5 3 5 1
1 4 1 1 0
2 4 1 4 1
2 3 2 4 0
3 5 3 4 1
6 7 6 4 0
3 4 2 4 1
3 2 2 2 0
2 4 2 3 1
1 1 1 0 0
2 3 1 3 1
2 2 2 5 0
1 3 0 3 1
4 1 7 1 0
1 4 0 4 1
3 8 3 0 0
0 4 1 4 1
7 1 7 2 0
0 3 2 3 1
5 3 5 2 0
2 3 2 0 1
8 3 5 3 0
1 4 1 3 1
2 5 2 4 0
1 3 1 2 1
5 3 5 5 0
1 2 1 1 1
1 7 5 7 0
2 0 2 1 1
3 0 3 5 0
2 1 2 0 1
5 2 5 3 0
2 0 2 1 1
5 3 0 3 0
2 1 2 0 1
5 5 5 1 0
2 0 2 1 1
5 1 5 3 0
2 1 2 0 1
7 0 7 1 0
2 0 2 1 1
4 8 3 8 0
2 1 2 0 1
6 0 6 1 0
2 0 2 1 1
6 1 6 2 0
2 1 2 0 1
3 8 4 8 0
2 0 2 1 1
7 2 7 3 0
2 1 2 0 1
7 1 7 0 0
2 0 2 1 1
5 3 5 5 0
2 1 2 0 1
0 3 3 3 0
2 0 2 1 1
7 0 5 0 0
2 1 2 0 1
8 6 8 4 0
2 0 2 1 1
6 2 0 2 0
2 1 2 0 1
3 5 3 6 0
4 6 5 6 1
5 5 5 2 0
5 6 5 5 1
8 4 8 1 0
5 5 1 5 1
5 2 5 3 0
1 5 0 5 1
8 1 8 7 0
0 5 0 4 1
5 0 7 0 0
0 4 0 3 1
GAMEOVER DRAW
# Game ended: Sat Apr 07 16:29:10 EDT 2018
