# Server version 0.08 running on 192.168.1.32:8123
# Game ID: 215
# Board class: tablut.TablutBoard
# Timeout: 2000
# First Move Timeout: 30000
# Date: Sat Apr 07 14:45:36 EDT 2018
# Player 1: Player-0, 'RandomPlayer', running on 192.168.1.32
# Player 2: Player-1, 'GreedyPlayer', running on 192.168.1.32
START Player-0 RandomPlayer
START Player-1 GreedyPlayer
7 4 7 5 0
2 4 2 5 1
3 0 2 0 0
4 2 0 2 1
2 0 2 3 0
5 4 5 2 1
4 7 3 7 0
4 4 5 4 1
4 0 1 0 0
5 4 5 7 1
4 1 2 1 0
5 7 8 7 1
0 5 0 7 0
8 7 8 8 1
GAMEOVER WINNER 1
# Game ended: Sat Apr 07 14:45:36 EDT 2018
