# Server version 0.08 running on 192.168.1.32:8123
# Game ID: 15
# Board class: tablut.TablutBoard
# Timeout: 2000
# First Move Timeout: 30000
# Date: Sat Apr 07 04:11:14 EDT 2018
# Player 1: Player-0, 'RandomPlayer', running on localhost
# Player 2: Player-1, '260614908', running on localhost
START Player-0 RandomPlayer
START Player-1 260614908
7 4 7 5 0
6 4 6 3 1
3 0 2 0 0
2 4 2 3 1
4 7 3 7 0
2 3 1 3 1
5 0 5 2 0
1 3 1 2 1
3 7 8 7 0
1 2 0 2 1
5 2 5 1 0
0 2 0 1 1
8 7 1 7 0
4 3 3 3 1
1 7 4 7 0
0 1 1 1 1
0 3 0 2 0
3 4 2 4 1
2 0 2 3 0
2 4 3 4 1
5 8 5 6 0
4 5 5 5 1
8 3 8 1 0
5 5 6 5 1
4 0 3 0 0
3 4 2 4 1
4 8 7 8 0
2 4 3 4 1
4 7 4 8 0
6 5 5 5 1
0 5 3 5 0
5 5 4 5 1
0 4 0 7 0
3 4 2 4 1
7 5 7 2 0
2 4 3 4 1
8 5 8 7 0
GAMEOVER ILLEGAL MOVE: Swedes (p1) move (4, 5) to (3, 5) WINNER 0
# Game ended: Sat Apr 07 04:11:30 EDT 2018
