# Server version 0.08 running on 192.168.1.32:8123
# Game ID: 574
# Board class: tablut.TablutBoard
# Timeout: 2000
# First Move Timeout: 30000
# Date: Sat Apr 07 23:48:19 EDT 2018
# Player 1: Player-0, '260614908', running on localhost
# Player 2: Player-1, '260727743', running on localhost
START Player-0 260614908
START Player-1 260727743
7 4 7 2 0
4 6 3 6 1
4 1 5 1 0
5 4 5 3 1
1 4 1 1 0
5 3 5 4 1
8 3 8 2 0
6 4 6 3 1
5 8 6 8 0
4 5 2 5 1
4 7 4 5 0
3 6 4 6 1
8 5 4 5 0
4 6 6 6 1
0 3 0 2 0
6 6 4 6 1
1 1 1 5 0
4 6 4 7 1
1 5 1 1 0
4 4 4 6 1
1 1 1 5 0
4 6 0 6 1
6 8 6 5 0
0 6 0 8 1
GAMEOVER WINNER 1
# Game ended: Sat Apr 07 23:48:46 EDT 2018
