# Server version 0.08 running on 192.168.1.32:8123
# Game ID: 648
# Board class: tablut.TablutBoard
# Timeout: 2000
# First Move Timeout: 30000
# Date: Sun Apr 08 18:05:58 EDT 2018
# Player 1: Player-0, '260614908', running on localhost
# Player 2: Player-1, '260727743', running on localhost
START Player-0 260614908
START Player-1 260727743
8 3 5 3 0
6 4 6 3 1
3 0 3 1 0
5 4 5 7 1
7 4 7 0 0
6 3 6 0 1
4 7 0 7 0
4 6 0 6 1
3 1 3 0 0
4 4 6 4 1
0 3 3 3 0
6 4 6 8 1
8 4 8 3 0
6 8 8 8 1
GAMEOVER WINNER 1
# Game ended: Sun Apr 08 18:06:12 EDT 2018
