# Server version 0.08 running on 192.168.1.32:8123
# Game ID: 618
# Board class: tablut.TablutBoard
# Timeout: 2000
# First Move Timeout: 30000
# Date: Sun Apr 08 01:05:34 EDT 2018
# Player 1: Player-0, '260614908', running on localhost
# Player 2: Player-1, '260727743', running on localhost
START Player-0 260614908
START Player-1 260727743
7 4 7 5 0
4 6 3 6 1
3 0 2 0 0
3 6 5 6 1
0 5 1 5 0
6 4 6 3 1
5 0 7 0 0
6 3 6 0 1
1 5 3 5 0
5 6 3 6 1
2 0 2 2 0
5 4 5 7 1
4 7 0 7 0
3 6 0 6 1
4 1 3 1 0
0 6 7 6 1
0 3 0 2 0
4 4 7 4 1
3 8 3 5 0
7 4 7 0 1
8 5 6 5 0
7 0 8 0 1
GAMEOVER WINNER 1
# Game ended: Sun Apr 08 01:06:46 EDT 2018
