# Server version 0.08 running on 192.168.1.32:8123
# Game ID: 313
# Board class: tablut.TablutBoard
# Timeout: 2000
# First Move Timeout: 30000
# Date: Sat Apr 07 16:37:51 EDT 2018
# Player 1: Player-0, '260608103', running on localhost
# Player 2: Player-1, '260614908', running on localhost
START Player-0 260608103
START Player-1 260614908
1 4 1 7 0
6 4 6 3 1
7 4 6 4 0
2 4 1 4 1
6 4 6 8 0
4 3 3 3 1
4 1 6 1 0
3 4 2 4 1
8 4 6 4 0
4 5 6 5 1
0 5 4 5 0
2 4 2 3 1
GAMEOVER TIMEOUT WINNER 1
# Game ended: Sat Apr 07 16:38:02 EDT 2018
