# Server version 0.08 running on 192.168.1.32:8123
# Game ID: 404
# Board class: tablut.TablutBoard
# Timeout: 2000
# First Move Timeout: 30000
# Date: Sat Apr 07 19:02:29 EDT 2018
# Player 1: Player-0, '260614908', running on localhost
# Player 2: Player-1, '260608103', running on localhost
START Player-0 260614908
START Player-1 260608103
8 5 7 5 0
2 4 2 7 1
3 0 2 0 0
2 7 2 6 1
8 4 8 5 0
4 3 5 3 1
0 3 4 3 0
3 4 3 3 1
4 1 4 2 0
4 5 3 5 1
1 4 2 4 0
6 4 6 7 1
8 5 8 4 0
3 5 2 5 1
8 4 8 5 0
3 3 2 3 1
3 8 3 4 0
2 5 2 4 1
8 5 8 4 0
2 6 0 6 1
8 4 8 5 0
6 7 6 6 1
8 5 8 4 0
6 6 6 4 1
8 4 8 5 0
4 6 7 6 1
8 5 8 4 0
4 4 4 5 1
0 5 1 5 0
2 4 2 7 1
8 4 8 5 0
5 3 5 2 1
8 5 8 4 0
5 4 2 4 1
8 4 8 5 0
4 5 3 5 1
8 5 8 4 0
3 5 3 2 1
1 5 1 2 0
3 2 3 4 1
1 2 1 1 0
3 4 3 8 1
8 4 8 5 0
3 8 0 8 1
GAMEOVER WINNER 1
# Game ended: Sat Apr 07 19:02:37 EDT 2018
