# Server version 0.08 running on 192.168.1.32:8123
# Game ID: 403
# Board class: tablut.TablutBoard
# Timeout: 2000
# First Move Timeout: 30000
# Date: Sat Apr 07 19:00:14 EDT 2018
# Player 1: Player-0, '260608103', running on localhost
# Player 2: Player-1, '260614908', running on localhost
START Player-0 260608103
START Player-1 260614908
5 8 6 8 0
6 4 6 3 1
6 8 6 4 0
4 3 1 3 1
0 5 3 5 0
2 4 2 5 1
1 4 2 4 0
1 3 2 3 1
6 4 6 5 0
2 5 1 5 1
4 7 5 7 0
2 3 1 3 1
3 8 3 2 0
4 2 5 2 1
4 8 3 8 0
1 3 1 2 1
7 4 7 7 0
1 2 1 1 1
4 1 7 1 0
4 5 3 5 1
7 1 7 6 0
1 5 0 5 1
7 6 7 1 0
0 5 1 5 1
3 8 4 8 0
1 5 0 5 1
7 1 6 1 0
0 5 1 5 1
6 1 2 1 0
1 5 0 5 1
0 3 0 1 0
6 3 0 3 1
0 1 0 2 0
0 5 0 4 1
5 0 6 0 0
0 4 1 4 1
2 1 0 1 0
5 2 5 1 1
3 2 3 3 0
5 1 4 1 1
0 2 4 2 0
0 3 0 2 1
4 2 6 2 0
0 2 1 2 1
7 7 7 1 0
1 2 0 2 1
6 2 2 2 0
0 2 1 2 1
8 5 7 5 0
1 2 0 2 1
5 7 5 3 0
0 2 1 2 1
7 1 2 1 0
1 2 0 2 1
6 5 6 1 0
0 2 1 2 1
2 2 7 2 0
1 2 0 2 1
5 3 5 7 0
0 2 1 2 1
2 1 2 0 0
1 2 0 2 1
6 1 6 7 0
0 2 1 2 1
4 8 2 8 0
1 2 0 2 1
2 8 2 7 0
0 2 1 2 1
2 0 2 6 0
1 2 0 2 1
8 4 7 4 0
0 2 1 2 1
7 4 8 4 0
1 2 0 2 1
6 0 6 3 0
0 2 1 2 1
5 7 5 8 0
1 2 0 2 1
7 2 3 2 0
0 2 1 2 1
7 5 7 1 0
1 2 0 2 1
6 7 6 8 0
0 2 1 2 1
2 6 2 0 0
1 2 0 2 1
2 0 2 2 0
0 2 1 2 1
6 8 6 6 0
1 2 0 2 1
2 7 2 8 0
0 2 1 2 1
3 3 1 3 0
1 2 0 2 1
1 3 2 3 0
0 2 1 2 1
6 3 5 3 0
1 2 0 2 1
5 8 4 8 0
0 2 0 1 1
GAMEOVER DRAW
# Game ended: Sat Apr 07 19:01:19 EDT 2018
