# Server version 0.08 running on 192.168.1.32:8123
# Game ID: 3
# Board class: tablut.TablutBoard
# Timeout: 2000
# First Move Timeout: 30000
# Date: Fri Apr 06 00:32:05 EDT 2018
# Player 1: Player-0, 'RandomPlayer', running on 192.168.1.32
# Player 2: Player-1, 'GreedyPlayer', running on 192.168.1.32
START Player-0 RandomPlayer
START Player-1 GreedyPlayer
7 4 7 5 0
2 4 2 5 1
7 5 6 5 0
4 6 6 6 1
0 5 0 7 0
6 6 0 6 1
1 4 1 0 0
2 5 2 0 1
3 8 2 8 0
4 3 3 3 1
8 5 8 7 0
0 6 8 6 1
5 0 5 1 0
4 4 4 3 1
0 3 2 3 0
4 3 7 3 1
2 8 1 8 0
7 3 7 0 1
4 8 2 8 0
7 0 8 0 1
GAMEOVER WINNER 1
# Game ended: Fri Apr 06 00:32:05 EDT 2018
