# Server version 0.08 running on 192.168.1.32:8123
# Game ID: 464
# Board class: tablut.TablutBoard
# Timeout: 2000
# First Move Timeout: 30000
# Date: Sat Apr 07 20:17:13 EDT 2018
# Player 1: Player-0, '260614908', running on localhost
# Player 2: Player-1, '260608103', running on localhost
START Player-0 260614908
START Player-1 260608103
8 5 7 5 0
4 6 3 6 1
3 0 2 0 0
4 5 1 5 1
8 4 8 5 0
4 3 1 3 1
8 5 8 4 0
5 4 5 1 1
8 3 4 3 0
3 4 3 1 1
8 4 8 3 0
3 6 3 2 1
4 3 4 1 0
5 1 7 1 1
8 3 2 3 0
7 1 5 1 1
3 8 2 8 0
3 2 2 2 1
4 0 4 1 0
2 2 6 2 1
7 5 2 5 0
6 2 6 0 1
0 4 1 4 0
3 1 3 8 1
7 4 7 0 0
6 4 6 0 1
2 5 8 5 0
3 8 3 1 1
8 5 8 4 0
4 4 4 0 1
8 4 7 4 0
2 4 2 7 1
0 5 0 4 0
2 7 2 3 1
4 8 3 8 0
6 0 6 5 1
7 4 7 0 0
6 5 6 0 1
1 4 7 4 0
6 0 6 3 1
7 4 7 0 0
4 0 6 0 1
3 8 3 7 0
6 0 8 0 1
GAMEOVER WINNER 1
# Game ended: Sat Apr 07 20:17:19 EDT 2018
