# Server version 0.08 running on 192.168.1.32:8123
# Game ID: 49
# Board class: tablut.TablutBoard
# Timeout: 2000
# First Move Timeout: 30000
# Date: Sat Apr 07 06:11:15 EDT 2018
# Player 1: Player-0, 'GreedyPlayer', running on 192.168.1.32
# Player 2: Player-1, '260614908', running on 192.168.1.32
START Player-0 GreedyPlayer
START Player-1 260614908
1 4 1 2 0
6 4 6 3 1
7 4 6 4 0
4 4 5 4 1
3 0 3 2 0
4 2 8 2 1
4 1 8 1 0
5 4 5 5 1
4 0 4 2 0
5 5 5 1 1
4 2 5 2 0
GAMEOVER WINNER 0
# Game ended: Sat Apr 07 06:11:17 EDT 2018
