# Server version 0.08 running on 192.168.1.32:8123
# Game ID: 597
# Board class: tablut.TablutBoard
# Timeout: 2000
# First Move Timeout: 30000
# Date: Sun Apr 08 00:20:57 EDT 2018
# Player 1: Player-0, '260727743', running on localhost
# Player 2: Player-1, '260614908', running on localhost
START Player-0 260727743
START Player-1 260614908
8 5 7 5 0
6 4 6 3 1
7 4 6 4 0
4 3 1 3 1
5 8 5 5 0
2 4 2 3 1
3 8 3 5 0
2 3 2 5 1
1 4 1 5 0
4 6 3 6 1
0 4 2 4 0
1 3 1 2 1
0 3 4 3 0
1 2 4 2 1
5 0 6 0 0
4 2 6 2 1
0 5 0 2 0
4 4 3 4 1
5 5 3 5 0
6 2 3 2 1
6 0 6 2 0
3 4 3 3 1
4 7 3 7 0
3 3 1 3 1
3 0 1 0 0
1 3 3 3 1
2 4 2 2 0
3 3 1 3 1
8 3 2 3 0
3 2 3 3 1
2 2 2 3 0
3 3 3 2 1
0 2 0 3 0
GAMEOVER WINNER 0
# Game ended: Sun Apr 08 00:21:35 EDT 2018
