# Server version 0.08 running on 192.168.1.32:8123
# Game ID: 494
# Board class: tablut.TablutBoard
# Timeout: 2000
# First Move Timeout: 30000
# Date: Sat Apr 07 21:30:50 EDT 2018
# Player 1: Player-0, '260614908', running on localhost
# Player 2: Player-1, '260727743', running on localhost
START Player-0 260614908
START Player-1 260727743
8 5 7 5 0
6 4 6 3 1
3 0 2 0 0
4 6 5 6 1
8 4 8 5 0
5 4 5 1 1
7 4 5 4 0
6 3 6 4 1
8 5 8 4 0
3 4 3 1 1
3 8 3 4 0
4 5 5 5 1
8 4 7 4 0
6 4 6 3 1
8 3 7 3 0
5 1 6 1 1
7 3 7 2 0
6 1 7 1 1
1 4 1 3 0
6 3 7 3 1
5 0 5 2 0
4 3 3 3 1
0 4 1 4 0
5 5 3 5 1
0 5 2 5 0
7 3 7 2 1
4 8 3 8 0
7 2 6 2 1
7 5 4 5 0
5 6 4 6 1
2 0 2 1 0
4 4 4 3 1
7 4 7 3 0
4 2 4 1 1
1 3 1 2 0
4 3 5 3 1
4 0 5 0 0
5 3 5 4 1
7 3 8 3 0
5 4 6 4 1
4 7 6 7 0
6 2 8 2 1
1 2 6 2 0
6 4 8 4 1
2 5 8 5 0
8 2 7 2 1
8 5 7 5 0
8 4 8 0 1
GAMEOVER WINNER 1
# Game ended: Sat Apr 07 21:32:17 EDT 2018
