# Server version 0.08 running on 192.168.1.32:8123
# Game ID: 277
# Board class: tablut.TablutBoard
# Timeout: 2000
# First Move Timeout: 30000
# Date: Sat Apr 07 16:20:30 EDT 2018
# Player 1: Player-0, '260608103', running on localhost
# Player 2: Player-1, '260614908', running on localhost
START Player-0 260608103
START Player-1 260614908
1 4 1 1 0
3 4 3 3 1
4 7 3 7 0
6 4 6 3 1
7 4 6 4 0
4 4 5 4 1
6 4 6 6 0
5 4 5 2 1
4 1 2 1 0
5 2 7 2 1
2 1 5 1 0
2 4 1 4 1
8 4 2 4 0
4 3 5 3 1
8 3 7 3 0
7 2 7 1 1
6 6 7 6 0
5 3 4 3 1
5 1 5 3 0
4 5 3 5 1
7 3 7 2 0
7 1 6 1 1
5 3 8 3 0
4 3 5 3 1
2 4 3 4 0
5 3 4 3 1
3 0 3 2 0
6 1 6 3 1
7 2 5 2 0
4 3 3 3 1
0 4 3 4 0
3 5 2 5 1
3 4 7 4 0
2 5 1 5 1
8 5 2 5 0
6 3 6 1 1
3 7 3 6 0
6 1 7 1 1
5 2 5 6 0
7 1 6 1 1
2 5 2 6 0
6 1 7 1 1
2 6 2 3 0
7 1 6 1 1
3 6 3 4 0
6 1 7 1 1
3 4 3 3 0
7 1 6 1 1
7 4 7 5 0
6 1 7 1 1
7 5 1 5 0
7 1 6 1 1
7 6 7 4 0
6 1 7 1 1
5 6 4 6 0
7 1 6 1 1
3 2 5 2 0
6 1 7 1 1
2 3 2 5 0
7 1 6 1 1
5 2 5 6 0
6 1 7 1 1
7 4 7 7 0
7 1 6 1 1
0 5 0 4 0
6 1 7 1 1
0 4 8 4 0
7 1 6 1 1
3 3 5 3 0
6 1 7 1 1
0 3 0 6 0
7 1 6 1 1
2 5 2 4 0
6 1 7 1 1
1 1 2 1 0
7 1 6 1 1
5 3 1 3 0
6 1 7 1 1
3 8 3 0 0
7 1 6 1 1
5 0 6 0 0
6 1 7 1 1
0 6 0 3 0
7 1 7 0 1
1 3 1 0 0
7 0 8 0 1
GAMEOVER WINNER 1
# Game ended: Sat Apr 07 16:20:59 EDT 2018
