# Server version 0.08 running on 192.168.1.32:8123
# Game ID: 438
# Board class: tablut.TablutBoard
# Timeout: 2000
# First Move Timeout: 30000
# Date: Sat Apr 07 19:53:42 EDT 2018
# Player 1: Player-0, '260614908', running on localhost
# Player 2: Player-1, '260620385', running on localhost
START Player-0 260614908
START Player-1 260620385
8 5 7 5 0
6 4 6 3 1
3 0 2 0 0
2 4 2 3 1
8 4 8 5 0
2 3 2 2 1
8 5 8 4 0
4 3 3 3 1
8 4 8 5 0
3 4 3 5 1
8 5 8 4 0
4 4 2 4 1
8 4 8 5 0
2 4 2 7 1
8 5 8 4 0
3 3 2 3 1
8 4 8 5 0
2 3 1 3 1
8 5 8 4 0
2 7 1 7 1
8 4 8 5 0
5 4 5 3 1
8 5 8 4 0
5 3 4 3 1
8 4 8 5 0
4 3 3 3 1
8 5 8 4 0
3 3 2 3 1
8 4 8 5 0
2 3 3 3 1
8 5 8 4 0
3 3 2 3 1
8 4 8 5 0
2 3 3 3 1
8 5 8 4 0
3 3 2 3 1
8 4 8 5 0
2 3 3 3 1
8 5 8 4 0
3 3 2 3 1
8 4 8 5 0
2 3 3 3 1
8 5 8 4 0
3 3 2 3 1
8 4 8 5 0
2 3 3 3 1
8 5 8 4 0
3 3 2 3 1
8 4 8 5 0
2 3 3 3 1
8 5 8 4 0
3 3 2 3 1
8 4 8 5 0
2 3 3 3 1
8 5 8 4 0
3 3 2 3 1
8 4 8 5 0
2 3 3 3 1
8 5 8 4 0
3 3 2 3 1
8 4 8 5 0
2 3 3 3 1
8 5 8 4 0
3 3 2 3 1
8 4 8 5 0
2 3 3 3 1
8 5 8 4 0
3 3 2 3 1
8 4 8 5 0
2 3 3 3 1
8 5 8 4 0
3 3 2 3 1
8 4 8 5 0
2 3 3 3 1
8 5 8 4 0
3 3 2 3 1
8 4 8 5 0
2 3 3 3 1
8 5 8 4 0
3 3 2 3 1
8 4 8 5 0
2 3 3 3 1
8 5 8 4 0
3 3 2 3 1
8 4 8 5 0
2 3 3 3 1
8 5 8 4 0
3 3 2 3 1
8 4 8 5 0
2 3 3 3 1
8 5 8 4 0
3 3 2 3 1
8 4 8 5 0
2 3 3 3 1
8 5 8 4 0
3 3 2 3 1
8 4 8 5 0
2 3 3 3 1
1 4 2 4 0
1 7 0 7 1
GAMEOVER DRAW
# Game ended: Sat Apr 07 19:54:00 EDT 2018
