# Server version 0.08 running on 192.168.1.32:8123
# Game ID: 573
# Board class: tablut.TablutBoard
# Timeout: 2000
# First Move Timeout: 30000
# Date: Sat Apr 07 23:46:00 EDT 2018
# Player 1: Player-0, '260727743', running on localhost
# Player 2: Player-1, '260614908', running on localhost
START Player-0 260727743
START Player-1 260614908
8 5 7 5 0
4 6 8 6 1
4 7 4 6 0
5 4 5 6 1
5 0 5 4 0
8 6 6 6 1
7 4 6 4 0
4 2 2 2 1
4 1 4 2 0
3 4 3 6 1
3 0 3 4 0
2 2 2 4 1
5 8 5 7 0
5 6 5 5 1
5 7 5 6 0
6 6 7 6 1
3 8 3 7 0
7 6 8 6 1
0 5 3 5 0
2 4 2 8 1
8 4 7 4 0
2 8 3 8 1
8 3 7 3 0
8 6 8 4 1
7 3 6 3 0
8 4 8 2 1
0 4 0 5 0
8 2 8 3 1
4 8 4 7 0
3 8 1 8 1
4 2 3 2 0
8 3 8 5 1
3 5 3 6 0
1 8 6 8 1
7 5 7 8 0
6 8 6 7 1
5 6 8 6 0
4 4 3 4 1
7 8 7 7 0
8 5 6 5 1
3 6 6 6 0
6 7 6 8 1
5 4 5 8 0
3 4 3 5 1
0 5 2 5 0
3 5 5 5 1
6 4 5 4 0
5 5 4 5 1
7 7 7 8 0
4 5 4 3 1
5 8 6 8 0
4 3 4 4 1
2 5 1 5 0
4 4 4 5 1
6 6 5 6 0
4 5 4 3 1
4 7 4 5 0
4 3 2 3 1
4 5 2 5 0
2 3 2 0 1
1 4 1 0 0
2 0 2 1 1
1 0 3 0 0
2 1 3 1 1
2 5 2 4 0
3 1 2 1 1
3 0 2 0 0
2 1 1 1 1
2 0 2 1 0
1 1 1 2 1
8 6 7 6 0
1 2 1 3 1
6 3 2 3 0
GAMEOVER WINNER 0
# Game ended: Sat Apr 07 23:47:17 EDT 2018
