# Server version 0.08 running on 192.168.1.32:8123
# Game ID: 460
# Board class: tablut.TablutBoard
# Timeout: 2000
# First Move Timeout: 30000
# Date: Sat Apr 07 20:14:43 EDT 2018
# Player 1: Player-0, '260614908', running on localhost
# Player 2: Player-1, '260608103', running on localhost
START Player-0 260614908
START Player-1 260608103
8 5 7 5 0
2 4 2 1 1
1 4 2 4 0
4 6 3 6 1
3 0 2 0 0
2 1 0 1 1
8 4 8 5 0
4 5 2 5 1
2 4 2 1 0
6 4 6 6 1
7 4 6 4 0
3 6 3 1 1
2 1 2 3 0
4 3 7 3 1
6 4 6 3 0
4 4 4 5 1
0 3 0 2 0
2 5 2 4 1
0 5 2 5 0
3 1 3 0 1
4 7 6 7 0
6 6 6 4 1
7 5 6 5 0
4 2 8 2 1
0 2 6 2 0
3 0 3 7 1
8 5 7 5 0
8 2 7 2 1
8 3 8 2 0
3 7 3 3 1
4 1 4 3 0
4 5 4 4 1
6 2 5 2 0
4 4 8 4 1
7 5 8 5 0
8 4 8 3 1
8 5 8 4 0
GAMEOVER WINNER 0
# Game ended: Sat Apr 07 20:14:47 EDT 2018
