# Server version 0.08 running on 192.168.1.32:8123
# Game ID: 646
# Board class: tablut.TablutBoard
# Timeout: 2000
# First Move Timeout: 30000
# Date: Sun Apr 08 18:03:46 EDT 2018
# Player 1: Player-0, '260614908', running on localhost
# Player 2: Player-1, '260727743', running on localhost
START Player-0 260614908
START Player-1 260727743
0 3 0 2 0
5 4 5 5 1
0 2 2 2 0
5 5 7 5 1
4 1 8 1 0
4 3 7 3 1
3 0 3 3 0
4 2 3 2 1
8 5 8 7 0
3 2 8 2 1
3 8 3 7 0
4 6 8 6 1
5 8 5 2 0
4 4 5 4 1
2 2 4 2 0
5 4 5 8 1
4 7 8 7 0
5 8 8 8 1
GAMEOVER WINNER 1
# Game ended: Sun Apr 08 18:04:08 EDT 2018
