# Server version 0.08 running on 192.168.1.32:8123
# Game ID: 630
# Board class: tablut.TablutBoard
# Timeout: 2000
# First Move Timeout: 30000
# Date: Sun Apr 08 01:20:53 EDT 2018
# Player 1: Player-0, '260614908', running on localhost
# Player 2: Player-1, '260727743', running on localhost
START Player-0 260614908
START Player-1 260727743
8 5 7 5 0
6 4 6 3 1
3 0 2 0 0
5 4 5 7 1
8 4 8 5 0
3 4 3 7 1
8 5 8 4 0
4 4 5 4 1
8 4 8 5 0
5 4 5 6 1
8 5 8 6 0
4 6 4 7 1
1 4 1 6 0
5 6 4 6 1
3 8 2 8 0
5 7 7 7 1
8 3 7 3 0
6 3 6 2 1
0 4 1 4 0
4 6 6 6 1
5 8 6 8 0
6 2 7 2 1
7 4 6 4 0
6 6 4 6 1
4 8 3 8 0
2 4 2 3 1
3 8 4 8 0
7 2 8 2 1
4 8 3 8 0
3 7 3 3 1
3 8 3 7 0
2 3 2 7 1
4 0 3 0 0
2 7 2 5 1
3 0 4 0 0
4 3 5 3 1
4 0 3 0 0
4 5 3 5 1
3 0 4 0 0
5 3 4 3 1
4 0 3 0 0
4 6 6 6 1
3 0 4 0 0
6 6 5 6 1
4 0 3 0 0
5 6 4 6 1
3 0 4 0 0
4 3 5 3 1
4 0 3 0 0
3 5 4 5 1
3 0 4 0 0
4 5 4 3 1
4 0 3 0 0
5 3 5 7 1
3 0 4 0 0
4 3 5 3 1
4 0 3 0 0
4 2 3 2 1
3 0 4 0 0
4 6 4 2 1
4 0 3 0 0
8 2 8 4 1
3 0 4 0 0
4 2 8 2 1
4 1 8 1 0
8 2 8 3 1
8 1 8 2 0
3 3 3 8 1
4 0 3 0 0
5 3 6 3 1
3 0 4 0 0
2 5 6 5 1
4 0 3 0 0
4 7 4 1 1
3 0 4 0 0
4 1 8 1 1
7 5 7 2 0
8 1 7 1 1
GAMEOVER TIMEOUT WINNER 1
# Game ended: Sun Apr 08 01:22:22 EDT 2018
