# Server version 0.08 running on 192.168.1.32:8123
# Game ID: 603
# Board class: tablut.TablutBoard
# Timeout: 2000
# First Move Timeout: 30000
# Date: Sun Apr 08 00:33:45 EDT 2018
# Player 1: Player-0, '260727743', running on localhost
# Player 2: Player-1, '260608103', running on localhost
START Player-0 260727743
START Player-1 260608103
8 5 7 5 0
4 6 5 6 1
4 7 4 6 0
3 4 3 6 1
3 0 3 4 0
4 2 8 2 1
4 1 8 1 0
4 3 3 3 1
3 4 2 4 0
6 4 6 7 1
7 4 6 4 0
4 4 4 2 1
5 0 5 2 0
5 6 5 7 1
0 3 0 2 0
4 2 2 2 1
8 1 2 1 0
3 3 0 3 1
8 3 2 3 0
GAMEOVER WINNER 0
# Game ended: Sun Apr 08 00:34:07 EDT 2018
