# Server version 0.08 running on 192.168.1.32:8123
# Game ID: 208
# Board class: tablut.TablutBoard
# Timeout: 2000
# First Move Timeout: 30000
# Date: Sat Apr 07 14:42:22 EDT 2018
# Player 1: Player-0, '260614908', running on localhost
# Player 2: Player-1, 'RandomPlayer', running on localhost
START Player-0 260614908
START Player-1 RandomPlayer
8 5 7 5 0
2 4 2 1 1
3 0 2 0 0
6 4 6 3 1
8 4 8 5 0
4 6 1 6 1
8 5 8 4 0
3 4 3 7 1
1 4 3 4 0
2 1 2 8 1
8 4 8 5 0
5 4 5 5 1
7 4 5 4 0
2 8 2 4 1
8 5 8 4 0
6 3 6 8 1
8 4 7 4 0
6 8 6 5 1
3 8 2 8 0
4 2 2 2 1
8 3 7 3 0
1 6 0 6 1
7 3 6 3 0
2 2 6 2 1
0 4 1 4 0
0 6 3 6 1
4 8 3 8 0
6 5 6 4 1
3 8 4 8 0
5 5 5 6 1
4 8 3 8 0
3 6 3 5 1
3 8 4 8 0
4 3 1 3 1
7 4 7 3 0
2 4 2 7 1
7 3 3 3 0
3 5 3 6 1
4 8 3 8 0
6 2 0 2 1
3 8 4 8 0
5 6 5 2 1
4 8 3 8 0
6 4 6 2 1
7 5 7 4 0
4 4 4 3 1
5 8 5 3 0
0 2 0 1 1
4 1 4 2 0
GAMEOVER WINNER 0
# Game ended: Sat Apr 07 14:42:25 EDT 2018
