# Server version 0.08 running on 192.168.1.32:8123
# Game ID: 349
# Board class: tablut.TablutBoard
# Timeout: 2000
# First Move Timeout: 30000
# Date: Sat Apr 07 17:03:33 EDT 2018
# Player 1: Player-0, '260608103', running on localhost
# Player 2: Player-1, '260614908', running on localhost
START Player-0 260608103
START Player-1 260614908
4 1 2 1 0
6 4 6 3 1
7 4 6 4 0
2 4 2 3 1
1 4 2 4 0
2 3 1 3 1
2 4 2 3 0
4 3 3 3 1
6 4 6 5 0
4 5 3 5 1
6 5 4 5 0
3 5 2 5 1
5 8 5 5 0
2 5 1 5 1
2 3 2 5 0
4 2 3 2 1
8 3 8 2 0
3 2 2 2 1
2 5 2 3 0
4 4 3 4 1
4 5 4 3 0
3 4 3 3 1
5 5 5 3 0
6 3 6 2 1
5 3 5 2 0
6 2 6 1 1
4 3 4 6 0
3 3 3 2 1
2 3 7 3 0
3 2 1 2 1
4 7 7 7 0
6 1 5 1 1
4 6 3 6 0
1 2 3 2 1
7 7 7 4 0
3 2 1 2 1
5 2 2 2 0
1 2 1 6 1
8 2 5 2 0
1 6 0 6 1
2 2 2 8 0
0 6 0 8 1
GAMEOVER WINNER 1
# Game ended: Sat Apr 07 17:03:46 EDT 2018
