# Server version 0.08 running on 192.168.1.32:8123
# Game ID: 407
# Board class: tablut.TablutBoard
# Timeout: 2000
# First Move Timeout: 30000
# Date: Sat Apr 07 19:03:50 EDT 2018
# Player 1: Player-0, '260608103', running on localhost
# Player 2: Player-1, '260614908', running on localhost
START Player-0 260608103
START Player-1 260614908
8 3 7 3 0
6 4 6 1 1
7 4 6 4 0
6 1 8 1 1
8 4 8 2 0
4 6 3 6 1
4 7 4 6 0
2 4 2 8 1
1 4 2 4 0
2 8 2 5 1
2 4 2 1 0
2 5 3 5 1
2 1 2 6 0
3 5 3 1 1
3 8 3 2 0
4 2 7 2 1
3 2 4 2 0
7 2 7 1 1
7 3 4 3 0
4 4 2 4 1
6 4 6 1 0
2 4 2 0 1
8 2 8 1 0
2 0 0 0 1
GAMEOVER WINNER 1
# Game ended: Sat Apr 07 19:03:57 EDT 2018
