# Server version 0.08 running on 192.168.1.32:8123
# Game ID: 665
# Board class: tablut.TablutBoard
# Timeout: 2000
# First Move Timeout: 30000
# Date: Sun Apr 08 19:25:49 EDT 2018
# Player 1: Player-0, '260614908', running on localhost
# Player 2: Player-1, '260727743', running on localhost
START Player-0 260614908
START Player-1 260727743
4 1 0 1 0
4 2 0 2 1
3 8 2 8 0
4 3 7 3 1
2 8 2 6 0
4 5 7 5 1
4 8 2 8 0
4 4 4 2 1
1 4 1 1 0
3 4 3 1 1
4 0 4 1 0
5 4 5 1 1
5 8 5 2 0
6 4 6 2 1
0 3 4 3 0
6 2 6 1 1
5 0 5 2 0
6 1 6 2 1
3 0 5 0 0
4 2 4 0 1
1 1 1 0 0
4 0 2 0 1
0 5 6 5 0
2 0 0 0 1
GAMEOVER WINNER 1
# Game ended: Sun Apr 08 19:26:20 EDT 2018
