# Server version 0.08 running on 192.168.1.32:8123
# Game ID: 673
# Board class: tablut.TablutBoard
# Timeout: 2000
# First Move Timeout: 30000
# Date: Sun Apr 08 19:48:48 EDT 2018
# Player 1: Player-0, '260614908', running on localhost
# Player 2: Player-1, '260620385', running on localhost
START Player-0 260614908
START Player-1 260620385
7 4 7 3 0
6 4 6 2 1
5 8 5 6 0
5 4 5 3 1
8 4 5 4 0
4 5 5 5 1
0 5 0 7 0
2 4 2 7 1
1 4 1 6 0
4 4 6 4 1
1 6 1 1 0
6 4 6 7 1
5 6 5 7 0
6 7 7 7 1
GAMEOVER TIMEOUT WINNER 1
# Game ended: Sun Apr 08 19:49:02 EDT 2018
