# Server version 0.08 running on 192.168.1.32:8123
# Game ID: 671
# Board class: tablut.TablutBoard
# Timeout: 2000
# First Move Timeout: 30000
# Date: Sun Apr 08 19:48:02 EDT 2018
# Player 1: Player-0, '260614908', running on localhost
# Player 2: Player-1, '260620385', running on localhost
START Player-0 260614908
START Player-1 260620385
8 5 5 5 0
6 4 6 3 1
0 5 0 6 0
2 4 2 3 1
1 4 1 1 0
2 3 1 3 1
4 7 5 7 0
4 3 3 3 1
3 0 1 0 0
3 4 1 4 1
4 1 3 1 0
4 4 2 4 1
0 6 1 6 0
2 4 2 0 1
1 1 1 0 0
2 0 2 7 1
1 0 2 0 0
3 3 2 3 1
3 8 3 2 0
2 3 2 2 1
2 0 2 1 0
2 7 2 8 1
1 6 1 8 0
2 8 2 7 1
4 8 2 8 0
2 7 1 7 1
GAMEOVER TIMEOUT WINNER 1
# Game ended: Sun Apr 08 19:48:19 EDT 2018
