# Server version 0.08 running on 192.168.1.32:8123
# Game ID: 224
# Board class: tablut.TablutBoard
# Timeout: 2000
# First Move Timeout: 30000
# Date: Sat Apr 07 15:09:32 EDT 2018
# Player 1: Player-0, 'RandomPlayer', running on localhost
# Player 2: Player-1, '260614908', running on localhost
START Player-0 RandomPlayer
START Player-1 260614908
7 4 7 5 0
6 4 6 3 1
3 0 2 0 0
4 3 3 3 1
4 7 2 7 0
2 4 2 3 1
0 3 1 3 0
2 3 2 2 1
8 5 8 7 0
3 4 2 4 1
2 7 5 7 0
2 4 2 3 1
4 1 8 1 0
4 2 3 2 1
5 0 5 1 0
4 4 4 1 1
5 8 6 8 0
4 1 1 1 1
5 7 1 7 0
1 1 1 0 1
8 1 7 1 0
2 3 2 4 1
4 0 6 0 0
2 4 2 3 1
8 7 6 7 0
2 3 2 4 1
3 8 3 7 0
2 4 2 3 1
5 1 4 1 0
2 3 2 4 1
6 0 4 0 0
2 4 2 3 1
7 1 7 0 0
2 3 2 4 1
4 0 3 0 0
2 4 2 3 1
4 1 5 1 0
2 3 2 4 1
0 4 0 2 0
2 4 2 3 1
8 3 7 3 0
2 3 2 4 1
5 1 6 1 0
2 4 2 3 1
8 4 8 1 0
2 3 2 4 1
7 5 7 7 0
2 4 2 3 1
0 2 0 3 0
2 3 2 4 1
4 8 4 7 0
2 4 2 3 1
0 3 0 4 0
2 3 2 4 1
1 7 1 5 0
2 4 2 3 1
6 1 6 0 0
2 3 2 4 1
7 0 7 2 0
2 4 2 3 1
6 0 6 2 0
2 3 2 4 1
7 3 7 4 0
2 4 2 3 1
2 0 2 1 0
1 0 0 0 1
GAMEOVER WINNER 1
# Game ended: Sat Apr 07 15:09:35 EDT 2018
