# Server version 0.08 running on 192.168.1.32:8123
# Game ID: 325
# Board class: tablut.TablutBoard
# Timeout: 2000
# First Move Timeout: 30000
# Date: Sat Apr 07 16:46:50 EDT 2018
# Player 1: Player-0, '260608103', running on localhost
# Player 2: Player-1, '260614908', running on localhost
START Player-0 260608103
START Player-1 260614908
7 4 7 5 0
6 4 6 3 1
8 4 6 4 0
4 3 1 3 1
4 1 1 1 0
4 2 1 2 1
1 1 4 1 0
1 2 1 1 1
8 5 8 7 0
1 1 2 1 1
6 4 6 7 0
2 1 1 1 1
7 5 7 7 0
4 5 3 5 1
8 3 7 3 0
3 5 1 5 1
5 0 5 3 0
1 3 1 2 1
6 7 6 6 0
1 2 0 2 1
5 3 5 4 0
0 2 1 2 1
7 3 5 3 0
1 2 0 2 1
4 7 1 7 0
0 2 1 2 1
5 4 7 4 0
1 2 0 2 1
6 6 7 6 0
0 2 1 2 1
4 1 4 2 0
1 2 0 2 1
7 4 6 4 0
0 2 1 2 1
8 7 8 6 0
1 2 0 2 1
1 7 3 7 0
0 2 1 2 1
4 0 4 1 0
1 2 0 2 1
7 6 7 4 0
0 2 1 2 1
3 0 6 0 0
1 2 0 2 1
8 6 8 1 0
0 2 1 2 1
7 4 7 0 0
1 2 0 2 1
8 1 8 6 0
0 2 1 2 1
5 8 5 6 0
3 4 3 6 1
4 1 8 1 0
1 2 0 2 1
7 7 6 7 0
0 2 1 2 1
7 0 7 6 0
1 2 0 2 1
0 3 4 3 0
0 2 1 2 1
8 1 8 3 0
1 2 0 2 1
6 7 6 6 0
0 2 1 2 1
7 6 7 5 0
2 4 2 5 1
7 5 3 5 0
2 5 2 3 1
3 5 2 5 0
4 4 3 4 1
3 7 3 6 0
3 4 3 0 1
6 4 8 4 0
1 2 0 2 1
3 6 0 6 0
2 3 2 2 1
2 5 8 5 0
0 2 0 1 1
0 4 0 2 0
3 0 2 0 1
4 2 4 0 0
2 0 0 0 1
GAMEOVER WINNER 1
# Game ended: Sat Apr 07 16:47:33 EDT 2018
