# Server version 0.08 running on 192.168.1.32:8123
# Game ID: 638
# Board class: tablut.TablutBoard
# Timeout: 2000
# First Move Timeout: 30000
# Date: Sun Apr 08 17:51:05 EDT 2018
# Player 1: Player-0, '260614908', running on localhost
# Player 2: Player-1, '260727743', running on localhost
START Player-0 260614908
START Player-1 260727743
8 3 7 3 0
6 4 6 3 1
0 5 0 7 0
4 6 0 6 1
0 3 3 3 0
2 4 2 3 1
4 7 1 7 0
5 4 5 1 1
3 8 1 8 0
2 3 2 8 1
3 0 3 1 0
6 3 5 3 1
5 8 6 8 0
5 3 6 3 1
8 4 8 1 0
4 2 8 2 1
1 7 0 7 0
8 2 8 3 1
7 4 7 6 0
8 3 7 3 1
8 5 8 4 0
4 4 6 4 1
6 8 6 5 0
0 6 6 6 1
4 0 2 0 0
6 6 0 6 1
1 4 1 1 0
6 3 5 3 1
5 0 6 0 0
6 4 6 8 1
7 6 7 8 0
6 8 6 2 1
3 1 3 0 0
6 2 8 2 1
6 0 6 1 0
8 2 8 0 1
GAMEOVER WINNER 1
# Game ended: Sun Apr 08 17:51:42 EDT 2018
