# Server version 0.08 running on 192.168.1.32:8123
# Game ID: 636
# Board class: tablut.TablutBoard
# Timeout: 2000
# First Move Timeout: 30000
# Date: Sun Apr 08 17:49:18 EDT 2018
# Player 1: Player-0, '260614908', running on localhost
# Player 2: Player-1, '260727743', running on localhost
START Player-0 260614908
START Player-1 260727743
1 4 1 0 0
2 4 2 0 1
5 8 5 7 0
3 4 3 6 1
0 5 0 7 0
3 6 0 6 1
5 7 5 8 0
4 4 1 4 1
4 1 1 1 0
1 4 1 7 1
5 8 7 8 0
1 7 0 7 1
8 3 5 3 0
0 7 0 8 1
GAMEOVER WINNER 1
# Game ended: Sun Apr 08 17:49:33 EDT 2018
