# Server version 0.08 running on 192.168.1.32:8123
# Game ID: 467
# Board class: tablut.TablutBoard
# Timeout: 2000
# First Move Timeout: 30000
# Date: Sat Apr 07 20:19:16 EDT 2018
# Player 1: Player-0, '260608103', running on localhost
# Player 2: Player-1, '260614908', running on localhost
START Player-0 260608103
START Player-1 260614908
4 1 6 1 0
6 4 6 3 1
7 4 6 4 0
4 3 1 3 1
6 1 6 2 0
1 3 1 2 1
8 3 5 3 0
1 2 0 2 1
4 7 3 7 0
0 2 1 2 1
3 0 2 0 0
1 2 0 2 1
4 8 4 7 0
0 2 1 2 1
3 7 1 7 0
1 2 0 2 1
5 3 5 7 0
0 2 1 2 1
8 4 7 4 0
1 2 0 2 1
4 7 3 7 0
0 2 1 2 1
7 4 7 3 0
1 2 0 2 1
6 4 6 8 0
0 2 1 2 1
5 7 4 7 0
1 2 0 2 1
5 0 5 6 0
3 4 3 6 1
0 5 3 5 0
2 4 2 5 1
3 7 3 6 0
4 5 3 5 1
1 4 3 4 0
2 5 2 4 1
6 2 6 3 0
0 2 1 2 1
0 3 3 3 0
1 2 0 2 1
1 7 1 5 0
0 2 1 2 1
4 0 5 0 0
1 2 0 2 1
5 6 7 6 0
0 2 1 2 1
0 4 0 5 0
1 2 0 2 1
7 3 7 1 0
0 2 1 2 1
6 3 8 3 0
1 2 0 2 1
1 5 1 3 0
2 4 2 3 1
8 5 2 5 0
0 2 0 3 1
3 3 5 3 0
2 3 1 3 1
7 6 7 3 0
1 3 1 2 1
7 1 1 1 0
1 2 0 2 1
6 8 6 6 0
0 2 0 1 1
6 6 8 6 0
0 1 0 2 1
1 1 2 1 0
0 2 0 1 1
2 5 2 4 0
0 1 1 1 1
8 6 8 5 0
1 1 0 1 1
2 4 3 4 0
0 1 1 1 1
2 1 2 5 0
1 1 0 1 1
3 4 3 3 0
0 1 1 1 1
3 3 3 5 0
1 1 0 1 1
5 8 5 6 0
0 1 1 1 1
7 3 7 5 0
1 1 0 1 1
8 3 7 3 0
0 1 1 1 1
3 5 6 5 0
1 1 0 1 1
3 8 4 8 0
0 1 1 1 1
4 8 6 8 0
1 1 0 1 1
2 5 3 5 0
0 1 1 1 1
2 0 2 7 0
1 1 0 1 1
7 3 8 3 0
0 1 1 1 1
5 0 2 0 0
1 1 0 1 1
GAMEOVER DRAW
# Game ended: Sat Apr 07 20:20:17 EDT 2018
