# Server version 0.08 running on 192.168.1.32:8123
# Game ID: 642
# Board class: tablut.TablutBoard
# Timeout: 2000
# First Move Timeout: 30000
# Date: Sun Apr 08 17:55:11 EDT 2018
# Player 1: Player-0, '260614908', running on localhost
# Player 2: Player-1, '260727743', running on localhost
START Player-0 260614908
START Player-1 260727743
8 5 7 5 0
6 4 6 3 1
7 5 7 6 0
5 4 5 1 1
1 4 1 6 0
3 4 3 1 1
3 8 3 4 0
5 1 4 1 1
4 7 8 7 0
2 4 2 1 1
3 4 3 3 0
2 1 2 3 1
3 0 2 0 0
4 4 3 4 1
5 8 5 3 0
3 4 3 8 1
1 6 1 8 0
3 8 2 8 1
8 3 7 3 0
2 8 0 8 1
GAMEOVER WINNER 1
# Game ended: Sun Apr 08 17:55:33 EDT 2018
