# Server version 0.08 running on 192.168.1.32:8123
# Game ID: 576
# Board class: tablut.TablutBoard
# Timeout: 2000
# First Move Timeout: 30000
# Date: Sat Apr 07 23:50:46 EDT 2018
# Player 1: Player-0, '260614908', running on localhost
# Player 2: Player-1, '260727743', running on localhost
START Player-0 260614908
START Player-1 260727743
7 4 7 3 0
4 6 3 6 1
4 1 8 1 0
4 2 8 2 1
4 7 7 7 0
8 2 4 2 1
7 7 0 7 0
3 6 0 6 1
4 8 4 6 0
5 4 5 6 1
3 0 3 3 0
2 4 2 3 1
4 6 4 7 0
3 4 3 7 1
4 7 6 7 0
4 4 3 4 1
7 3 7 5 0
3 4 3 0 1
1 4 1 0 0
3 0 2 0 1
8 3 8 2 0
2 0 0 0 1
GAMEOVER WINNER 1
# Game ended: Sat Apr 07 23:51:11 EDT 2018
