# Server version 0.08 running on 192.168.1.32:8123
# Game ID: 509
# Board class: tablut.TablutBoard
# Timeout: 2000
# First Move Timeout: 30000
# Date: Sat Apr 07 22:06:47 EDT 2018
# Player 1: Player-0, '260727743', running on localhost
# Player 2: Player-1, '260614908', running on localhost
START Player-0 260727743
START Player-1 260614908
8 5 7 5 0
6 4 6 3 1
7 4 6 4 0
2 4 2 3 1
1 4 2 4 0
2 3 1 3 1
2 4 2 3 0
4 3 3 3 1
3 0 2 0 0
3 3 3 2 1
2 3 4 3 0
4 5 3 5 1
7 5 4 5 0
3 5 2 5 1
5 8 5 2 0
3 2 2 2 1
5 2 6 2 0
2 2 1 2 1
0 3 1 3 0
1 2 0 2 1
1 3 0 3 0
0 2 0 1 1
6 2 0 2 0
4 4 3 4 1
5 0 5 6 0
3 4 2 4 1
5 6 2 6 0
2 4 1 4 1
2 0 2 4 0
GAMEOVER WINNER 0
# Game ended: Sat Apr 07 22:07:45 EDT 2018
