# Server version 0.08 running on 192.168.1.32:8123
# Game ID: 652
# Board class: tablut.TablutBoard
# Timeout: 2000
# First Move Timeout: 30000
# Date: Sun Apr 08 18:10:37 EDT 2018
# Player 1: Player-0, '260614908', running on localhost
# Player 2: Player-1, '260727743', running on localhost
START Player-0 260614908
START Player-1 260727743
8 3 6 3 0
4 2 6 2 1
4 7 6 7 0
6 2 4 2 1
8 5 6 5 0
4 6 6 6 1
5 0 6 0 0
4 5 7 5 1
5 8 7 8 0
4 3 7 3 1
8 4 8 3 0
7 3 4 3 1
8 3 5 3 0
6 4 6 3 1
4 8 4 5 0
5 4 5 1 1
4 5 4 8 0
4 4 8 4 1
4 1 2 1 0
8 4 8 8 1
GAMEOVER WINNER 1
# Game ended: Sun Apr 08 18:10:58 EDT 2018
