# Server version 0.08 running on 192.168.1.32:8123
# Game ID: 286
# Board class: tablut.TablutBoard
# Timeout: 2000
# First Move Timeout: 30000
# Date: Sat Apr 07 16:24:12 EDT 2018
# Player 1: Player-0, '260614908', running on localhost
# Player 2: Player-1, 'GreedyPlayer', running on localhost
START Player-0 260614908
START Player-1 GreedyPlayer
8 5 7 5 0
4 2 5 2 1
4 1 4 2 0
3 4 3 2 1
3 8 3 4 0
4 4 4 1 1
8 3 4 3 0
3 2 4 2 1
3 0 2 0 0
4 1 0 1 1
0 3 0 2 0
GAMEOVER WINNER 0
# Game ended: Sat Apr 07 16:24:14 EDT 2018
