# Server version 0.08 running on 10.0.30.92:8123
# Game ID: 419
# Board class: tablut.TablutBoard
# Timeout: 2000
# First Move Timeout: 30000
# Date: Sat Apr 07 19:21:50 EDT 2018
# Player 1: Player-0, '260620385', running on localhost
# Player 2: Player-1, '260614908', running on localhost
START Player-0 260620385
START Player-1 260614908
8 5 6 5 0
4 3 1 3 1
8 3 4 3 0
6 4 6 2 1
4 3 2 3 0
6 2 2 2 1
3 0 3 2 0
2 4 2 3 1
1 4 1 2 0
5 4 5 3 1
1 2 2 2 0
2 3 2 4 1
7 4 5 4 0
5 3 3 3 1
2 2 2 3 0
3 3 6 3 1
8 4 6 4 0
2 4 2 5 1
3 2 6 2 0
3 4 2 4 1
3 8 3 5 0
4 4 3 4 1
5 4 5 5 0
4 6 3 6 1
5 5 3 5 0
3 4 3 2 1
2 3 2 2 0
3 2 3 4 1
6 5 3 5 0
3 4 4 4 1
2 2 2 1 0
4 4 3 4 1
6 2 3 2 0
2 4 2 3 1
3 2 3 3 0
2 3 2 4 1
0 4 1 4 0
3 4 4 4 1
3 3 3 5 0
4 4 3 4 1
4 0 3 0 0
2 4 2 3 1
3 0 3 3 0
2 3 2 4 1
4 1 4 6 0
3 4 4 4 1
3 3 3 1 0
2 4 2 3 1
3 1 3 5 0
4 4 3 4 1
4 8 2 8 0
2 3 6 3 1
1 4 2 4 0
3 4 3 0 1
2 1 2 0 0
3 0 3 5 1
5 0 6 0 0
3 5 8 5 1
0 3 1 3 0
8 5 8 4 1
2 8 3 8 0
8 4 8 3 1
5 8 5 0 0
8 3 8 2 1
2 4 2 3 0
2 5 1 5 1
4 6 6 6 0
1 5 1 4 1
4 7 7 7 0
1 4 0 4 1
2 3 2 7 0
0 4 0 3 1
2 0 2 2 0
0 3 0 2 1
0 5 0 4 0
0 2 0 1 1
6 4 5 4 0
0 1 1 1 1
2 2 2 4 0
1 1 0 1 1
5 0 2 0 0
0 1 1 1 1
6 0 3 0 0
1 1 0 1 1
3 8 4 8 0
0 1 1 1 1
2 4 2 2 0
1 1 0 1 1
4 8 3 8 0
0 1 1 1 1
0 4 0 3 0
1 1 0 1 1
2 2 7 2 0
0 1 1 1 1
6 6 4 6 0
1 1 0 1 1
5 4 2 4 0
0 1 1 1 1
1 3 1 5 0
8 2 8 0 1
GAMEOVER WINNER 1
# Game ended: Sat Apr 07 19:22:07 EDT 2018
