# Server version 0.08 running on 192.168.1.32:8123
# Game ID: 193
# Board class: tablut.TablutBoard
# Timeout: 2000
# First Move Timeout: 30000
# Date: Sat Apr 07 14:37:54 EDT 2018
# Player 1: Player-0, 'RandomPlayer', running on 192.168.1.32
# Player 2: Player-1, '260614908', running on 192.168.1.32
START Player-0 RandomPlayer
START Player-1 260614908
7 4 7 5 0
6 4 6 3 1
3 0 2 0 0
4 3 3 3 1
4 7 7 7 0
2 4 2 3 1
2 0 2 1 0
2 3 1 3 1
2 1 0 1 0
3 4 2 4 1
8 3 7 3 0
2 4 2 3 1
3 8 3 6 0
4 2 3 2 1
8 4 8 3 0
3 2 2 2 1
5 0 5 1 0
4 4 4 2 1
5 1 6 1 0
2 2 2 1 1
3 6 3 8 0
4 2 0 2 1
5 8 5 5 0
2 3 2 2 1
7 3 7 4 0
2 2 1 2 1
7 7 4 7 0
4 5 3 5 1
3 8 3 7 0
1 2 1 1 1
4 0 1 0 0
5 4 3 4 1
4 8 5 8 0
3 4 2 4 1
7 4 8 4 0
2 4 2 3 1
3 7 2 7 0
2 3 2 2 1
7 5 7 8 0
2 2 1 2 1
5 8 5 6 0
1 2 2 2 1
5 6 7 6 0
2 2 1 2 1
1 4 6 4 0
1 2 2 2 1
5 5 4 5 0
2 2 1 2 1
6 4 5 4 0
1 2 2 2 1
4 7 4 6 0
2 2 1 2 1
4 6 6 6 0
1 2 2 2 1
5 4 5 5 0
2 2 1 2 1
6 6 6 4 0
1 2 2 2 1
7 6 4 6 0
2 2 1 2 1
2 7 2 3 0
1 2 2 2 1
0 3 1 3 0
2 2 1 2 1
1 3 1 4 0
1 2 2 2 1
4 6 0 6 0
2 2 1 2 1
5 5 6 5 0
1 2 2 2 1
1 4 2 4 0
2 2 1 2 1
2 4 3 4 0
1 2 2 2 1
6 4 5 4 0
2 2 1 2 1
0 6 2 6 0
1 2 2 2 1
5 4 5 7 0
2 2 1 2 1
4 1 5 1 0
1 2 2 2 1
5 1 3 1 0
2 2 1 2 1
7 8 7 5 0
1 2 2 2 1
1 0 5 0 0
2 2 1 2 1
2 3 2 4 0
1 2 2 2 1
8 3 8 1 0
2 2 1 2 1
5 0 1 0 0
1 2 2 2 1
7 5 7 8 0
2 2 1 2 1
2 4 1 4 0
1 2 2 2 1
1 4 1 3 0
0 2 0 1 1
GAMEOVER DRAW
# Game ended: Sat Apr 07 14:38:00 EDT 2018
