# Server version 0.08 running on 10.0.30.92:8123
# Game ID: 424
# Board class: tablut.TablutBoard
# Timeout: 2000
# First Move Timeout: 30000
# Date: Sat Apr 07 19:31:25 EDT 2018
# Player 1: Player-0, '260614908', running on localhost
# Player 2: Player-1, '260620385', running on localhost
START Player-0 260614908
START Player-1 260620385
8 5 7 5 0
6 4 6 3 1
7 4 6 4 0
4 4 5 4 1
3 0 2 0 0
4 3 3 3 1
8 4 7 4 0
3 3 2 3 1
3 8 2 8 0
2 3 3 3 1
8 3 7 3 0
5 4 5 3 1
6 4 6 6 0
5 3 5 2 1
7 3 7 2 0
5 2 5 3 1
7 4 7 3 0
3 3 2 3 1
4 0 3 0 0
2 3 3 3 1
3 0 4 0 0
3 3 2 3 1
4 0 3 0 0
2 3 3 3 1
3 0 4 0 0
3 3 2 3 1
4 0 3 0 0
2 3 3 3 1
3 0 4 0 0
3 3 2 3 1
4 0 3 0 0
2 3 3 3 1
3 0 4 0 0
3 3 2 3 1
4 0 3 0 0
2 3 3 3 1
3 0 4 0 0
3 3 2 3 1
4 0 3 0 0
2 3 3 3 1
3 0 4 0 0
3 3 2 3 1
4 0 3 0 0
2 3 3 3 1
3 0 4 0 0
3 3 2 3 1
4 0 3 0 0
2 3 3 3 1
3 0 4 0 0
3 3 2 3 1
4 0 3 0 0
2 3 3 3 1
3 0 4 0 0
3 3 2 3 1
4 0 3 0 0
2 3 3 3 1
3 0 4 0 0
3 3 2 3 1
4 0 3 0 0
2 3 3 3 1
3 0 4 0 0
3 3 2 3 1
4 0 3 0 0
2 3 3 3 1
3 0 4 0 0
3 3 2 3 1
4 0 3 0 0
2 3 3 3 1
3 0 4 0 0
3 3 2 3 1
4 0 3 0 0
2 3 3 3 1
3 0 4 0 0
3 3 2 3 1
4 0 3 0 0
2 3 3 3 1
3 0 4 0 0
3 3 2 3 1
4 0 3 0 0
2 3 3 3 1
3 0 4 0 0
3 3 2 3 1
4 0 3 0 0
2 3 3 3 1
3 0 4 0 0
3 3 2 3 1
4 0 3 0 0
2 3 3 3 1
3 0 4 0 0
3 3 2 3 1
4 0 3 0 0
2 3 3 3 1
3 0 4 0 0
3 3 2 3 1
4 0 3 0 0
2 3 3 3 1
3 0 4 0 0
5 3 4 3 1
5 0 5 3 0
2 4 2 3 1
GAMEOVER DRAW
# Game ended: Sat Apr 07 19:31:48 EDT 2018
