# Server version 0.08 running on 192.168.1.32:8123
# Game ID: 495
# Board class: tablut.TablutBoard
# Timeout: 2000
# First Move Timeout: 30000
# Date: Sat Apr 07 21:32:18 EDT 2018
# Player 1: Player-0, '260727743', running on localhost
# Player 2: Player-1, '260614908', running on localhost
START Player-0 260727743
START Player-1 260614908
8 5 7 5 0
6 4 6 3 1
7 4 6 4 0
4 3 1 3 1
5 8 5 5 0
2 4 2 3 1
3 8 3 5 0
2 3 2 5 1
5 5 4 5 0
2 5 1 5 1
0 4 2 4 0
1 5 1 6 1
2 4 2 3 0
1 6 1 2 1
5 0 5 7 0
1 2 0 2 1
2 3 4 3 0
0 2 1 2 1
4 3 2 3 0
1 2 1 1 1
5 7 5 2 0
1 1 1 6 1
5 2 6 2 0
1 6 1 4 1
3 0 2 0 0
1 4 0 4 1
8 4 7 4 0
0 4 1 4 1
8 3 7 3 0
1 4 0 4 1
7 3 6 3 0
0 4 1 4 1
4 5 5 5 0
1 4 0 4 1
5 5 4 5 0
0 4 1 4 1
4 5 5 5 0
1 4 0 4 1
5 5 4 5 0
0 4 1 4 1
4 5 5 5 0
1 4 0 4 1
5 5 4 5 0
0 4 1 4 1
4 5 5 5 0
1 4 0 4 1
5 5 4 5 0
0 4 1 4 1
4 5 5 5 0
1 4 0 4 1
5 5 4 5 0
0 4 1 4 1
4 5 5 5 0
1 4 0 4 1
5 5 4 5 0
0 4 1 4 1
4 5 5 5 0
1 4 0 4 1
5 5 4 5 0
0 4 1 4 1
4 5 5 5 0
1 4 0 4 1
5 5 4 5 0
0 4 1 4 1
4 5 5 5 0
1 4 0 4 1
5 5 4 5 0
0 4 1 4 1
4 5 5 5 0
1 4 0 4 1
5 5 4 5 0
0 4 1 4 1
4 5 5 5 0
1 4 0 4 1
5 5 4 5 0
0 4 1 4 1
4 5 5 5 0
1 4 0 4 1
5 5 4 5 0
0 4 1 4 1
4 5 5 5 0
1 4 0 4 1
5 5 4 5 0
0 4 1 4 1
4 5 5 5 0
1 4 0 4 1
5 5 4 5 0
0 4 1 4 1
4 5 5 5 0
1 4 0 4 1
5 5 4 5 0
0 4 1 4 1
4 5 5 5 0
1 4 0 4 1
5 5 4 5 0
0 4 1 4 1
4 5 5 5 0
1 4 0 4 1
5 5 4 5 0
0 4 1 4 1
GAMEOVER DRAW
# Game ended: Sat Apr 07 21:34:25 EDT 2018
