# Server version 0.08 running on 192.168.1.32:8123
# Game ID: 572
# Board class: tablut.TablutBoard
# Timeout: 2000
# First Move Timeout: 30000
# Date: Sat Apr 07 23:45:21 EDT 2018
# Player 1: Player-0, '260614908', running on localhost
# Player 2: Player-1, '260727743', running on localhost
START Player-0 260614908
START Player-1 260727743
7 4 7 7 0
4 6 3 6 1
7 7 7 4 0
4 5 7 5 1
4 7 4 5 0
3 6 4 6 1
3 8 3 5 0
4 6 3 6 1
4 8 4 6 0
5 4 5 6 1
0 5 4 5 0
5 6 4 6 1
5 0 5 4 0
4 4 4 5 1
1 4 1 5 0
4 5 6 5 1
5 8 6 8 0
6 5 6 4 1
4 1 6 1 0
4 3 7 3 1
8 4 7 4 0
7 3 7 2 1
0 3 7 3 0
7 2 5 2 1
1 5 3 5 0
6 4 5 4 1
6 8 4 8 0
7 5 6 5 1
7 3 5 3 0
5 4 5 8 1
7 4 7 8 0
5 8 6 8 1
5 3 2 3 0
6 8 8 8 1
GAMEOVER WINNER 1
# Game ended: Sat Apr 07 23:45:59 EDT 2018
