# Server version 0.08 running on 192.168.1.32:8123
# Game ID: 230
# Board class: tablut.TablutBoard
# Timeout: 2000
# First Move Timeout: 30000
# Date: Sat Apr 07 15:13:28 EDT 2018
# Player 1: Player-0, 'GreedyPlayer', running on 192.168.1.32
# Player 2: Player-1, 'RandomPlayer', running on 192.168.1.32
START Player-0 GreedyPlayer
START Player-1 RandomPlayer
1 4 1 2 0
2 4 2 2 1
3 0 3 2 0
6 4 6 5 1
0 4 2 4 0
4 3 6 3 1
7 4 6 4 0
6 3 6 1 1
8 3 4 3 0
6 1 8 1 1
8 4 8 2 0
4 5 3 5 1
3 8 3 7 0
6 5 6 8 1
8 5 4 5 0
4 4 3 4 1
2 4 2 5 0
6 8 6 5 1
8 2 8 4 0
3 4 2 4 1
4 3 2 3 0
GAMEOVER WINNER 0
# Game ended: Sat Apr 07 15:13:28 EDT 2018
