# Server version 0.08 running on 192.168.1.32:8123
# Game ID: 434
# Board class: tablut.TablutBoard
# Timeout: 2000
# First Move Timeout: 30000
# Date: Sat Apr 07 19:50:46 EDT 2018
# Player 1: Player-0, '260614908', running on localhost
# Player 2: Player-1, '260608103', running on localhost
START Player-0 260614908
START Player-1 260608103
8 5 7 5 0
3 4 3 5 1
3 0 3 4 0
4 3 3 3 1
1 4 2 4 0
5 4 5 3 1
8 4 8 5 0
4 2 8 2 1
4 1 4 2 0
3 3 3 4 1
8 5 8 4 0
4 6 8 6 1
8 4 8 5 0
4 5 6 5 1
8 5 8 4 0
8 6 8 5 1
3 8 2 8 0
6 4 6 0 1
8 3 7 3 0
8 2 8 3 1
7 3 7 0 0
6 5 6 0 1
2 4 1 4 0
6 0 6 3 1
4 2 3 2 0
5 3 2 3 1
0 5 2 5 0
8 3 8 4 1
3 2 2 2 0
4 4 6 4 1
4 7 6 7 0
6 4 6 5 1
2 2 1 2 0
8 4 8 3 1
1 2 0 2 0
6 3 6 2 1
0 4 0 5 0
3 5 3 8 1
0 5 0 4 0
8 3 4 3 1
4 8 4 7 0
8 5 8 6 1
0 2 0 1 0
6 2 0 2 1
0 4 0 5 0
6 5 6 0 1
0 5 0 4 0
6 0 8 0 1
GAMEOVER WINNER 1
# Game ended: Sat Apr 07 19:50:52 EDT 2018
