# Server version 0.08 running on 192.168.1.32:8123
# Game ID: 381
# Board class: tablut.TablutBoard
# Timeout: 2000
# First Move Timeout: 30000
# Date: Sat Apr 07 18:37:04 EDT 2018
# Player 1: Player-0, '260608103', running on localhost
# Player 2: Player-1, '260614908', running on localhost
START Player-0 260608103
START Player-1 260614908
5 8 5 7 0
6 4 6 3 1
7 4 6 4 0
4 3 1 3 1
8 5 8 6 0
4 5 3 5 1
8 3 8 1 0
1 3 2 3 1
8 6 6 6 0
2 3 1 3 1
8 4 8 5 0
4 2 8 2 1
8 5 4 5 0
2 4 2 5 1
1 4 2 4 0
1 3 2 3 1
5 7 5 6 0
2 5 1 5 1
4 7 6 7 0
2 3 1 3 1
6 7 2 7 0
1 5 2 5 1
2 7 2 8 0
1 3 1 2 1
4 1 5 1 0
2 5 2 6 1
0 5 2 5 0
4 4 2 4 1
3 8 3 6 0
2 4 2 0 1
3 6 3 8 0
1 2 0 2 1
5 1 0 1 0
2 6 1 6 1
6 4 8 4 0
1 6 0 6 1
6 6 6 8 0
0 6 0 5 1
5 6 0 6 0
8 2 7 2 1
6 8 5 8 0
2 0 0 0 1
GAMEOVER WINNER 1
# Game ended: Sat Apr 07 18:37:17 EDT 2018
