# Server version 0.08 running on 192.168.1.32:8123
# Game ID: 31
# Board class: tablut.TablutBoard
# Timeout: 2000
# First Move Timeout: 30000
# Date: Sat Apr 07 05:48:29 EDT 2018
# Player 1: Player-0, '260614908', running on 192.168.1.32
# Player 2: Player-1, 'RandomPlayer', running on 192.168.1.32
START Player-0 260614908
START Player-1 RandomPlayer
8 5 7 5 0
2 4 2 1 1
1 4 2 4 0
4 2 8 2 1
3 0 2 0 0
5 4 5 7 1
8 4 8 5 0
4 5 3 5 1
3 8 3 7 0
5 7 8 7 1
8 5 8 4 0
6 4 6 0 1
8 4 8 5 0
4 3 5 3 1
8 5 8 4 0
2 1 3 1 1
8 4 8 6 0
4 6 6 6 1
8 6 7 6 0
6 6 4 6 1
8 3 7 3 0
3 5 4 5 1
7 3 6 3 0
4 6 2 6 1
3 7 2 7 0
3 1 2 1 1
0 4 1 4 0
2 6 2 5 1
4 8 3 8 0
2 5 3 5 1
3 8 2 8 0
8 2 8 5 1
2 0 1 0 0
4 4 6 4 1
2 7 1 7 0
6 4 5 4 1
4 0 3 0 0
4 5 4 6 1
3 0 2 0 0
5 4 3 4 1
2 0 3 0 0
6 0 6 1 1
3 0 2 0 0
6 1 7 1 1
2 0 3 0 0
7 1 5 1 1
3 0 2 0 0
5 1 7 1 1
2 0 3 0 0
5 3 3 3 1
3 0 2 0 0
3 4 6 4 1
2 0 3 0 0
2 1 1 1 1
3 0 2 0 0
6 4 6 6 1
2 0 3 0 0
3 3 1 3 1
3 0 2 0 0
6 6 6 7 1
2 0 3 0 0
7 1 7 3 1
3 0 2 0 0
4 6 1 6 1
2 0 3 0 0
6 7 6 5 1
1 4 1 5 0
3 5 5 5 1
3 0 2 0 0
1 3 5 3 1
1 5 1 2 0
6 5 6 0 1
2 0 3 0 0
5 5 5 4 1
3 0 2 0 0
5 4 5 5 1
2 0 3 0 0
5 5 6 5 1
3 0 2 0 0
7 3 7 2 1
2 0 3 0 0
8 5 8 3 1
3 0 2 0 0
5 3 5 2 1
2 0 3 0 0
6 5 7 5 1
3 0 2 0 0
5 2 4 2 1
2 0 3 0 0
8 3 1 3 1
3 0 2 0 0
1 3 1 5 1
2 0 3 0 0
7 2 7 3 1
3 0 2 0 0
7 3 5 3 1
2 0 3 0 0
6 0 7 0 1
3 0 2 0 0
1 5 3 5 1
GAMEOVER DRAW
# Game ended: Sat Apr 07 05:48:30 EDT 2018
