# Server version 0.08 running on 192.168.1.32:8123
# Game ID: 664
# Board class: tablut.TablutBoard
# Timeout: 2000
# First Move Timeout: 30000
# Date: Sun Apr 08 19:22:23 EDT 2018
# Player 1: Player-0, 'Human', running on 192.168.1.32
# Player 2: Player-1, 'GreedyPlayer', running on 192.168.1.32
START Player-0 Human
START Player-1 GreedyPlayer
4 1 5 1 0
2 4 2 6 1
3 8 3 6 0
2 6 2 1 1
0 3 2 3 0
4 3 5 3 1
2 3 2 2 0
5 3 2 3 1
3 0 1 0 0
2 3 2 6 1
4 7 3 7 0
2 1 2 0 1
1 4 1 1 0
4 4 4 3 1
7 4 7 2 0
4 3 0 3 1
1 1 0 1 0
4 2 0 2 1
5 1 0 1 0
6 4 6 0 1
7 2 1 2 0
2 6 2 2 1
0 4 1 4 0
4 6 5 6 1
8 4 6 4 0
4 5 4 1 1
4 0 3 0 0
4 1 4 0 1
1 4 1 2 0
2 2 2 6 1
0 5 0 4 0
2 6 2 2 1
0 1 1 1 0
2 2 7 2 1
0 4 1 4 0
0 3 0 8 1
GAMEOVER WINNER 1
# Game ended: Sun Apr 08 19:25:31 EDT 2018
