# Server version 0.08 running on 192.168.1.32:8123
# Game ID: 451
# Board class: tablut.TablutBoard
# Timeout: 2000
# First Move Timeout: 30000
# Date: Sat Apr 07 20:09:15 EDT 2018
# Player 1: Player-0, '260608103', running on localhost
# Player 2: Player-1, '260614908', running on localhost
START Player-0 260608103
START Player-1 260614908
3 0 3 1 0
6 4 6 3 1
7 4 6 4 0
4 3 1 3 1
8 4 7 4 0
4 2 3 2 1
8 5 5 5 0
1 3 1 2 1
3 8 3 5 0
4 6 3 6 1
0 3 3 3 0
1 2 3 2 1
4 7 3 7 0
2 4 2 0 1
1 4 2 4 0
3 2 3 5 1
6 4 6 7 0
3 5 2 5 1
3 1 3 5 0
4 4 4 5 1
2 4 6 4 0
2 5 1 5 1
4 1 2 1 0
1 5 1 3 1
2 1 5 1 0
1 3 0 3 1
5 8 7 8 0
4 5 3 5 1
4 8 3 8 0
3 5 2 5 1
5 1 1 1 0
2 5 2 4 1
0 5 1 5 0
2 4 2 3 1
6 4 1 4 0
2 3 2 2 1
5 5 6 5 0
2 0 3 0 1
3 7 3 3 0
3 0 2 0 1
1 4 2 4 0
6 3 6 2 1
6 7 4 7 0
6 2 5 2 1
4 7 4 8 0
5 2 6 2 1
4 0 4 1 0
6 2 7 2 1
7 8 5 8 0
2 0 3 0 1
1 5 3 5 0
3 0 2 0 1
3 5 3 6 0
2 0 3 0 1
0 4 0 5 0
3 0 2 0 1
4 1 3 1 0
2 0 3 0 1
3 1 7 1 0
2 2 0 2 1
8 3 7 3 0
0 2 0 1 1
6 5 6 8 0
3 0 2 0 1
3 6 8 6 0
0 1 0 0 1
GAMEOVER WINNER 1
# Game ended: Sat Apr 07 20:09:40 EDT 2018
