# Server version 0.08 running on 192.168.1.32:8123
# Game ID: 604
# Board class: tablut.TablutBoard
# Timeout: 2000
# First Move Timeout: 30000
# Date: Sun Apr 08 00:34:19 EDT 2018
# Player 1: Player-0, '260620385', running on localhost
# Player 2: Player-1, '260727743', running on localhost
START Player-0 260620385
START Player-1 260727743
8 5 6 5 0
4 6 6 6 1
7 4 7 6 0
6 6 3 6 1
7 6 7 5 0
5 4 5 3 1
3 0 3 2 0
2 4 2 2 1
1 4 2 4 0
2 2 2 3 1
8 4 7 4 0
4 5 2 5 1
0 5 1 5 0
6 4 6 3 1
7 4 5 4 0
6 3 6 4 1
7 5 3 5 0
4 4 3 4 1
4 0 2 0 0
6 4 6 5 1
5 8 5 4 0
6 5 5 5 1
8 3 8 4 0
3 4 6 4 1
0 4 2 4 0
6 4 6 0 1
4 1 3 1 0
6 0 8 0 1
GAMEOVER WINNER 1
# Game ended: Sun Apr 08 00:34:58 EDT 2018
