# Server version 0.08 running on 192.168.1.32:8123
# Game ID: 250
# Board class: tablut.TablutBoard
# Timeout: 2000
# First Move Timeout: 30000
# Date: Sat Apr 07 15:39:51 EDT 2018
# Player 1: Player-0, 'RandomPlayer', running on 192.168.1.32
# Player 2: Player-1, 'GreedyPlayer', running on 192.168.1.32
START Player-0 RandomPlayer
START Player-1 GreedyPlayer
7 4 7 5 0
2 4 2 5 1
3 0 2 0 0
2 5 2 2 1
4 7 3 7 0
3 4 3 5 1
3 7 7 7 0
4 4 2 4 1
7 5 5 5 0
6 4 6 5 1
8 3 8 2 0
2 4 2 8 1
4 1 2 1 0
2 8 0 8 1
GAMEOVER WINNER 1
# Game ended: Sat Apr 07 15:39:51 EDT 2018
