# Server version 0.08 running on 192.168.1.32:8123
# Game ID: 479
# Board class: tablut.TablutBoard
# Timeout: 2000
# First Move Timeout: 30000
# Date: Sat Apr 07 20:27:40 EDT 2018
# Player 1: Player-0, '260608103', running on localhost
# Player 2: Player-1, '260614908', running on localhost
START Player-0 260608103
START Player-1 260614908
8 5 8 6 0
6 4 6 3 1
7 4 6 4 0
4 3 1 3 1
4 1 8 1 0
4 5 1 5 1
3 8 3 6 0
1 5 6 5 1
8 6 5 6 0
4 2 8 2 1
4 7 7 7 0
2 4 1 4 1
0 5 0 7 0
6 5 5 5 1
8 4 5 4 0
3 4 2 4 1
5 4 7 4 0
2 4 2 3 1
5 6 6 6 0
2 3 2 2 1
0 7 6 7 0
8 2 7 2 1
7 7 8 7 0
1 3 1 2 1
5 0 5 6 0
1 2 0 2 1
0 3 3 3 0
0 2 1 2 1
6 6 6 4 0
1 2 0 2 1
7 4 7 8 0
0 2 1 2 1
8 3 8 6 0
1 2 0 2 1
3 6 3 7 0
0 2 1 2 1
5 8 6 8 0
1 2 0 2 1
7 8 7 4 0
0 2 1 2 1
8 6 8 2 0
1 2 0 2 1
4 0 5 0 0
0 2 1 2 1
6 7 5 7 0
1 2 0 2 1
8 7 8 6 0
0 2 1 2 1
7 4 7 3 0
6 3 6 2 1
3 3 3 6 0
1 2 0 2 1
7 3 7 5 0
0 2 1 2 1
5 6 7 6 0
1 2 0 2 1
5 7 5 8 0
0 2 1 2 1
4 8 2 8 0
1 4 1 3 1
7 5 1 5 0
1 2 0 2 1
7 6 7 8 0
0 2 1 2 1
7 8 7 3 0
1 2 0 2 1
3 6 3 3 0
0 2 1 2 1
6 4 7 4 0
1 2 0 2 1
6 8 6 4 0
0 2 1 2 1
1 5 8 5 0
1 2 0 2 1
5 0 5 5 0
0 2 1 2 1
2 8 2 4 0
1 2 0 2 1
8 5 7 5 0
0 2 1 2 1
7 5 7 8 0
1 2 0 2 1
2 4 2 6 0
0 2 1 2 1
3 3 5 3 0
1 2 0 2 1
5 3 3 3 0
0 2 1 2 1
6 4 6 8 0
1 2 0 2 1
8 6 3 6 0
0 2 1 2 1
2 6 2 4 0
1 2 0 2 1
3 0 2 0 0
4 4 4 0 1
5 5 5 0 0
4 0 4 1 1
3 6 3 4 0
0 2 0 1 1
GAMEOVER DRAW
# Game ended: Sat Apr 07 20:28:46 EDT 2018
