# Server version 0.08 running on 192.168.1.32:8123
# Game ID: 396
# Board class: tablut.TablutBoard
# Timeout: 2000
# First Move Timeout: 30000
# Date: Sat Apr 07 18:54:17 EDT 2018
# Player 1: Player-0, '260614908', running on localhost
# Player 2: Player-1, '260608103', running on localhost
START Player-0 260614908
START Player-1 260608103
8 5 7 5 0
4 5 3 5 1
3 0 2 0 0
4 6 0 6 1
8 4 8 5 0
5 4 5 1 1
8 5 8 4 0
3 4 3 1 1
3 8 3 6 0
4 3 2 3 1
8 4 8 5 0
5 1 7 1 1
8 5 8 4 0
0 6 1 6 1
8 3 4 3 0
1 6 2 6 1
8 4 8 3 0
4 4 4 6 1
4 3 4 5 0
GAMEOVER WINNER 0
# Game ended: Sat Apr 07 18:54:20 EDT 2018
