# Server version 0.08 running on 192.168.1.32:8123
# Game ID: 19
# Board class: tablut.TablutBoard
# Timeout: 2000
# First Move Timeout: 30000
# Date: Sat Apr 07 04:40:57 EDT 2018
# Player 1: Player-0, 'RandomPlayer', running on localhost
# Player 2: Player-1, '260614908', running on localhost
START Player-0 RandomPlayer
START Player-1 260614908
7 4 7 5 0
3 4 3 2 1
0 5 0 7 0
6 4 6 6 1
0 3 2 3 0
4 2 5 2 1
3 0 3 1 0
3 2 2 2 1
5 8 5 5 0
4 6 1 6 1
5 0 7 0 0
5 2 5 1 1
0 4 0 2 0
5 4 5 2 1
7 0 7 3 0
5 2 4 2 1
0 7 0 5 0
4 3 6 3 1
8 4 5 4 0
6 6 7 6 1
4 0 6 0 0
4 2 7 2 1
4 1 4 0 0
5 1 6 1 1
5 5 6 5 0
6 1 5 1 1
5 4 7 4 0
4 4 6 4 1
3 1 3 3 0
6 3 6 1 1
1 4 1 3 0
6 4 5 4 1
4 8 6 8 0
5 1 3 1 1
3 3 3 7 0
4 5 5 5 1
4 7 4 8 0
7 2 7 1 1
7 3 5 3 0
7 6 2 6 1
1 3 0 3 0
2 2 4 2 1
0 2 2 2 0
1 6 1 5 1
5 3 5 2 0
1 5 1 4 1
5 2 5 3 0
3 1 3 3 1
6 5 6 2 0
2 6 1 6 1
3 7 0 7 0
7 1 6 1 1
7 4 7 1 0
4 2 4 5 1
2 2 5 2 0
4 5 4 6 1
7 5 7 4 0
5 5 1 5 1
0 5 0 6 0
2 4 2 6 1
3 8 2 8 0
1 4 0 4 1
7 4 7 6 0
0 4 2 4 1
0 6 0 4 0
1 5 1 0 1
8 5 4 5 0
1 6 1 1 1
7 1 7 3 0
2 6 0 6 1
4 0 4 1 0
4 6 4 7 1
0 3 2 3 0
4 7 6 7 1
6 2 6 3 0
6 7 6 5 1
4 5 5 5 0
GAMEOVER ILLEGAL MOVE: Swedes (p1) move (6, 3) to (6, 4) WINNER 0
# Game ended: Sat Apr 07 04:41:37 EDT 2018
