# Server version 0.08 running on 192.168.1.32:8123
# Game ID: 620
# Board class: tablut.TablutBoard
# Timeout: 2000
# First Move Timeout: 30000
# Date: Sun Apr 08 01:08:09 EDT 2018
# Player 1: Player-0, '260614908', running on localhost
# Player 2: Player-1, '260727743', running on localhost
START Player-0 260614908
START Player-1 260727743
7 4 7 5 0
4 6 3 6 1
3 0 2 0 0
3 6 5 6 1
0 5 1 5 0
5 4 5 1 1
1 5 0 5 0
3 4 3 1 1
1 4 1 6 0
4 5 6 5 1
4 0 4 1 0
3 1 3 6 1
4 1 1 1 0
3 6 3 1 1
1 6 1 3 0
3 1 3 7 1
1 1 1 2 0
5 6 5 7 1
8 3 8 1 0
4 4 4 6 1
8 4 8 3 0
4 6 0 6 1
3 8 2 8 0
0 6 0 8 1
GAMEOVER WINNER 1
# Game ended: Sun Apr 08 01:09:25 EDT 2018
