# Server version 0.08 running on 192.168.1.32:8123
# Game ID: 307
# Board class: tablut.TablutBoard
# Timeout: 2000
# First Move Timeout: 30000
# Date: Sat Apr 07 16:35:43 EDT 2018
# Player 1: Player-0, '260608103', running on localhost
# Player 2: Player-1, '260614908', running on localhost
START Player-0 260608103
START Player-1 260614908
4 1 2 1 0
6 4 6 3 1
7 4 6 4 0
2 4 2 3 1
1 4 2 4 0
2 3 1 3 1
2 4 2 3 0
4 3 3 3 1
8 5 6 5 0
4 5 3 5 1
6 5 4 5 0
3 5 2 5 1
2 1 4 1 0
2 5 1 5 1
2 3 2 5 0
4 2 3 2 1
3 0 2 0 0
3 2 2 2 1
4 7 4 6 0
4 4 5 4 1
4 6 2 6 0
5 4 4 4 1
4 5 6 5 0
6 3 5 3 1
3 8 1 8 0
5 3 4 3 1
4 1 4 2 0
4 4 4 3 1
1 8 1 0 0
4 3 4 4 1
2 6 4 6 0
4 4 5 4 1
6 4 7 4 0
5 4 4 4 1
7 4 7 2 0
4 4 3 4 1
4 6 4 7 0
3 4 4 4 1
7 2 7 4 0
4 4 3 4 1
8 4 8 6 0
3 4 4 4 1
6 5 6 3 0
4 4 3 4 1
4 2 8 2 0
3 4 4 4 1
7 4 6 4 0
4 4 3 4 1
8 2 6 2 0
3 4 4 4 1
4 7 6 7 0
4 4 3 4 1
8 3 8 2 0
3 4 4 4 1
6 2 7 2 0
4 4 3 4 1
7 2 3 2 0
3 4 4 4 1
0 4 3 4 0
4 4 4 3 1
1 0 1 2 0
4 3 3 3 1
3 2 4 2 0
3 3 3 1 1
3 4 3 8 0
3 1 8 1 1
6 4 0 4 0
8 1 8 0 1
GAMEOVER WINNER 1
# Game ended: Sat Apr 07 16:36:11 EDT 2018
