# Server version 0.08 running on 192.168.1.32:8123
# Game ID: 663
# Board class: tablut.TablutBoard
# Timeout: 2000
# First Move Timeout: 30000
# Date: Sun Apr 08 19:20:11 EDT 2018
# Player 1: Player-0, '260614908', running on 192.168.1.32
# Player 2: Player-1, '260727743', running on 192.168.1.32
START Player-0 260614908
START Player-1 260727743
5 0 7 0 0
6 4 6 0 1
4 1 6 1 0
4 2 6 2 1
4 7 8 7 0
4 3 6 3 1
7 4 6 4 0
4 5 6 5 1
5 8 5 3 0
4 4 4 3 1
8 7 2 7 0
4 3 4 1 1
2 7 2 8 0
4 1 5 1 1
4 8 7 8 0
6 5 6 8 1
8 5 5 5 0
5 1 7 1 1
8 4 8 6 0
7 1 7 0 1
5 5 2 5 0
7 0 8 0 1
GAMEOVER WINNER 1
# Game ended: Sun Apr 08 19:20:38 EDT 2018
