# Server version 0.08 running on 192.168.1.32:8123
# Game ID: 602
# Board class: tablut.TablutBoard
# Timeout: 2000
# First Move Timeout: 30000
# Date: Sun Apr 08 00:33:24 EDT 2018
# Player 1: Player-0, '260608103', running on localhost
# Player 2: Player-1, '260727743', running on localhost
START Player-0 260608103
START Player-1 260727743
5 8 6 8 0
5 4 5 1 1
7 4 7 0 0
3 4 3 1 1
3 8 3 4 0
6 4 6 0 1
3 4 3 2 0
4 4 3 4 1
4 8 2 8 0
4 3 3 3 1
GAMEOVER TIMEOUT WINNER 1
# Game ended: Sun Apr 08 00:33:44 EDT 2018
