# Server version 0.08 running on 192.168.1.32:8123
# Game ID: 58
# Board class: tablut.TablutBoard
# Timeout: 2000
# First Move Timeout: 30000
# Date: Sat Apr 07 06:23:35 EDT 2018
# Player 1: Player-0, '260614908', running on 192.168.1.32
# Player 2: Player-1, 'GreedyPlayer', running on 192.168.1.32
START Player-0 260614908
START Player-1 GreedyPlayer
8 5 7 5 0
4 2 5 2 1
3 0 2 0 0
5 2 3 2 1
8 4 8 5 0
4 3 2 3 1
5 0 6 0 0
4 4 4 2 1
6 0 6 1 0
4 2 8 2 1
6 1 7 1 0
8 2 8 0 1
GAMEOVER WINNER 1
# Game ended: Sat Apr 07 06:23:35 EDT 2018
