# Server version 0.08 running on 192.168.1.32:8123
# Game ID: 435
# Board class: tablut.TablutBoard
# Timeout: 2000
# First Move Timeout: 30000
# Date: Sat Apr 07 19:50:54 EDT 2018
# Player 1: Player-0, '260608103', running on localhost
# Player 2: Player-1, '260614908', running on localhost
START Player-0 260608103
START Player-1 260614908
3 0 3 1 0
6 4 6 3 1
7 4 6 4 0
4 3 1 3 1
4 0 3 0 0
4 2 3 2 1
0 5 2 5 0
1 3 2 3 1
1 4 1 7 0
2 3 1 3 1
3 8 3 6 0
1 3 1 2 1
0 3 2 3 0
3 4 2 4 1
2 3 3 3 0
2 4 1 4 1
2 5 2 4 0
4 5 5 5 1
5 8 5 6 0
5 5 6 5 1
8 3 8 2 0
6 5 5 5 1
8 4 5 4 0
6 3 6 4 1
2 4 2 3 0
6 4 5 4 1
1 7 2 7 0
1 2 0 2 1
5 6 6 6 0
0 2 3 2 1
6 6 6 4 0
3 2 1 2 1
6 4 6 0 0
1 2 0 2 1
8 5 8 4 0
0 2 1 2 1
4 1 7 1 0
1 2 0 2 1
3 1 5 1 0
0 2 1 2 1
3 0 2 0 0
1 2 0 2 1
8 4 8 6 0
0 2 1 2 1
0 4 2 4 0
1 2 0 2 1
4 7 4 6 0
0 2 1 2 1
4 6 4 5 0
1 2 0 2 1
8 2 8 5 0
0 2 0 1 1
4 8 4 7 0
0 1 1 1 1
4 5 7 5 0
1 1 0 1 1
7 5 7 3 0
0 1 1 1 1
2 7 2 8 0
1 1 0 1 1
8 6 8 7 0
0 1 1 1 1
6 0 6 5 0
1 1 0 1 1
3 3 3 5 0
0 1 1 1 1
3 5 1 5 0
1 1 0 1 1
5 1 5 6 0
0 1 1 1 1
7 1 7 2 0
1 1 1 0 1
3 6 3 2 0
1 0 1 1 1
5 6 5 1 0
1 1 1 0 1
5 1 0 1 0
1 0 1 2 1
0 1 2 1 0
1 2 0 2 1
7 3 7 6 0
0 2 1 2 1
6 5 7 5 0
1 2 0 2 1
7 6 4 6 0
0 2 1 2 1
4 6 8 6 0
1 2 0 2 1
2 1 1 1 0
0 2 0 3 1
1 1 1 3 0
0 3 0 2 1
3 2 4 2 0
0 2 1 2 1
2 0 3 0 0
1 2 0 2 1
5 0 5 7 0
0 2 1 2 1
2 3 2 0 0
1 2 0 2 1
GAMEOVER DRAW
# Game ended: Sat Apr 07 19:51:31 EDT 2018
