# Server version 0.08 running on 192.168.1.32:8123
# Game ID: 395
# Board class: tablut.TablutBoard
# Timeout: 2000
# First Move Timeout: 30000
# Date: Sat Apr 07 18:53:57 EDT 2018
# Player 1: Player-0, '260608103', running on localhost
# Player 2: Player-1, '260614908', running on localhost
START Player-0 260608103
START Player-1 260614908
7 4 7 6 0
6 4 6 3 1
8 4 6 4 0
4 3 1 3 1
4 1 2 1 0
4 2 2 2 1
7 6 7 8 0
4 5 6 5 1
0 5 4 5 0
6 5 6 6 1
8 3 8 1 0
1 3 2 3 1
3 0 3 2 0
2 3 1 3 1
8 5 8 3 0
4 4 4 2 1
4 0 1 0 0
6 6 4 6 1
1 0 1 2 0
2 4 2 3 1
1 4 2 4 0
6 3 6 8 1
3 8 3 2 0
2 3 2 2 1
2 4 2 3 0
6 8 6 7 1
8 1 5 1 0
6 7 6 6 1
5 1 3 1 0
4 2 5 2 1
2 3 6 3 0
5 2 4 2 1
6 3 6 4 0
4 2 5 2 1
0 3 6 3 0
5 2 4 2 1
5 8 5 5 0
4 2 5 2 1
5 5 4 5 0
5 2 5 8 1
1 2 1 8 0
6 6 6 5 1
3 1 3 0 0
6 5 6 6 1
4 5 8 5 0
6 6 6 5 1
2 1 8 1 0
6 5 6 6 1
6 3 0 3 0
6 6 6 5 1
4 7 6 7 0
5 8 6 8 1
6 7 6 6 0
6 8 8 8 1
GAMEOVER WINNER 1
# Game ended: Sat Apr 07 18:54:09 EDT 2018
