# Server version 0.08 running on 192.168.1.32:8123
# Game ID: 650
# Board class: tablut.TablutBoard
# Timeout: 2000
# First Move Timeout: 30000
# Date: Sun Apr 08 18:08:21 EDT 2018
# Player 1: Player-0, '260614908', running on localhost
# Player 2: Player-1, '260727743', running on localhost
START Player-0 260614908
START Player-1 260727743
1 4 1 7 0
4 6 5 6 1
4 1 6 1 0
5 6 4 6 1
0 3 2 3 0
4 2 2 2 1
1 7 1 8 0
2 4 2 8 1
6 1 6 2 0
2 8 2 3 1
4 0 4 1 0
2 2 4 2 1
4 1 0 1 0
4 2 0 2 1
3 8 2 8 0
5 4 5 7 1
4 7 2 7 0
4 3 5 3 1
6 2 1 2 0
2 3 2 2 1
3 0 4 0 0
4 4 4 1 1
2 7 1 7 0
4 1 0 1 1
4 0 2 0 0
0 1 0 0 1
GAMEOVER WINNER 1
# Game ended: Sun Apr 08 18:08:49 EDT 2018
