# Server version 0.08 running on 192.168.1.32:8123
# Game ID: 658
# Board class: tablut.TablutBoard
# Timeout: 2000
# First Move Timeout: 30000
# Date: Sun Apr 08 18:48:06 EDT 2018
# Player 1: Player-0, '260727743', running on 192.168.1.32
# Player 2: Player-1, '260614908', running on 192.168.1.32
START Player-0 260727743
START Player-1 260614908
8 5 7 5 0
2 4 2 1 1
1 4 2 4 0
4 6 0 6 1
4 7 4 6 0
4 2 6 2 1
4 1 4 2 0
2 1 7 1 1
3 0 2 0 0
6 4 6 7 1
7 4 6 4 0
7 1 4 1 1
0 3 4 3 0
6 7 8 7 1
8 4 8 6 0
4 1 6 1 1
7 5 7 2 0
6 1 8 1 1
8 3 8 2 0
4 4 3 4 1
5 0 5 2 0
3 4 3 1 1
7 2 7 1 0
3 1 1 1 1
2 0 1 0 0
1 1 1 2 1
2 4 1 4 0
1 2 2 2 1
4 3 2 3 0
2 2 2 1 1
4 0 2 0 0
2 1 3 1 1
6 4 3 4 0
0 6 1 6 1
8 6 7 6 0
1 6 1 8 1
3 8 2 8 0
3 1 0 1 1
0 4 0 2 0
GAMEOVER WINNER 0
# Game ended: Sun Apr 08 18:48:46 EDT 2018
