# Server version 0.08 running on 192.168.1.32:8123
# Game ID: 5
# Board class: tablut.TablutBoard
# Timeout: 2000
# First Move Timeout: 30000
# Date: Sat Apr 07 02:29:18 EDT 2018
# Player 1: Player-0, 'Human', running on 192.168.1.32
# Player 2: Player-1, 'GreedyPlayer', running on 192.168.1.32
START Player-0 Human
START Player-1 GreedyPlayer
4 1 5 1 0
2 4 2 6 1
3 0 3 3 0
4 2 3 2 1
5 1 5 2 0
4 5 7 5 1
7 4 7 3 0
4 4 4 5 1
5 8 5 6 0
6 4 6 6 1
7 3 6 3 0
4 5 1 5 1
0 5 0 6 0
4 3 1 3 1
4 0 4 5 0
6 6 4 6 1
8 5 8 7 0
4 6 8 6 1
8 4 6 4 0
1 5 1 8 1
0 6 0 7 0
1 8 0 8 1
GAMEOVER WINNER 1
# Game ended: Sat Apr 07 02:32:18 EDT 2018
