# Server version 0.08 running on 192.168.1.32:8123
# Game ID: 116
# Board class: tablut.TablutBoard
# Timeout: 2000
# First Move Timeout: 30000
# Date: Sat Apr 07 13:39:26 EDT 2018
# Player 1: Player-0, 'GreedyPlayer', running on 192.168.1.32
# Player 2: Player-1, '260614908', running on 192.168.1.32
START Player-0 GreedyPlayer
START Player-1 260614908
1 4 1 2 0
6 4 6 3 1
7 4 6 4 0
4 4 5 4 1
3 0 3 2 0
5 4 5 2 1
4 7 8 7 0
5 2 7 2 1
5 0 5 2 0
7 2 7 1 1
4 1 4 2 0
2 4 1 4 1
5 2 6 2 0
7 1 5 1 1
6 4 6 8 0
3 4 2 4 1
8 7 8 6 0
2 4 2 3 1
8 4 2 4 0
4 5 3 5 1
3 2 2 2 0
3 5 2 5 1
0 5 0 7 0
2 5 1 5 1
6 8 7 8 0
5 1 4 1 1
0 3 0 2 0
1 5 0 5 1
0 7 0 6 0
4 1 3 1 1
2 2 2 0 0
3 1 0 1 1
8 5 1 5 0
0 1 0 0 1
GAMEOVER WINNER 1
# Game ended: Sat Apr 07 13:39:27 EDT 2018
