# Server version 0.08 running on 192.168.1.32:8123
# Game ID: 504
# Board class: tablut.TablutBoard
# Timeout: 2000
# First Move Timeout: 30000
# Date: Sat Apr 07 21:59:38 EDT 2018
# Player 1: Player-0, '260614908', running on localhost
# Player 2: Player-1, '260727743', running on localhost
START Player-0 260614908
START Player-1 260727743
8 5 7 5 0
6 4 6 3 1
3 0 2 0 0
4 6 5 6 1
8 4 8 5 0
5 4 5 1 1
8 5 8 4 0
3 4 3 1 1
8 4 8 5 0
3 1 3 7 1
8 5 8 4 0
4 4 6 4 1
8 4 8 5 0
5 6 5 7 1
8 5 8 4 0
6 4 6 6 1
8 4 8 5 0
6 6 0 6 1
1 4 1 7 0
0 6 0 8 1
GAMEOVER WINNER 1
# Game ended: Sat Apr 07 22:00:26 EDT 2018
