# Server version 0.08 running on 10.0.30.92:8123
# Game ID: 409
# Board class: tablut.TablutBoard
# Timeout: 2000
# First Move Timeout: 30000
# Date: Sat Apr 07 19:14:12 EDT 2018
# Player 1: Player-0, '260608103', running on localhost
# Player 2: Player-1, '260614908', running on localhost
START Player-0 260608103
START Player-1 260614908
5 8 5 7 0
4 3 6 3 1
0 3 4 3 0
2 4 2 8 1
1 4 2 4 0
4 5 2 5 1
8 5 4 5 0
5 4 5 1 1
5 7 5 4 0
6 3 6 7 1
3 0 3 4 0
GAMEOVER WINNER 0
# Game ended: Sat Apr 07 19:14:15 EDT 2018
