# Server version 0.08 running on 10.0.30.92:8123
# Game ID: 425
# Board class: tablut.TablutBoard
# Timeout: 2000
# First Move Timeout: 30000
# Date: Sat Apr 07 19:31:49 EDT 2018
# Player 1: Player-0, '260620385', running on localhost
# Player 2: Player-1, '260614908', running on localhost
START Player-0 260620385
START Player-1 260614908
8 5 6 5 0
4 3 3 3 1
8 3 4 3 0
5 4 5 3 1
4 1 4 3 0
4 4 5 4 1
0 3 2 3 0
6 4 6 3 1
0 5 2 5 0
5 3 5 2 1
3 0 3 2 0
5 2 4 2 1
3 8 3 6 0
5 4 5 2 1
1 4 2 4 0
5 2 8 2 1
5 8 5 2 0
4 5 3 5 1
2 5 2 6 0
3 5 2 5 1
4 7 5 7 0
2 5 1 5 1
3 6 3 8 0
1 5 0 5 1
4 8 5 8 0
0 5 1 5 1
8 4 8 3 0
1 5 0 5 1
6 5 1 5 0
0 5 0 6 1
5 2 5 1 0
6 3 6 1 1
5 1 2 1 0
6 1 5 1 1
7 4 7 2 0
0 6 0 5 1
5 0 7 0 0
0 5 0 6 1
2 3 3 3 0
0 6 0 5 1
8 3 6 3 0
0 5 0 6 1
3 3 4 3 0
0 6 0 5 1
2 1 2 2 0
0 5 0 6 1
7 0 5 0 0
0 6 0 5 1
5 7 0 7 0
0 5 0 6 1
0 4 1 4 0
0 6 0 5 1
4 3 2 3 0
0 5 0 4 1
2 4 8 4 0
0 4 0 3 1
3 2 3 4 0
0 3 0 2 1
3 4 3 0 0
0 2 0 1 1
2 2 3 2 0
0 1 1 1 1
7 2 7 3 0
1 1 0 1 1
5 8 5 4 0
0 1 1 1 1
1 5 6 5 0
1 1 0 1 1
5 4 5 5 0
0 1 1 1 1
6 5 6 8 0
1 1 0 1 1
5 5 5 8 0
0 1 1 1 1
2 3 2 1 0
1 1 0 1 1
3 2 4 2 0
0 1 1 1 1
2 6 2 3 0
1 1 0 1 1
8 4 8 7 0
0 1 1 1 1
7 3 7 8 0
1 1 0 1 1
2 3 1 3 0
0 1 1 1 1
6 3 6 1 0
8 2 8 0 1
GAMEOVER WINNER 1
# Game ended: Sat Apr 07 19:32:06 EDT 2018
