# Server version 0.08 running on 192.168.1.32:8123
# Game ID: 324
# Board class: tablut.TablutBoard
# Timeout: 2000
# First Move Timeout: 30000
# Date: Sat Apr 07 16:46:38 EDT 2018
# Player 1: Player-0, '260614908', running on localhost
# Player 2: Player-1, '260608103', running on localhost
START Player-0 260614908
START Player-1 260608103
8 5 7 5 0
5 4 5 5 1
3 0 2 0 0
2 4 2 6 1
8 4 8 5 0
2 6 1 6 1
8 5 8 4 0
5 5 5 3 1
8 4 8 5 0
5 3 5 5 1
8 5 8 4 0
1 6 2 6 1
8 4 8 5 0
4 5 3 5 1
8 5 8 4 0
4 2 2 2 1
8 4 8 5 0
2 2 8 2 1
8 5 8 4 0
4 6 5 6 1
8 4 8 5 0
2 6 4 6 1
8 5 8 4 0
6 4 6 7 1
8 4 8 5 0
4 3 7 3 1
8 5 8 4 0
5 6 6 6 1
8 4 8 5 0
5 5 5 7 1
8 5 8 4 0
3 5 3 7 1
8 4 8 5 0
4 4 4 3 1
8 5 8 4 0
3 4 3 5 1
8 4 8 5 0
5 7 5 6 1
8 5 8 4 0
3 5 3 1 1
8 4 8 5 0
5 6 5 1 1
5 8 5 2 0
6 6 8 6 1
8 5 8 4 0
4 3 2 3 1
8 4 8 5 0
3 7 3 4 1
8 5 8 4 0
4 6 2 6 1
8 4 8 5 0
6 7 6 5 1
8 5 8 4 0
8 6 8 5 1
3 8 2 8 0
8 5 7 5 1
8 4 7 4 0
3 1 6 1 1
8 3 8 4 0
8 2 6 2 1
8 4 8 3 0
6 5 6 6 1
8 3 8 2 0
6 6 8 6 1
4 8 3 8 0
8 6 8 7 1
3 8 3 7 0
7 3 7 2 1
4 0 3 0 0
7 2 7 3 1
3 0 4 0 0
6 2 7 2 1
0 5 1 5 0
2 6 2 5 1
1 5 0 5 0
6 1 7 1 1
2 0 1 0 0
2 3 2 0 1
1 4 1 0 0
2 0 2 3 1
1 0 2 0 0
2 3 5 3 1
3 7 5 7 0
7 1 5 1 1
0 5 1 5 0
5 1 3 1 1
1 5 0 5 0
7 2 1 2 1
2 0 1 0 0
2 5 2 0 1
5 7 5 6 0
3 4 3 6 1
5 6 5 5 0
5 3 5 2 1
5 5 5 4 0
7 3 3 3 1
0 5 1 5 0
1 2 1 0 1
1 5 0 5 0
5 2 2 2 1
GAMEOVER DRAW
# Game ended: Sat Apr 07 16:46:49 EDT 2018
