# Server version 0.08 running on 192.168.1.32:8123
# Game ID: 471
# Board class: tablut.TablutBoard
# Timeout: 2000
# First Move Timeout: 30000
# Date: Sat Apr 07 20:23:29 EDT 2018
# Player 1: Player-0, '260608103', running on localhost
# Player 2: Player-1, '260614908', running on localhost
START Player-0 260608103
START Player-1 260614908
8 3 8 2 0
6 4 6 3 1
7 4 6 4 0
4 3 1 3 1
8 2 6 2 0
1 3 1 2 1
0 3 4 3 0
1 2 4 2 1
8 4 8 3 0
4 2 3 2 1
5 0 5 6 0
3 4 3 6 1
5 6 7 6 0
2 4 2 3 1
8 5 7 5 0
2 3 1 3 1
1 4 3 4 0
1 3 0 3 1
3 0 1 0 0
3 2 2 2 1
6 2 8 2 0
3 6 2 6 1
8 2 4 2 0
2 6 1 6 1
3 8 2 8 0
1 6 1 3 1
4 1 7 1 0
1 3 1 2 1
4 7 2 7 0
1 2 0 2 1
5 8 5 2 0
0 2 0 1 1
7 5 7 4 0
4 5 3 5 1
6 4 6 7 0
0 3 0 2 1
7 1 7 0 0
0 2 0 3 1
4 8 3 8 0
0 3 3 3 1
0 4 0 2 0
3 3 6 3 1
3 8 4 8 0
3 5 2 5 1
7 0 7 3 0
2 5 1 5 1
5 2 5 3 0
1 5 1 4 1
1 0 3 0 0
1 4 1 3 1
6 7 6 1 0
1 3 1 2 1
4 2 7 2 0
1 2 1 1 1
5 3 5 1 0
1 1 0 1 1
6 1 6 2 0
0 1 1 1 1
6 2 6 6 0
1 1 0 1 1
0 5 0 3 0
4 4 0 4 1
2 7 8 7 0
0 4 0 8 1
GAMEOVER WINNER 1
# Game ended: Sat Apr 07 20:23:54 EDT 2018
