# Server version 0.08 running on 192.168.1.32:8123
# Game ID: 40
# Board class: tablut.TablutBoard
# Timeout: 2000
# First Move Timeout: 30000
# Date: Sat Apr 07 05:54:58 EDT 2018
# Player 1: Player-0, 'GreedyPlayer', running on 192.168.1.32
# Player 2: Player-1, '260614908', running on 192.168.1.32
START Player-0 GreedyPlayer
START Player-1 260614908
1 4 1 2 0
6 4 6 3 1
7 4 6 4 0
2 4 1 4 1
5 8 5 2 0
6 3 6 2 1
3 0 3 1 0
4 3 3 3 1
8 3 4 3 0
6 2 4 2 1
6 4 6 6 0
3 4 2 4 1
6 6 6 2 0
2 4 2 3 1
3 8 3 6 0
4 5 5 5 1
0 5 4 5 0
3 3 3 5 1
3 1 3 4 0
1 4 2 4 1
6 2 6 0 0
2 4 1 4 1
0 4 0 6 0
2 3 1 3 1
8 4 5 4 0
4 2 6 2 1
3 6 5 6 0
6 2 6 4 1
4 8 1 8 0
6 4 6 3 1
6 0 6 2 0
6 3 5 3 1
1 2 3 2 0
5 3 3 3 1
6 2 4 2 0
3 3 2 3 1
0 6 1 6 0
2 3 2 2 1
4 0 3 0 0
1 4 0 4 1
8 5 0 5 0
2 2 2 8 1
5 6 5 2 0
2 8 1 8 1
4 7 4 5 0
1 8 1 7 1
1 6 1 4 0
1 7 1 6 1
3 2 1 2 0
1 6 4 6 1
1 2 1 1 0
4 4 3 4 1
0 5 7 5 0
3 4 3 3 1
4 2 0 2 0
3 3 2 3 1
4 1 8 1 0
2 3 2 2 1
1 1 7 1 0
2 2 2 1 1
7 5 1 5 0
4 6 3 6 1
0 3 1 3 0
3 6 2 6 1
8 1 8 6 0
2 6 1 6 1
8 6 8 1 0
1 6 0 6 1
1 4 5 4 0
0 6 0 5 1
1 5 1 6 0
0 5 0 4 1
7 1 3 1 0
2 1 1 1 1
1 6 2 6 0
0 4 1 4 1
0 2 3 2 0
1 4 0 4 1
8 1 8 5 0
0 4 0 3 1
5 2 8 2 0
0 3 0 2 1
8 5 2 5 0
1 1 0 1 1
8 2 7 2 0
0 1 0 0 1
GAMEOVER WINNER 1
# Game ended: Sat Apr 07 05:55:00 EDT 2018
