# Server version 0.08 running on 192.168.1.32:8123
# Game ID: 62
# Board class: tablut.TablutBoard
# Timeout: 2000
# First Move Timeout: 30000
# Date: Sat Apr 07 06:33:26 EDT 2018
# Player 1: Player-0, 'RandomPlayer', running on 192.168.1.32
# Player 2: Player-1, 'GreedyPlayer', running on 192.168.1.32
START Player-0 RandomPlayer
START Player-1 GreedyPlayer
7 4 7 5 0
2 4 2 5 1
3 0 2 0 0
3 4 3 5 1
1 4 2 4 0
4 3 2 3 1
4 7 7 7 0
4 4 1 4 1
7 5 6 5 0
4 6 6 6 1
7 7 7 2 0
1 4 1 0 1
8 5 8 7 0
1 0 0 0 1
GAMEOVER WINNER 1
# Game ended: Sat Apr 07 06:33:26 EDT 2018
