# Server version 0.08 running on 192.168.1.32:8123
# Game ID: 440
# Board class: tablut.TablutBoard
# Timeout: 2000
# First Move Timeout: 30000
# Date: Sat Apr 07 19:54:31 EDT 2018
# Player 1: Player-0, '260614908', running on localhost
# Player 2: Player-1, '260608103', running on localhost
START Player-0 260614908
START Player-1 260608103
8 5 7 5 0
4 2 3 2 1
3 0 2 0 0
5 4 5 1 1
8 4 8 5 0
3 2 3 1 1
8 5 8 4 0
5 1 5 6 1
8 3 6 3 0
4 3 3 3 1
4 7 5 7 0
5 6 7 6 1
8 4 8 6 0
3 1 0 1 1
8 6 8 5 0
4 4 4 1 1
6 3 4 3 0
4 1 4 2 1
8 5 8 2 0
4 6 5 6 1
3 8 3 5 0
2 4 2 5 1
4 8 4 6 0
3 4 3 6 1
7 5 5 5 0
7 6 5 6 1
5 5 5 4 0
4 2 4 8 1
1 4 1 8 0
2 5 2 8 1
0 5 1 5 0
0 1 2 1 1
5 7 4 7 0
3 6 4 6 1
1 5 1 4 0
2 8 2 2 1
1 4 1 8 0
2 2 2 8 1
2 0 1 0 0
2 1 2 0 1
0 4 1 4 0
2 8 3 8 1
4 0 3 0 0
4 6 4 0 1
5 4 3 4 0
2 0 2 4 1
7 4 3 4 0
3 8 3 5 1
1 4 1 8 0
4 8 2 8 1
8 2 7 2 0
2 8 0 8 1
GAMEOVER WINNER 1
# Game ended: Sat Apr 07 19:54:38 EDT 2018
