# Server version 0.08 running on 192.168.1.32:8123
# Game ID: 308
# Board class: tablut.TablutBoard
# Timeout: 2000
# First Move Timeout: 30000
# Date: Sat Apr 07 16:36:15 EDT 2018
# Player 1: Player-0, '260614908', running on localhost
# Player 2: Player-1, '260608103', running on localhost
START Player-0 260614908
START Player-1 260608103
8 5 7 5 0
4 5 3 5 1
3 0 2 0 0
6 4 6 0 1
8 4 8 5 0
4 2 0 2 1
8 5 8 4 0
3 5 2 5 1
8 4 8 5 0
2 5 1 5 1
8 5 8 4 0
4 3 1 3 1
8 4 8 5 0
0 2 8 2 1
8 5 8 4 0
1 3 1 0 1
4 0 3 0 0
1 5 4 5 1
8 4 8 5 0
4 5 5 5 1
8 5 8 4 0
4 6 8 6 1
3 0 3 1 0
8 6 0 6 1
8 4 8 5 0
5 5 5 6 1
8 5 8 4 0
5 6 5 7 1
3 8 3 7 0
0 6 6 6 1
8 4 8 5 0
5 4 5 3 1
8 3 6 3 0
3 4 3 6 1
8 5 8 4 0
8 2 7 2 1
7 4 7 3 0
4 4 7 4 1
6 3 7 3 0
GAMEOVER WINNER 0
# Game ended: Sat Apr 07 16:36:21 EDT 2018
