# Server version 0.08 running on 192.168.1.32:8123
# Game ID: 158
# Board class: tablut.TablutBoard
# Timeout: 2000
# First Move Timeout: 30000
# Date: Sat Apr 07 13:54:53 EDT 2018
# Player 1: Player-0, 'GreedyPlayer', running on 192.168.1.32
# Player 2: Player-1, '260614908', running on 192.168.1.32
START Player-0 GreedyPlayer
START Player-1 260614908
1 4 1 2 0
6 4 6 3 1
7 4 6 4 0
4 4 5 4 1
3 0 3 2 0
5 4 5 2 1
4 7 8 7 0
5 2 7 2 1
5 0 5 2 0
2 4 1 4 1
4 1 4 2 0
6 3 5 3 1
6 4 5 4 0
3 4 2 4 1
3 2 3 1 0
2 4 2 3 1
5 4 2 4 0
4 5 3 5 1
4 2 2 2 0
7 2 7 1 1
3 1 5 1 0
7 1 7 2 1
3 8 3 7 0
7 2 7 1 1
1 2 1 6 0
7 1 7 2 1
2 4 2 5 0
7 2 7 1 1
8 5 4 5 0
7 1 7 2 1
4 8 4 7 0
7 2 7 1 1
1 6 1 3 0
7 1 7 2 1
5 8 5 4 0
7 2 7 1 1
4 7 4 6 0
7 1 7 2 1
1 3 1 2 0
7 2 7 1 1
4 6 5 6 0
7 1 7 2 1
5 4 5 5 0
7 2 7 1 1
1 2 1 1 0
7 1 7 2 1
3 7 3 6 0
7 2 7 1 1
8 4 5 4 0
7 1 7 2 1
8 3 8 5 0
7 2 7 1 1
4 5 4 3 0
7 1 7 2 1
3 6 2 6 0
7 2 7 1 1
5 4 2 4 0
7 1 7 2 1
8 7 6 7 0
7 2 7 1 1
6 7 0 7 0
7 1 7 2 1
2 2 4 2 0
7 2 7 1 1
0 7 5 7 0
7 1 7 2 1
4 0 7 0 0
7 2 7 7 1
5 5 4 5 0
7 7 7 8 1
1 1 1 6 0
7 8 6 8 1
0 5 0 6 0
6 8 5 8 1
2 4 6 4 0
5 8 4 8 1
0 4 3 4 0
4 8 3 8 1
5 7 2 7 0
3 8 2 8 1
3 4 3 8 0
2 8 0 8 1
GAMEOVER WINNER 1
# Game ended: Sat Apr 07 13:54:55 EDT 2018
