# Server version 0.08 running on 192.168.1.32:8123
# Game ID: 579
# Board class: tablut.TablutBoard
# Timeout: 2000
# First Move Timeout: 30000
# Date: Sat Apr 07 23:53:30 EDT 2018
# Player 1: Player-0, '260727743', running on localhost
# Player 2: Player-1, '260614908', running on localhost
START Player-0 260727743
START Player-1 260614908
8 5 7 5 0
4 6 3 6 1
4 7 4 6 0
3 4 3 1 1
5 8 5 5 0
3 1 2 1 1
3 0 3 4 0
2 1 2 4 1
8 3 5 3 0
6 4 6 3 1
5 0 5 3 0
6 3 6 5 1
0 3 3 3 0
4 2 2 2 1
4 6 6 6 0
4 4 4 5 1
7 4 6 4 0
2 2 2 0 1
6 4 3 4 0
2 0 2 1 1
3 3 2 3 0
4 5 3 5 1
8 4 7 4 0
3 5 4 5 1
3 8 2 8 0
3 6 3 7 1
6 6 5 6 0
2 1 2 0 1
5 6 6 6 0
3 7 3 6 1
6 6 4 6 0
3 6 3 8 1
0 5 0 7 0
4 5 4 4 1
5 3 5 4 0
4 4 4 3 1
5 4 5 3 0
3 8 3 7 1
4 8 4 7 0
4 3 4 5 1
2 8 2 7 0
4 5 5 5 1
4 7 5 7 0
5 5 4 5 1
5 3 5 6 0
4 5 4 4 1
5 6 5 0 0
4 4 4 3 1
5 7 5 3 0
4 3 4 5 1
5 3 5 7 0
4 5 4 3 1
5 0 5 3 0
2 0 2 1 1
0 7 0 6 0
4 3 4 5 1
5 3 5 6 0
4 5 4 4 1
5 6 5 0 0
4 4 5 4 1
5 0 5 2 0
5 4 5 5 1
5 7 5 6 0
5 5 4 5 1
2 3 1 3 0
4 5 2 5 1
5 2 2 2 0
2 5 4 5 1
4 0 2 0 0
4 5 4 4 1
2 2 1 2 0
4 4 5 4 1
1 2 5 2 0
5 4 4 4 1
0 4 0 3 0
4 4 4 3 1
7 4 7 3 0
4 3 4 5 1
7 3 6 3 0
4 5 4 4 1
6 3 6 4 0
4 4 4 5 1
7 5 6 5 0
4 5 4 4 1
6 5 5 5 0
4 4 4 3 1
5 5 5 3 0
4 3 4 5 1
6 4 6 5 0
4 5 4 3 1
5 6 5 8 0
4 3 4 5 1
5 8 6 8 0
4 5 4 4 1
5 3 8 3 0
4 4 4 3 1
6 5 5 5 0
4 3 6 3 1
4 1 6 1 0
6 3 6 6 1
GAMEOVER DRAW
# Game ended: Sat Apr 07 23:55:12 EDT 2018
