# Server version 0.08 running on 192.168.1.32:8123
# Game ID: 676
# Board class: tablut.TablutBoard
# Timeout: 2000
# First Move Timeout: 30000
# Date: Sun Apr 08 19:53:35 EDT 2018
# Player 1: Player-0, '260620385', running on localhost
# Player 2: Player-1, '260614908', running on localhost
START Player-0 260620385
START Player-1 260614908
8 5 6 5 0
4 3 6 3 1
0 3 4 3 0
4 5 5 5 1
0 5 4 5 0
3 4 3 2 1
4 3 5 3 0
4 4 4 3 1
3 8 3 3 0
5 4 5 2 1
5 8 5 3 0
6 4 3 4 1
7 4 7 3 0
4 3 1 3 1
3 0 1 0 0
2 4 2 0 1
0 4 0 3 0
GAMEOVER TIMEOUT WINNER 0
# Game ended: Sun Apr 08 19:53:51 EDT 2018
