# Server version 0.08 running on 192.168.1.32:8123
# Game ID: 532
# Board class: tablut.TablutBoard
# Timeout: 2000
# First Move Timeout: 30000
# Date: Sat Apr 07 22:33:29 EDT 2018
# Player 1: Player-0, '260620385', running on localhost
# Player 2: Player-1, '260614908', running on localhost
START Player-0 260620385
START Player-1 260614908
8 5 6 5 0
4 6 6 6 1
7 4 7 6 0
3 4 3 1 1
3 8 3 2 0
2 4 2 2 1
5 8 5 6 0
4 5 3 5 1
5 6 3 6 0
6 4 6 3 1
0 3 2 3 0
4 3 3 3 1
1 4 3 4 0
2 2 1 2 1
0 4 0 2 0
5 4 5 1 1
3 0 3 2 0
1 2 1 1 1
0 2 0 1 0
1 1 2 1 1
0 1 1 1 0
2 1 2 0 1
1 1 1 0 0
2 0 2 1 1
1 0 2 0 0
2 1 1 1 1
2 0 1 0 0
1 1 2 1 1
1 0 2 0 0
2 1 1 1 1
2 0 1 0 0
1 1 2 1 1
1 0 2 0 0
2 1 1 1 1
2 0 1 0 0
1 1 2 1 1
1 0 2 0 0
2 1 1 1 1
2 0 1 0 0
1 1 2 1 1
1 0 2 0 0
2 1 1 1 1
2 0 1 0 0
1 1 2 1 1
1 0 2 0 0
2 1 1 1 1
2 0 1 0 0
1 1 2 1 1
1 0 2 0 0
2 1 1 1 1
2 0 1 0 0
1 1 2 1 1
1 0 2 0 0
2 1 1 1 1
2 0 1 0 0
1 1 2 1 1
1 0 2 0 0
2 1 1 1 1
2 0 1 0 0
1 1 2 1 1
1 0 2 0 0
2 1 1 1 1
2 0 1 0 0
1 1 2 1 1
1 0 2 0 0
2 1 1 1 1
2 0 1 0 0
1 1 2 1 1
1 0 2 0 0
2 1 1 1 1
2 0 1 0 0
1 1 2 1 1
1 0 2 0 0
2 1 1 1 1
2 0 1 0 0
1 1 2 1 1
1 0 2 0 0
2 1 1 1 1
2 0 1 0 0
1 1 2 1 1
1 0 2 0 0
2 1 1 1 1
2 0 1 0 0
1 1 2 1 1
1 0 2 0 0
2 1 1 1 1
2 0 1 0 0
1 1 2 1 1
1 0 2 0 0
2 1 1 1 1
2 0 1 0 0
1 1 2 1 1
1 0 2 0 0
2 1 1 1 1
2 0 1 0 0
1 1 2 1 1
1 0 2 0 0
2 1 1 1 1
4 7 4 5 0
1 1 3 1 1
GAMEOVER DRAW
# Game ended: Sat Apr 07 22:33:55 EDT 2018
