# Server version 0.08 running on 192.168.1.32:8123
# Game ID: 639
# Board class: tablut.TablutBoard
# Timeout: 2000
# First Move Timeout: 30000
# Date: Sun Apr 08 17:51:43 EDT 2018
# Player 1: Player-0, '260727743', running on localhost
# Player 2: Player-1, '260614908', running on localhost
START Player-0 260727743
START Player-1 260614908
8 5 7 5 0
2 4 2 8 1
1 4 2 4 0
4 4 3 4 1
3 0 2 0 0
4 2 1 2 1
4 1 4 2 0
1 2 1 3 1
8 3 2 3 0
5 4 5 6 1
5 0 5 4 0
4 6 3 6 1
4 7 4 6 0
2 8 2 7 1
2 4 2 6 0
2 7 5 7 1
0 5 6 5 0
5 7 7 7 1
6 5 6 6 0
7 7 2 7 1
3 8 2 8 0
3 4 3 5 1
8 4 8 3 0
3 5 3 4 1
8 3 7 3 0
3 4 3 5 1
7 3 6 3 0
3 5 4 5 1
2 3 1 3 0
4 5 4 3 1
2 8 1 8 0
4 3 4 5 1
0 4 0 5 0
4 5 4 3 1
4 8 3 8 0
4 3 3 3 1
3 8 2 8 0
3 3 4 3 1
2 8 2 7 0
4 3 3 3 1
6 3 5 3 0
3 3 3 5 1
7 5 6 5 0
3 5 3 4 1
6 5 5 5 0
3 4 3 1 1
0 5 0 6 0
3 1 3 4 1
5 5 4 5 0
3 4 3 1 1
4 5 3 5 0
3 1 7 1 1
6 6 6 1 0
7 1 7 2 1
5 3 8 3 0
7 2 8 2 1
6 1 8 1 0
GAMEOVER WINNER 0
# Game ended: Sun Apr 08 17:52:43 EDT 2018
