# Server version 0.08 running on 192.168.1.32:8123
# Game ID: 672
# Board class: tablut.TablutBoard
# Timeout: 2000
# First Move Timeout: 30000
# Date: Sun Apr 08 19:48:26 EDT 2018
# Player 1: Player-0, '260620385', running on localhost
# Player 2: Player-1, '260614908', running on localhost
START Player-0 260620385
START Player-1 260614908
8 5 6 5 0
4 2 6 2 1
8 3 6 3 0
4 6 1 6 1
1 4 1 5 0
4 5 4 6 1
4 7 1 7 0
4 4 4 5 1
4 1 6 1 0
4 6 5 6 1
4 0 4 2 0
4 5 4 6 1
1 5 4 5 0
4 6 2 6 1
4 5 2 5 0
2 6 4 6 1
0 3 2 3 0
5 6 5 5 1
0 4 2 4 0
5 4 5 1 1
4 2 4 5 0
4 6 3 6 1
1 7 3 7 0
3 6 3 2 1
3 0 3 1 0
3 2 7 2 1
8 4 8 2 0
7 2 1 2 1
4 5 4 1 0
1 2 1 6 1
3 8 2 8 0
1 6 1 8 1
4 1 4 7 0
1 8 0 8 1
GAMEOVER WINNER 1
# Game ended: Sun Apr 08 19:48:42 EDT 2018
