# Server version 0.08 running on 192.168.1.32:8123
# Game ID: 278
# Board class: tablut.TablutBoard
# Timeout: 2000
# First Move Timeout: 30000
# Date: Sat Apr 07 16:21:04 EDT 2018
# Player 1: Player-0, '260614908', running on localhost
# Player 2: Player-1, '260608103', running on localhost
START Player-0 260614908
START Player-1 260608103
8 5 7 5 0
4 2 3 2 1
3 0 2 0 0
3 2 7 2 1
8 4 8 5 0
7 2 6 2 1
8 3 6 3 0
4 3 3 3 1
4 1 4 3 0
6 2 4 2 1
3 8 3 6 0
2 4 2 6 1
7 5 6 5 0
4 4 4 3 1
5 0 5 3 0
4 2 5 2 1
4 0 4 1 0
5 2 4 2 1
6 3 5 3 0
4 2 5 2 1
6 5 6 3 0
3 3 2 3 1
8 5 7 5 0
5 4 5 3 1
4 8 3 8 0
5 2 3 2 1
3 8 2 8 0
3 2 0 2 1
1 4 1 3 0
3 4 6 4 1
0 4 1 4 0
0 2 6 2 1
7 5 6 5 0
4 6 6 6 1
1 4 5 4 0
4 5 5 5 1
0 5 2 5 0
2 3 2 4 1
7 4 5 4 0
6 2 6 4 1
2 0 1 0 0
2 4 2 0 1
1 3 1 2 0
2 0 4 0 1
1 2 0 2 0
4 3 4 2 1
0 2 0 1 0
4 2 0 2 1
4 7 3 7 0
0 2 0 0 1
GAMEOVER WINNER 1
# Game ended: Sat Apr 07 16:21:11 EDT 2018
