# Server version 0.08 running on 192.168.1.32:8123
# Game ID: 340
# Board class: tablut.TablutBoard
# Timeout: 2000
# First Move Timeout: 30000
# Date: Sat Apr 07 16:58:59 EDT 2018
# Player 1: Player-0, '260614908', running on localhost
# Player 2: Player-1, '260608103', running on localhost
START Player-0 260614908
START Player-1 260608103
8 5 7 5 0
3 4 3 1 1
3 0 2 0 0
5 4 5 1 1
8 4 8 5 0
6 4 6 1 1
8 5 8 4 0
2 4 3 4 1
8 4 8 5 0
4 6 1 6 1
8 5 8 4 0
4 3 2 3 1
8 4 8 5 0
3 1 3 2 1
8 5 8 4 0
3 2 3 1 1
8 4 8 5 0
5 1 5 3 1
8 5 8 4 0
3 4 3 5 1
8 4 8 5 0
5 3 6 3 1
3 8 3 6 0
4 2 4 1 1
8 5 8 4 0
4 4 3 4 1
8 4 8 5 0
2 3 5 3 1
8 5 8 4 0
3 4 3 3 1
8 4 8 5 0
3 1 3 0 1
8 5 8 4 0
4 5 4 6 1
8 4 8 5 0
1 6 2 6 1
8 5 8 4 0
3 5 5 5 1
8 4 8 5 0
3 3 4 3 1
8 5 8 4 0
4 3 2 3 1
8 4 8 5 0
5 3 3 3 1
8 5 8 4 0
2 6 2 4 1
8 4 8 5 0
4 6 0 6 1
8 5 8 4 0
2 4 2 7 1
8 4 8 5 0
3 3 3 2 1
8 5 8 4 0
2 3 2 6 1
8 4 8 5 0
3 2 3 3 1
8 5 8 4 0
3 3 3 4 1
8 4 8 5 0
2 7 3 7 1
8 5 8 4 0
5 5 5 7 1
8 4 8 6 0
3 7 3 8 1
8 6 7 6 0
5 7 5 1 1
7 6 6 6 0
4 1 4 5 1
8 3 7 3 0
4 5 1 5 1
7 5 2 5 0
3 4 2 4 1
7 3 7 2 0
6 3 8 3 1
4 8 4 7 0
2 6 2 7 1
1 4 1 7 0
0 6 0 7 1
7 2 1 2 0
8 3 6 3 1
1 2 1 1 0
3 8 3 6 1
1 1 1 0 0
5 1 2 1 1
1 0 1 1 0
3 6 3 8 1
1 1 1 0 0
6 3 5 3 1
1 0 1 1 0
5 3 5 5 1
1 1 1 0 0
3 8 1 8 1
1 0 1 1 0
5 5 7 5 1
1 1 0 1 0
1 8 1 0 1
0 1 1 1 0
2 7 2 8 1
1 1 1 8 0
2 1 2 2 1
GAMEOVER DRAW
# Game ended: Sat Apr 07 16:59:11 EDT 2018
