# Server version 0.08 running on 192.168.1.32:8123
# Game ID: 332
# Board class: tablut.TablutBoard
# Timeout: 2000
# First Move Timeout: 30000
# Date: Sat Apr 07 16:54:51 EDT 2018
# Player 1: Player-0, '260614908', running on localhost
# Player 2: Player-1, '260608103', running on localhost
START Player-0 260614908
START Player-1 260608103
8 5 7 5 0
4 5 3 5 1
3 0 2 0 0
5 4 5 3 1
8 4 8 5 0
4 6 4 5 1
8 5 8 4 0
6 4 6 6 1
8 4 8 5 0
6 6 6 7 1
8 5 8 4 0
4 5 4 6 1
8 4 8 5 0
6 7 6 8 1
8 5 8 4 0
4 6 3 6 1
8 4 8 5 0
4 3 2 3 1
4 0 3 0 0
6 8 7 8 1
8 5 8 4 0
3 6 0 6 1
3 0 3 1 0
4 2 4 3 1
8 4 8 5 0
4 3 3 3 1
8 5 8 4 0
3 5 3 7 1
8 4 8 5 0
5 3 5 7 1
8 5 8 4 0
3 3 4 3 1
8 4 8 5 0
4 4 4 6 1
8 5 8 6 0
3 7 3 5 1
7 5 4 5 0
5 7 5 5 1
4 1 4 2 0
2 4 2 6 1
4 2 4 5 0
4 6 6 6 1
8 6 7 6 0
2 6 4 6 1
5 8 5 6 0
GAMEOVER WINNER 0
# Game ended: Sat Apr 07 16:54:56 EDT 2018
