# Server version 0.08 running on 192.168.1.32:8123
# Game ID: 186
# Board class: tablut.TablutBoard
# Timeout: 2000
# First Move Timeout: 30000
# Date: Sat Apr 07 14:30:51 EDT 2018
# Player 1: Player-0, 'GreedyPlayer', running on localhost
# Player 2: Player-1, '260614908', running on localhost
START Player-0 GreedyPlayer
START Player-1 260614908
1 4 1 2 0
6 4 6 3 1
7 4 6 4 0
4 4 5 4 1
3 0 3 2 0
5 4 5 2 1
4 1 2 1 0
5 2 7 2 1
5 0 5 2 0
2 4 1 4 1
2 1 2 4 0
4 3 3 3 1
3 8 3 4 0
4 5 3 5 1
8 5 4 5 0
7 2 7 1 1
5 2 6 2 0
7 1 5 1 1
2 4 2 5 0
5 1 2 1 1
6 2 7 2 0
2 1 5 1 1
4 0 4 2 0
5 1 4 1 1
7 2 5 2 0
4 1 3 1 1
4 7 6 7 0
3 1 2 1 1
6 4 5 4 0
2 1 1 1 1
6 7 6 4 0
1 1 2 1 1
3 2 3 0 0
2 1 6 1 1
6 4 6 6 0
6 1 2 1 1
3 4 3 5 0
2 1 6 1 1
0 3 7 3 0
6 1 2 1 1
5 8 5 7 0
2 1 6 1 1
5 2 5 1 0
6 1 7 1 1
5 4 5 6 0
GAMEOVER ILLEGAL MOVE: Swedes (p1) move (5, 1) to (7, 1) WINNER 0
# Game ended: Sat Apr 07 14:30:53 EDT 2018
