# Server version 0.08 running on 192.168.1.32:8123
# Game ID: 20
# Board class: tablut.TablutBoard
# Timeout: 2000
# First Move Timeout: 30000
# Date: Sat Apr 07 04:44:43 EDT 2018
# Player 1: Player-0, '260614908', running on localhost
# Player 2: Player-1, '260614908', running on localhost
START Player-0 260614908
START Player-1 260614908
7 4 7 5 0
6 4 6 8 1
0 5 3 5 0
5 4 5 7 1
3 8 3 6 0
6 8 7 8 1
5 0 7 0 0
4 2 3 2 1
4 7 2 7 0
7 8 6 8 1
1 4 1 1 0
2 4 2 1 1
3 0 3 1 0
4 6 5 6 1
8 5 8 6 0
5 7 7 7 1
5 8 5 7 0
4 3 1 3 1
0 4 0 6 0
1 3 4 3 1
8 4 5 4 0
4 3 7 3 1
4 8 3 8 0
7 7 7 6 1
5 4 7 4 0
6 8 6 3 1
3 6 4 6 0
6 3 6 5 1
3 8 7 8 0
3 4 3 3 1
3 5 3 4 0
3 2 6 2 1
2 7 2 2 0
3 3 4 3 1
1 1 1 4 0
5 6 5 2 1
8 6 8 4 0
6 5 6 6 1
5 7 7 7 0
4 3 1 3 1
2 2 2 3 0
4 4 4 2 1
7 7 3 7 0
6 6 8 6 1
4 0 6 0 0
8 6 8 5 1
6 0 6 1 0
4 2 4 4 1
2 3 5 3 0
6 2 6 6 1
6 1 7 1 0
5 2 7 2 1
1 4 1 8 0
4 4 4 5 1
0 6 0 4 0
6 6 6 5 1
7 0 3 0 0
4 5 5 5 1
7 8 6 8 0
7 2 0 2 1
8 3 8 1 0
7 3 6 3 1
3 4 5 4 0
0 2 3 2 1
4 1 5 1 0
3 2 4 2 1
5 1 6 1 0
6 5 6 6 1
4 6 5 6 0
GAMEOVER WINNER 0
# Game ended: Sat Apr 07 04:47:57 EDT 2018
