# Server version 0.08 running on 192.168.1.32:8123
# Game ID: 288
# Board class: tablut.TablutBoard
# Timeout: 2000
# First Move Timeout: 30000
# Date: Sat Apr 07 16:24:35 EDT 2018
# Player 1: Player-0, '260614908', running on localhost
# Player 2: Player-1, '260608103', running on localhost
START Player-0 260614908
START Player-1 260608103
8 5 7 5 0
2 4 2 5 1
1 4 2 4 0
4 3 2 3 1
3 0 3 5 0
5 4 5 6 1
8 3 4 3 0
2 3 2 4 1
5 0 5 4 0
2 5 2 8 1
5 4 5 5 0
4 4 5 4 1
8 4 8 3 0
5 4 5 2 1
4 3 3 3 0
2 4 2 0 1
3 8 3 7 0
5 2 1 2 1
8 3 7 3 0
5 6 5 7 1
7 3 6 3 0
1 2 7 2 1
7 4 8 4 0
2 0 2 7 1
8 4 8 3 0
2 7 2 2 1
8 3 8 2 0
4 6 0 6 1
6 3 6 2 0
GAMEOVER WINNER 0
# Game ended: Sat Apr 07 16:24:39 EDT 2018
