# Server version 0.08 running on 192.168.1.32:8123
# Game ID: 492
# Board class: tablut.TablutBoard
# Timeout: 2000
# First Move Timeout: 30000
# Date: Sat Apr 07 21:23:13 EDT 2018
# Player 1: Player-0, '260614908', running on localhost
# Player 2: Player-1, '260727743', running on localhost
START Player-0 260614908
START Player-1 260727743
8 5 7 5 0
6 4 6 3 1
3 0 2 0 0
4 6 5 6 1
8 4 8 5 0
6 3 6 4 1
8 5 8 4 0
6 4 6 3 1
8 4 8 5 0
6 3 6 4 1
8 5 8 4 0
5 4 5 1 1
8 4 8 5 0
3 4 3 1 1
8 5 8 4 0
4 5 3 5 1
8 4 8 5 0
3 5 3 7 1
8 5 8 6 0
5 6 5 7 1
8 6 4 6 0
4 4 4 5 1
0 5 1 5 0
5 7 4 7 1
8 3 8 6 0
4 5 4 6 1
1 5 1 6 0
6 4 3 4 1
8 6 7 6 0
3 1 2 1 1
7 6 6 6 0
4 6 3 6 1
3 8 2 8 0
5 1 5 6 1
1 6 2 6 0
2 1 2 3 1
0 4 0 5 0
3 7 3 8 1
4 0 3 0 0
4 2 5 2 1
3 0 4 0 0
5 2 4 2 1
4 0 3 0 0
4 2 1 2 1
3 0 4 0 0
4 3 4 2 1
4 0 3 0 0
3 6 4 6 1
3 0 4 0 0
4 6 4 3 1
7 4 7 3 0
4 3 4 4 1
7 3 8 3 0
4 4 4 6 1
8 3 7 3 0
4 6 4 4 1
7 3 8 3 0
4 4 4 6 1
8 3 7 3 0
4 6 4 4 1
7 3 8 3 0
4 4 4 6 1
8 3 7 3 0
4 6 4 4 1
7 3 8 3 0
4 4 4 6 1
8 3 7 3 0
4 6 4 4 1
7 3 8 3 0
4 4 4 6 1
8 3 7 3 0
4 6 4 4 1
7 3 8 3 0
4 4 4 6 1
8 3 7 3 0
4 6 4 4 1
7 3 8 3 0
4 4 4 6 1
8 3 7 3 0
4 6 4 4 1
7 3 8 3 0
4 4 4 6 1
8 3 7 3 0
4 6 4 4 1
7 3 8 3 0
4 4 4 6 1
8 3 7 3 0
4 6 4 4 1
7 3 8 3 0
4 4 4 6 1
8 3 7 3 0
4 6 4 4 1
7 3 8 3 0
4 4 4 6 1
8 3 7 3 0
4 6 4 4 1
7 3 8 3 0
1 2 0 2 1
2 6 4 6 0
2 4 2 5 1
GAMEOVER DRAW
# Game ended: Sat Apr 07 21:25:45 EDT 2018
