# Server version 0.08 running on 192.168.1.32:8123
# Game ID: 490
# Board class: tablut.TablutBoard
# Timeout: 2000
# First Move Timeout: 30000
# Date: Sat Apr 07 21:12:52 EDT 2018
# Player 1: Player-0, '260614908', running on localhost
# Player 2: Player-1, '260727743', running on localhost
START Player-0 260614908
START Player-1 260727743
8 5 7 5 0
6 4 6 3 1
3 0 2 0 0
4 6 5 6 1
8 4 8 5 0
5 4 5 1 1
7 4 5 4 0
6 3 6 4 1
8 5 8 4 0
3 4 3 1 1
3 8 3 4 0
4 5 5 5 1
8 4 7 4 0
6 4 6 3 1
8 3 7 3 0
5 1 6 1 1
7 3 7 2 0
6 1 7 1 1
4 0 3 0 0
6 3 7 3 1
7 5 6 5 0
5 5 2 5 1
4 8 3 8 0
2 5 2 4 1
3 8 3 4 0
4 3 3 3 1
3 0 4 0 0
7 1 6 1 1
4 0 3 0 0
6 1 5 1 1
6 5 6 2 0
4 4 4 5 1
6 2 6 5 0
4 5 3 5 1
2 0 2 8 0
5 1 4 1 1
6 5 5 5 0
3 5 3 6 1
5 5 1 5 0
3 6 3 5 1
7 4 7 5 0
3 5 3 4 1
7 5 7 4 0
3 4 3 5 1
7 4 7 5 0
3 5 3 4 1
7 5 7 4 0
3 4 3 5 1
7 4 7 5 0
3 5 3 4 1
7 5 7 4 0
5 6 4 6 1
3 0 2 0 0
3 4 3 5 1
7 4 7 5 0
3 5 3 4 1
7 5 7 4 0
3 4 3 5 1
7 4 7 5 0
3 5 3 4 1
7 5 7 4 0
3 4 3 5 1
7 4 7 5 0
3 5 3 4 1
7 5 7 4 0
3 4 3 5 1
7 4 7 5 0
3 5 3 4 1
7 5 7 4 0
3 4 3 5 1
7 4 7 5 0
3 5 3 4 1
7 5 7 4 0
3 4 3 5 1
7 4 7 5 0
3 5 3 4 1
7 5 7 4 0
3 4 3 5 1
7 4 7 5 0
3 5 3 4 1
7 5 7 4 0
7 3 7 1 1
1 5 2 5 0
3 4 3 5 1
7 4 7 5 0
3 5 3 4 1
7 5 7 4 0
3 1 3 2 1
0 5 1 5 0
3 4 3 5 1
7 4 7 5 0
3 5 3 4 1
7 5 7 4 0
3 4 3 5 1
7 4 7 5 0
3 5 3 4 1
7 5 7 4 0
3 4 3 5 1
1 5 0 5 0
3 2 2 2 1
GAMEOVER DRAW
# Game ended: Sat Apr 07 21:15:14 EDT 2018
