# Server version 0.08 running on 192.168.1.32:8123
# Game ID: 474
# Board class: tablut.TablutBoard
# Timeout: 2000
# First Move Timeout: 30000
# Date: Sat Apr 07 20:24:57 EDT 2018
# Player 1: Player-0, '260614908', running on localhost
# Player 2: Player-1, '260608103', running on localhost
START Player-0 260614908
START Player-1 260608103
8 5 7 5 0
4 6 5 6 1
3 0 2 0 0
4 5 1 5 1
4 7 4 5 0
4 3 1 3 1
8 3 4 3 0
5 6 4 6 1
7 5 4 5 0
2 4 2 1 1
8 4 8 3 0
2 1 2 2 1
4 8 4 7 0
2 2 4 2 1
8 3 4 3 0
5 4 5 2 1
5 8 5 4 0
5 2 4 2 1
3 8 2 8 0
1 5 2 5 1
4 5 3 5 0
4 4 4 5 1
5 4 5 5 0
3 4 3 2 1
5 5 6 5 0
1 3 1 8 1
6 5 5 5 0
3 2 3 8 1
5 5 6 5 0
3 8 7 8 1
6 5 5 5 0
4 2 4 3 1
5 5 6 5 0
1 8 4 8 1
6 5 5 5 0
4 5 4 6 1
5 5 4 5 0
4 3 3 3 1
4 5 3 5 0
4 6 4 5 1
7 4 7 5 0
4 8 6 8 1
0 5 1 5 0
3 3 7 3 1
7 5 6 5 0
7 3 7 7 1
6 5 7 5 0
7 7 0 7 1
1 5 1 4 0
4 5 4 8 1
1 4 1 8 0
2 5 2 8 1
7 5 3 5 0
0 7 7 7 1
3 5 1 5 0
2 8 2 3 1
1 5 1 8 0
4 8 2 8 1
2 0 1 0 0
2 8 0 8 1
GAMEOVER WINNER 1
# Game ended: Sat Apr 07 20:25:07 EDT 2018
