# Server version 0.08 running on 192.168.1.32:8123
# Game ID: 677
# Board class: tablut.TablutBoard
# Timeout: 2000
# First Move Timeout: 30000
# Date: Sun Apr 08 19:58:23 EDT 2018
# Player 1: Player-0, '260614908', running on localhost
# Player 2: Player-1, '260620385', running on localhost
START Player-0 260614908
START Player-1 260620385
7 4 7 3 0
6 4 6 2 1
4 7 2 7 0
2 4 2 3 1
0 5 1 5 0
2 3 2 2 1
1 5 1 6 0
3 4 3 3 1
8 4 7 4 0
5 4 5 3 1
1 4 2 4 0
4 4 3 4 1
2 7 7 7 0
3 4 3 5 1
0 4 1 4 0
3 5 0 5 1
1 6 0 6 0
0 5 3 5 1
2 4 5 4 0
3 5 2 5 1
7 7 1 7 0
5 3 5 2 1
4 1 0 1 0
2 2 1 2 1
0 3 2 3 0
1 2 1 3 1
3 0 2 0 0
2 5 2 2 1
0 6 0 2 0
1 3 0 3 1
1 7 6 7 0
2 2 2 7 1
2 0 2 6 0
4 5 2 5 1
1 4 1 7 0
0 3 0 7 1
3 8 2 8 0
0 7 0 6 1
5 8 7 8 0
4 6 6 6 1
8 5 6 5 0
0 6 4 6 1
8 3 8 5 0
2 5 0 5 1
2 8 1 8 0
2 7 0 7 1
4 0 1 0 0
4 3 5 3 1
5 0 2 0 0
5 3 4 3 1
1 8 1 6 0
0 7 0 8 1
GAMEOVER WINNER 1
# Game ended: Sun Apr 08 19:58:53 EDT 2018
