# Server version 0.08 running on 192.168.1.32:8123
# Game ID: 29
# Board class: tablut.TablutBoard
# Timeout: 2000
# First Move Timeout: 30000
# Date: Sat Apr 07 05:48:06 EDT 2018
# Player 1: Player-0, '260614908', running on localhost
# Player 2: Player-1, 'RandomPlayer', running on localhost
START Player-0 260614908
START Player-1 RandomPlayer
8 5 7 5 0
2 4 2 1 1
1 4 2 4 0
4 2 8 2 1
3 0 2 0 0
4 5 2 5 1
4 1 8 1 0
2 1 7 1 1
8 4 8 5 0
6 4 6 0 1
8 5 8 4 0
4 3 6 3 1
8 4 8 5 0
4 6 0 6 1
8 5 8 4 0
4 4 4 5 1
8 4 8 5 0
7 1 0 1 1
8 5 8 4 0
0 1 5 1 1
8 4 8 5 0
2 5 1 5 1
8 5 8 4 0
0 6 1 6 1
8 4 8 5 0
5 1 1 1 1
8 5 8 4 0
5 4 3 4 1
8 4 8 5 0
3 4 3 5 1
8 5 8 4 0
6 3 6 5 1
8 4 8 5 0
1 5 1 4 1
8 5 8 4 0
3 5 3 0 1
8 4 8 5 0
6 5 6 8 1
8 5 8 4 0
1 6 5 6 1
8 4 8 5 0
6 0 6 1 1
8 5 8 4 0
5 6 3 6 1
8 4 8 5 0
1 4 1 7 1
8 5 8 4 0
1 1 1 3 1
8 4 8 5 0
6 1 7 1 1
8 5 8 4 0
6 8 6 0 1
8 4 8 5 0
1 3 2 3 1
8 5 8 4 0
6 0 6 2 1
8 4 8 5 0
2 3 5 3 1
8 5 8 4 0
4 5 6 5 1
8 4 8 5 0
1 7 1 8 1
8 5 8 4 0
6 2 0 2 1
8 4 8 5 0
3 6 5 6 1
8 5 8 4 0
5 3 1 3 1
8 4 8 5 0
7 1 4 1 1
8 5 8 4 0
1 3 2 3 1
8 4 8 5 0
4 1 4 2 1
8 5 8 4 0
3 0 3 6 1
8 4 8 5 0
4 2 4 6 1
8 5 8 4 0
1 8 1 4 1
8 4 8 5 0
2 3 1 3 1
8 5 8 4 0
4 6 4 5 1
8 4 8 5 0
3 6 3 5 1
8 5 8 4 0
0 2 0 1 1
8 4 8 5 0
5 6 5 1 1
8 5 8 4 0
0 1 2 1 1
8 4 8 5 0
3 5 1 5 1
8 5 8 4 0
2 1 4 1 1
8 4 8 5 0
1 3 7 3 1
8 5 8 4 0
6 5 5 5 1
GAMEOVER DRAW
# Game ended: Sat Apr 07 05:48:07 EDT 2018
