# Server version 0.08 running on 192.168.1.32:8123
# Game ID: 283
# Board class: tablut.TablutBoard
# Timeout: 2000
# First Move Timeout: 30000
# Date: Sat Apr 07 16:23:52 EDT 2018
# Player 1: Player-0, 'GreedyPlayer', running on localhost
# Player 2: Player-1, '260614908', running on localhost
START Player-0 GreedyPlayer
START Player-1 260614908
1 4 1 2 0
6 4 6 3 1
7 4 6 4 0
2 4 1 4 1
5 8 5 2 0
6 3 6 2 1
3 0 3 1 0
6 2 5 2 1
0 5 0 7 0
4 5 6 5 1
4 8 7 8 0
4 6 0 6 1
4 1 7 1 0
5 2 5 1 1
7 1 7 2 0
4 3 6 3 1
7 2 5 2 0
6 3 6 2 1
3 8 3 5 0
0 6 3 6 1
4 7 2 7 0
3 4 2 4 1
1 2 1 1 0
6 5 6 8 1
1 1 1 0 0
3 6 3 7 1
2 7 2 6 0
3 7 2 7 1
5 0 5 3 0
6 2 6 1 1
8 5 2 5 0
2 4 2 3 1
2 5 2 4 0
2 3 2 0 1
0 4 0 5 0
6 1 5 1 1
5 3 5 7 0
4 2 2 2 1
3 1 2 1 0
4 4 4 8 1
8 3 2 3 0
4 8 3 8 1
0 5 0 4 0
3 8 2 8 1
4 0 4 3 0
2 8 1 8 1
4 3 3 3 0
1 8 0 8 1
GAMEOVER WINNER 1
# Game ended: Sat Apr 07 16:23:55 EDT 2018
