# Server version 0.08 running on 192.168.1.32:8123
# Game ID: 524
# Board class: tablut.TablutBoard
# Timeout: 2000
# First Move Timeout: 30000
# Date: Sat Apr 07 22:28:16 EDT 2018
# Player 1: Player-0, 'GreedyPlayer', running on localhost
# Player 2: Player-1, '260614908', running on localhost
START Player-0 GreedyPlayer
START Player-1 260614908
1 4 1 2 0
6 4 6 3 1
7 4 6 4 0
2 4 1 4 1
5 8 5 2 0
6 3 6 2 1
3 0 3 1 0
4 3 3 3 1
8 3 4 3 0
6 2 4 2 1
6 4 6 2 0
3 3 2 3 1
4 7 8 7 0
3 4 2 4 1
4 8 6 8 0
4 6 8 6 1
1 2 2 2 0
2 4 3 4 1
5 0 7 0 0
8 6 7 6 1
3 1 3 2 0
4 5 6 5 1
6 2 5 2 0
6 5 6 0 1
3 8 3 6 0
6 0 6 1 1
4 1 4 2 0
6 1 4 1 1
5 2 5 3 0
3 4 2 4 1
4 0 2 0 0
4 4 4 3 1
8 5 1 5 0
4 3 4 8 1
0 3 1 3 0
4 8 0 8 1
GAMEOVER WINNER 1
# Game ended: Sat Apr 07 22:28:19 EDT 2018
