# Server version 0.08 running on 192.168.1.32:8123
# Game ID: 253
# Board class: tablut.TablutBoard
# Timeout: 2000
# First Move Timeout: 30000
# Date: Sat Apr 07 15:41:00 EDT 2018
# Player 1: Player-0, 'GreedyPlayer', running on 192.168.1.32
# Player 2: Player-1, 'RandomPlayer', running on 192.168.1.32
START Player-0 GreedyPlayer
START Player-1 RandomPlayer
1 4 1 2 0
2 4 2 2 1
3 0 3 2 0
6 4 6 5 1
0 4 2 4 0
4 3 6 3 1
7 4 6 4 0
4 2 7 2 1
3 2 6 2 0
4 5 5 5 1
8 3 8 2 0
5 5 5 1 1
1 2 5 2 0
4 4 4 2 1
3 8 3 2 0
GAMEOVER WINNER 0
# Game ended: Sat Apr 07 15:41:00 EDT 2018
