# Server version 0.08 running on 192.168.1.32:8123
# Game ID: 544
# Board class: tablut.TablutBoard
# Timeout: 2000
# First Move Timeout: 30000
# Date: Sat Apr 07 22:53:04 EDT 2018
# Player 1: Player-0, '260608103', running on localhost
# Player 2: Player-1, '260614908', running on localhost
START Player-0 260608103
START Player-1 260614908
3 0 2 0 0
3 4 3 5 1
7 4 7 3 0
6 4 6 3 1
8 4 6 4 0
4 5 6 5 1
5 0 5 3 0
6 5 6 3 1
8 5 4 5 0
2 4 2 6 1
2 0 2 5 0
4 2 7 2 1
4 1 7 1 0
2 6 1 6 1
4 0 4 2 0
1 6 3 6 1
0 3 5 3 0
4 4 3 4 1
4 5 6 5 0
3 4 3 0 1
4 7 0 7 0
3 0 2 0 1
6 5 6 0 0
2 0 0 0 1
GAMEOVER WINNER 1
# Game ended: Sat Apr 07 22:53:11 EDT 2018
