# Server version 0.08 running on 192.168.1.32:8123
# Game ID: 442
# Board class: tablut.TablutBoard
# Timeout: 2000
# First Move Timeout: 30000
# Date: Sat Apr 07 19:55:25 EDT 2018
# Player 1: Player-0, '260614908', running on localhost
# Player 2: Player-1, '260608103', running on localhost
START Player-0 260614908
START Player-1 260608103
8 5 7 5 0
2 4 2 5 1
3 0 2 0 0
4 2 8 2 1
8 4 8 5 0
8 2 7 2 1
8 5 8 4 0
7 2 2 2 1
8 4 8 5 0
4 6 6 6 1
8 5 8 4 0
6 4 6 0 1
8 4 8 5 0
2 5 1 5 1
8 5 8 4 0
4 3 1 3 1
8 4 8 5 0
2 2 2 1 1
8 5 8 4 0
6 6 1 6 1
8 4 8 5 0
2 1 2 5 1
8 5 8 4 0
5 4 5 3 1
8 4 8 5 0
4 4 4 2 1
8 5 8 4 0
1 6 3 6 1
8 4 8 5 0
4 2 4 4 1
8 5 8 4 0
6 0 6 3 1
8 4 8 5 0
1 3 4 3 1
8 5 8 4 0
5 3 5 4 1
8 4 8 5 0
1 5 1 7 1
8 5 8 4 0
1 7 2 7 1
8 4 8 5 0
5 4 5 2 1
8 5 8 4 0
2 5 3 5 1
8 4 8 5 0
2 7 2 2 1
8 5 8 4 0
6 3 7 3 1
8 4 8 5 0
3 4 3 0 1
8 5 8 4 0
2 2 2 3 1
8 4 8 5 0
7 3 7 1 1
8 5 8 4 0
4 4 2 4 1
3 8 2 8 0
4 3 3 3 1
7 4 3 4 0
2 4 2 5 1
8 4 7 4 0
2 5 2 4 1
7 4 3 4 0
7 1 7 0 1
0 4 1 4 0
GAMEOVER WINNER 0
# Game ended: Sat Apr 07 19:55:32 EDT 2018
