# Server version 0.08 running on 192.168.1.32:8123
# Game ID: 251
# Board class: tablut.TablutBoard
# Timeout: 2000
# First Move Timeout: 30000
# Date: Sat Apr 07 15:39:58 EDT 2018
# Player 1: Player-0, 'GreedyPlayer', running on 192.168.1.32
# Player 2: Player-1, 'RandomPlayer', running on 192.168.1.32
START Player-0 GreedyPlayer
START Player-1 RandomPlayer
1 4 1 2 0
2 4 2 2 1
3 0 3 2 0
6 4 6 5 1
0 4 2 4 0
4 3 6 3 1
7 4 6 4 0
6 3 6 1 1
8 3 4 3 0
4 5 5 5 1
0 5 4 5 0
6 1 6 2 1
4 1 3 1 0
6 5 6 7 1
8 5 6 5 0
6 7 8 7 1
8 4 8 6 0
4 4 3 4 1
0 3 0 7 0
6 2 6 3 1
3 2 6 2 0
3 4 3 3 1
2 4 2 3 0
GAMEOVER WINNER 0
# Game ended: Sat Apr 07 15:39:59 EDT 2018
