# Server version 0.08 running on 192.168.1.32:8123
# Game ID: 456
# Board class: tablut.TablutBoard
# Timeout: 2000
# First Move Timeout: 30000
# Date: Sat Apr 07 20:11:56 EDT 2018
# Player 1: Player-0, '260614908', running on localhost
# Player 2: Player-1, '260608103', running on localhost
START Player-0 260614908
START Player-1 260608103
8 5 7 5 0
6 4 6 3 1
3 0 2 0 0
6 3 6 8 1
8 4 8 5 0
2 4 2 5 1
8 5 8 4 0
4 3 3 3 1
8 3 4 3 0
5 4 5 3 1
4 1 4 2 0
6 8 6 4 1
8 4 8 3 0
4 6 5 6 1
3 8 2 8 0
6 4 6 6 1
8 3 6 3 0
4 5 5 5 1
4 8 3 8 0
3 4 3 7 1
3 8 4 8 0
5 6 5 7 1
4 8 4 7 0
6 6 7 6 1
4 2 3 2 0
3 7 3 8 1
3 2 4 2 0
3 8 3 7 1
5 8 4 8 0
7 6 1 6 1
4 8 4 7 0
2 5 2 6 1
4 2 3 2 0
3 7 0 7 1
4 0 4 3 0
5 5 5 3 1
3 2 4 2 0
3 3 3 7 1
2 8 4 8 0
0 7 1 7 1
4 8 4 7 0
5 3 5 2 1
7 5 3 5 0
2 6 2 3 1
3 5 3 2 0
3 7 3 6 1
6 3 6 7 0
2 3 7 3 1
0 5 0 6 0
5 2 5 7 1
2 0 2 6 0
1 7 1 6 1
3 2 2 2 0
3 6 3 7 1
2 2 2 8 0
7 3 4 3 1
2 8 4 8 0
1 6 2 6 1
4 8 4 7 0
4 3 1 3 1
0 4 0 5 0
2 6 2 7 1
0 5 0 4 0
3 7 3 0 1
0 4 0 5 0
3 0 3 4 1
0 5 2 5 0
4 4 4 3 1
7 4 7 3 0
4 3 4 4 1
7 3 7 4 0
2 7 0 7 1
4 2 4 3 0
3 4 3 7 1
4 3 4 2 0
3 7 2 7 1
2 5 2 3 0
2 7 2 6 1
4 2 4 1 0
4 4 4 5 1
2 3 8 3 0
4 5 0 5 1
1 4 1 6 0
0 5 0 6 1
4 7 1 7 0
2 6 2 7 1
8 3 7 3 0
2 7 2 2 1
7 3 6 3 0
0 7 1 7 1
7 4 6 4 0
0 6 0 8 1
GAMEOVER WINNER 1
# Game ended: Sat Apr 07 20:12:06 EDT 2018
