# Server version 0.08 running on 192.168.1.32:8123
# Game ID: 670
# Board class: tablut.TablutBoard
# Timeout: 2000
# First Move Timeout: 30000
# Date: Sun Apr 08 19:46:55 EDT 2018
# Player 1: Player-0, '260727743', running on localhost
# Player 2: Player-1, '260614908', running on localhost
START Player-0 260727743
START Player-1 260614908
8 5 7 5 0
6 4 6 3 1
7 4 6 4 0
4 4 5 4 1
5 8 5 6 0
4 2 5 2 1
3 8 3 6 0
4 3 5 3 1
4 7 4 6 0
2 4 2 2 1
1 4 2 4 0
5 2 7 2 1
0 5 6 5 0
5 3 1 3 1
2 4 2 3 0
5 4 2 4 1
6 5 2 5 0
2 4 5 4 1
7 5 7 3 0
2 2 0 2 1
4 1 7 1 0
6 3 3 3 1
7 1 0 1 0
5 4 5 2 1
0 3 0 2 0
5 2 6 2 1
3 0 2 0 0
6 2 6 1 1
0 1 5 1 0
6 1 6 2 1
5 6 5 2 0
3 3 6 3 1
7 3 7 2 0
GAMEOVER WINNER 0
# Game ended: Sun Apr 08 19:47:34 EDT 2018
