# Server version 0.08 running on 192.168.1.32:8123
# Game ID: 660
# Board class: tablut.TablutBoard
# Timeout: 2000
# First Move Timeout: 30000
# Date: Sun Apr 08 19:15:26 EDT 2018
# Player 1: Player-0, '260614908', running on 192.168.1.32
# Player 2: Player-1, '260727743', running on 192.168.1.32
START Player-0 260614908
START Player-1 260727743
4 1 1 1 0
5 4 5 5 1
5 0 5 4 0
4 3 5 3 1
0 3 3 3 0
4 2 3 2 1
4 7 6 7 0
4 4 4 3 1
6 7 6 6 0
4 3 0 3 1
1 1 0 1 0
0 3 0 2 1
8 5 8 7 0
0 2 0 0 1
GAMEOVER WINNER 1
# Game ended: Sun Apr 08 19:15:44 EDT 2018
