# Server version 0.08 running on 192.168.1.32:8123
# Game ID: 312
# Board class: tablut.TablutBoard
# Timeout: 2000
# First Move Timeout: 30000
# Date: Sat Apr 07 16:37:42 EDT 2018
# Player 1: Player-0, '260614908', running on localhost
# Player 2: Player-1, '260608103', running on localhost
START Player-0 260614908
START Player-1 260608103
8 5 7 5 0
5 4 5 5 1
3 0 2 0 0
6 4 6 3 1
8 4 8 5 0
5 5 5 1 1
8 5 8 4 0
3 4 3 1 1
8 4 8 5 0
4 6 1 6 1
8 5 8 4 0
2 4 2 1 1
3 8 2 8 0
1 6 6 6 1
8 4 8 5 0
2 1 2 5 1
8 3 8 2 0
6 3 6 5 1
8 5 8 4 0
4 2 3 2 1
8 4 8 3 0
6 6 3 6 1
8 3 7 3 0
4 4 5 4 1
7 3 6 3 0
5 1 7 1 1
4 8 3 8 0
5 4 5 6 1
3 8 3 7 0
3 1 3 0 1
4 0 4 1 0
6 5 6 8 1
3 7 2 7 0
3 6 0 6 1
1 4 1 3 0
2 5 2 1 1
0 4 1 4 0
5 6 6 6 1
7 4 6 4 0
6 8 6 7 1
7 5 7 6 0
6 7 6 8 1
5 0 5 6 0
GAMEOVER WINNER 0
# Game ended: Sat Apr 07 16:37:50 EDT 2018
