# Server version 0.08 running on 192.168.1.32:8123
# Game ID: 655
# Board class: tablut.TablutBoard
# Timeout: 2000
# First Move Timeout: 30000
# Date: Sun Apr 08 18:19:12 EDT 2018
# Player 1: Player-0, '260614908', running on 192.168.1.32
# Player 2: Player-1, '260727743', running on 192.168.1.32
START Player-0 260614908
START Player-1 260727743
4 7 8 7 0
4 6 8 6 1
1 4 1 6 0
4 5 6 5 1
4 1 7 1 0
4 4 4 5 1
0 3 0 1 0
4 2 0 2 1
0 5 1 5 0
0 2 4 2 1
3 8 3 5 0
8 6 3 6 1
7 4 7 5 0
4 5 4 6 1
1 5 4 5 0
4 6 8 6 1
7 1 0 1 0
8 6 8 8 1
GAMEOVER WINNER 1
# Game ended: Sun Apr 08 18:19:36 EDT 2018
