# Server version 0.08 running on 192.168.1.32:8123
# Game ID: 299
# Board class: tablut.TablutBoard
# Timeout: 2000
# First Move Timeout: 30000
# Date: Sat Apr 07 16:34:15 EDT 2018
# Player 1: Player-0, 'GreedyPlayer', running on localhost
# Player 2: Player-1, '260614908', running on localhost
START Player-0 GreedyPlayer
START Player-1 260614908
1 4 1 2 0
6 4 6 3 1
7 4 6 4 0
2 4 1 4 1
5 8 5 2 0
6 3 6 2 1
3 0 3 1 0
6 2 5 2 1
0 5 0 7 0
5 2 5 1 1
6 4 6 1 0
4 3 3 3 1
8 3 4 3 0
3 4 2 4 1
0 3 2 3 0
2 4 3 4 1
2 3 2 4 0
4 5 3 5 1
8 5 4 5 0
4 4 5 4 1
2 4 2 5 0
5 4 4 4 1
2 5 2 8 0
4 4 3 4 1
2 8 2 7 0
3 4 2 4 1
4 3 8 3 0
2 4 2 3 1
3 8 3 4 0
2 3 2 0 1
8 3 3 3 0
2 0 0 0 1
GAMEOVER WINNER 1
# Game ended: Sat Apr 07 16:34:16 EDT 2018
