# Server version 0.08 running on 192.168.1.32:8123
# Game ID: 675
# Board class: tablut.TablutBoard
# Timeout: 2000
# First Move Timeout: 30000
# Date: Sun Apr 08 19:53:09 EDT 2018
# Player 1: Player-0, '260614908', running on localhost
# Player 2: Player-1, '260620385', running on localhost
START Player-0 260614908
START Player-1 260620385
1 4 1 5 0
6 4 6 3 1
0 3 3 3 0
2 4 2 3 1
4 1 8 1 0
2 3 1 3 1
5 8 5 7 0
1 3 0 3 1
7 4 7 3 0
4 3 3 3 1
1 5 2 5 0
3 4 3 5 1
7 3 7 0 0
4 2 7 2 1
4 0 4 3 0
4 4 2 4 1
4 7 1 7 0
2 4 2 1 1
1 7 1 1 0
2 1 3 1 1
0 5 1 5 0
5 4 5 3 1
1 5 1 8 0
3 3 1 3 1
5 0 4 0 0
4 6 1 6 1
2 5 2 4 0
3 5 1 5 1
3 8 3 2 0
GAMEOVER WINNER 0
# Game ended: Sun Apr 08 19:53:34 EDT 2018
