# Server version 0.08 running on 192.168.1.32:8123
# Game ID: 43
# Board class: tablut.TablutBoard
# Timeout: 2000
# First Move Timeout: 30000
# Date: Sat Apr 07 05:59:22 EDT 2018
# Player 1: Player-0, 'GreedyPlayer', running on 192.168.1.32
# Player 2: Player-1, '260614908', running on 192.168.1.32
START Player-0 GreedyPlayer
START Player-1 260614908
1 4 1 2 0
6 4 6 3 1
7 4 6 4 0
4 4 5 4 1
1 2 2 2 0
6 3 7 3 1
6 4 6 3 0
2 4 2 7 1
0 4 2 4 0
5 4 5 6 1
3 0 3 3 0
2 7 3 7 1
3 3 3 6 0
4 2 6 2 1
4 1 6 1 0
5 6 6 6 1
4 0 4 2 0
6 6 8 6 1
4 7 8 7 0
GAMEOVER WINNER 0
# Game ended: Sat Apr 07 05:59:24 EDT 2018
