# Server version 0.08 running on 192.168.1.32:8123
# Game ID: 644
# Board class: tablut.TablutBoard
# Timeout: 2000
# First Move Timeout: 30000
# Date: Sun Apr 08 18:00:38 EDT 2018
# Player 1: Player-0, '260614908', running on localhost
# Player 2: Player-1, '260727743', running on localhost
START Player-0 260614908
START Player-1 260727743
8 5 6 5 0
4 6 6 6 1
1 4 1 6 0
4 5 7 5 1
4 1 5 1 0
4 3 7 3 1
1 6 1 0 0
2 4 2 0 1
0 3 6 3 0
4 2 6 2 1
0 5 6 5 0
5 4 5 5 1
5 1 0 1 0
6 2 0 2 1
5 0 7 0 0
6 4 6 0 1
4 7 4 5 0
3 4 3 5 1
8 3 5 3 0
4 4 4 2 1
0 4 5 4 0
4 2 8 2 1
5 4 1 4 0
8 2 8 0 1
GAMEOVER WINNER 1
# Game ended: Sun Apr 08 18:01:06 EDT 2018
