# Server version 0.08 running on 192.168.1.32:8123
# Game ID: 458
# Board class: tablut.TablutBoard
# Timeout: 2000
# First Move Timeout: 30000
# Date: Sat Apr 07 20:13:51 EDT 2018
# Player 1: Player-0, '260614908', running on localhost
# Player 2: Player-1, '260608103', running on localhost
START Player-0 260614908
START Player-1 260608103
8 5 7 5 0
3 4 3 5 1
3 0 3 4 0
4 3 3 3 1
3 8 3 6 0
5 4 5 1 1
8 3 4 3 0
3 3 3 1 1
1 4 3 4 0
4 6 7 6 1
5 8 5 4 0
3 1 4 1 1
4 3 4 2 0
5 1 7 1 1
8 4 8 3 0
7 1 4 1 1
8 3 4 3 0
4 1 0 1 1
4 2 0 2 0
7 6 7 8 1
4 8 6 8 0
4 5 5 5 1
4 7 4 5 0
GAMEOVER WINNER 0
# Game ended: Sat Apr 07 20:13:54 EDT 2018
