# Server version 0.08 running on localhost:8123
# Game ID: 2
# Board class: tablut.TablutBoard
# Timeout: 2000
# First Move Timeout: 30000
# Date: Fri Apr 06 00:31:24 EDT 2018
# Player 1: Player-0, 'RandomPlayer', running on localhost
# Player 2: Player-1, '260614908', running on localhost
START Player-0 RandomPlayer
START Player-1 260614908
7 4 7 5 0
3 4 3 2 1
0 5 0 7 0
6 4 6 6 1
0 3 2 3 0
4 2 5 2 1
3 0 3 1 0
4 3 5 3 1
5 8 5 5 0
6 6 8 6 1
5 0 7 0 0
4 5 1 5 1
5 5 5 8 0
5 4 7 4 1
7 5 2 5 0
4 6 1 6 1
0 4 0 6 0
3 2 3 5 1
4 7 4 5 0
5 3 4 3 1
3 1 3 3 0
5 2 5 1 1
1 4 3 4 0
5 1 6 1 1
2 3 0 3 0
6 1 6 5 1
0 3 0 2 0
6 5 6 0 1
8 3 7 3 0
8 6 4 6 1
0 2 7 2 0
7 4 7 8 1
0 6 0 4 0
6 0 6 6 1
0 7 0 5 0
7 8 7 4 1
7 2 8 2 0
4 6 4 5 1
5 8 5 2 0
7 4 5 4 1
4 1 3 1 0
1 5 1 4 1
7 3 7 2 0
5 4 5 7 1
4 8 6 8 0
6 6 6 4 1
3 1 3 0 0
4 3 5 3 1
5 2 1 2 0
3 5 3 6 1
0 5 1 5 0
3 6 3 5 1
8 5 6 5 0
1 6 3 6 1
1 2 1 0 0
6 4 6 0 1
7 2 7 5 0
5 7 8 7 1
8 2 5 2 0
4 4 4 3 1
7 5 7 7 0
3 6 0 6 1
1 5 1 7 0
4 5 4 7 1
3 4 6 4 0
3 5 5 5 1
8 4 8 1 0
0 6 2 6 1
6 4 8 4 0
1 4 5 4 1
1 7 1 5 0
5 5 5 6 1
8 4 6 4 0
8 7 8 4 1
3 3 2 3 0
4 3 4 2 1
6 4 1 4 0
5 6 5 4 1
5 2 5 1 0
2 6 4 6 1
6 5 6 3 0
4 2 6 2 1
6 8 6 6 0
6 2 1 2 1
0 4 0 3 0
4 7 4 8 1
4 0 4 2 0
4 6 2 6 1
4 2 8 2 0
8 4 7 4 1
1 4 3 4 0
7 4 7 5 1
1 5 2 5 0
1 2 1 4 1
2 5 3 5 0
1 4 2 4 1
8 2 7 2 0
2 6 4 6 1
5 1 7 1 0
5 3 3 3 1
GAMEOVER DRAW
# Game ended: Fri Apr 06 00:31:24 EDT 2018
