# Server version 0.08 running on 192.168.1.32:8123
# Game ID: 275
# Board class: tablut.TablutBoard
# Timeout: 2000
# First Move Timeout: 30000
# Date: Sat Apr 07 16:19:51 EDT 2018
# Player 1: Player-0, 'GreedyPlayer', running on localhost
# Player 2: Player-1, '260614908', running on localhost
START Player-0 GreedyPlayer
START Player-1 260614908
1 4 1 2 0
3 4 3 3 1
4 7 1 7 0
6 4 6 3 1
7 4 6 4 0
4 4 5 4 1
8 5 6 5 0
5 4 5 2 1
4 1 1 1 0
5 2 7 2 1
8 4 8 5 0
2 4 1 4 1
6 4 2 4 0
4 3 5 3 1
5 8 6 8 0
7 2 7 8 1
2 4 2 3 0
5 3 4 3 1
1 1 3 1 0
7 8 8 8 1
GAMEOVER WINNER 1
# Game ended: Sat Apr 07 16:19:52 EDT 2018
