# Server version 0.08 running on 192.168.1.32:8123
# Game ID: 344
# Board class: tablut.TablutBoard
# Timeout: 2000
# First Move Timeout: 30000
# Date: Sat Apr 07 17:00:39 EDT 2018
# Player 1: Player-0, '260614908', running on localhost
# Player 2: Player-1, '260608103', running on localhost
START Player-0 260614908
START Player-1 260608103
8 5 7 5 0
6 4 6 6 1
3 0 2 0 0
6 6 7 6 1
8 4 8 5 0
4 2 7 2 1
8 5 8 4 0
2 4 2 1 1
8 4 8 5 0
2 1 2 5 1
8 5 8 4 0
5 4 5 7 1
8 4 8 5 0
3 4 3 7 1
8 3 7 3 0
7 2 5 2 1
1 4 1 6 0
3 7 3 3 1
3 8 3 5 0
5 2 5 4 1
8 5 8 4 0
5 7 6 7 1
8 4 8 3 0
6 7 6 8 1
1 6 0 6 0
4 3 6 3 1
8 3 8 2 0
3 3 5 3 1
7 3 7 2 0
7 6 7 8 1
0 4 1 4 0
4 6 8 6 1
4 8 4 7 0
6 3 6 4 1
7 4 7 3 0
6 4 8 4 1
7 3 6 3 0
8 6 8 5 1
1 4 1 5 0
6 8 6 5 1
4 1 4 3 0
7 8 6 8 1
4 3 3 3 0
4 5 5 5 1
1 5 1 4 0
5 4 6 4 1
4 0 3 0 0
4 4 4 3 1
3 0 4 0 0
4 3 4 2 1
4 0 4 1 0
4 2 6 2 1
5 0 5 2 0
GAMEOVER WINNER 0
# Game ended: Sat Apr 07 17:00:45 EDT 2018
