# Server version 0.08 running on 192.168.1.32:8123
# Game ID: 255
# Board class: tablut.TablutBoard
# Timeout: 2000
# First Move Timeout: 30000
# Date: Sat Apr 07 15:41:28 EDT 2018
# Player 1: Player-0, '260614908', running on 192.168.1.32
# Player 2: Player-1, 'GreedyPlayer', running on 192.168.1.32
START Player-0 260614908
START Player-1 GreedyPlayer
8 5 7 5 0
4 2 5 2 1
3 0 2 0 0
2 4 2 2 1
8 4 8 5 0
2 2 2 4 1
8 5 8 4 0
4 5 3 5 1
7 5 4 5 0
5 4 5 5 1
3 8 3 6 0
4 4 4 6 1
5 8 5 6 0
GAMEOVER WINNER 0
# Game ended: Sat Apr 07 15:41:31 EDT 2018
