# Server version 0.08 running on 192.168.1.32:8123
# Game ID: 624
# Board class: tablut.TablutBoard
# Timeout: 2000
# First Move Timeout: 30000
# Date: Sun Apr 08 01:16:13 EDT 2018
# Player 1: Player-0, '260614908', running on localhost
# Player 2: Player-1, '260727743', running on localhost
START Player-0 260614908
START Player-1 260727743
8 5 7 5 0
6 4 6 3 1
3 0 2 0 0
5 4 5 7 1
8 4 8 5 0
3 4 3 7 1
8 5 8 4 0
4 4 5 4 1
8 4 8 5 0
5 4 5 6 1
8 5 8 6 0
4 6 4 7 1
1 4 1 6 0
4 7 4 6 1
3 8 2 8 0
5 6 7 6 1
8 3 7 3 0
6 3 6 8 1
0 4 1 4 0
7 6 7 8 1
4 8 3 8 0
7 8 8 8 1
GAMEOVER WINNER 1
# Game ended: Sun Apr 08 01:16:37 EDT 2018
