# Server version 0.08 running on 192.168.1.32:8123
# Game ID: 330
# Board class: tablut.TablutBoard
# Timeout: 2000
# First Move Timeout: 30000
# Date: Sat Apr 07 16:52:43 EDT 2018
# Player 1: Player-0, '260614908', running on localhost
# Player 2: Player-1, '260608103', running on localhost
START Player-0 260614908
START Player-1 260608103
8 5 7 5 0
6 4 6 3 1
3 0 2 0 0
4 6 6 6 1
8 4 8 5 0
3 4 3 7 1
8 5 8 4 0
5 4 5 7 1
8 3 7 3 0
4 5 4 6 1
4 8 4 7 0
4 3 3 3 1
8 4 8 3 0
5 7 8 7 1
8 3 8 6 0
2 4 2 2 1
8 6 7 6 0
3 3 5 3 1
7 6 8 6 0
5 3 5 7 1
8 6 7 6 0
2 2 0 2 1
7 6 8 6 0
5 7 6 7 1
8 6 7 6 0
4 4 5 4 1
7 6 8 6 0
0 2 2 2 1
8 6 7 6 0
3 7 4 7 1
7 6 8 6 0
4 6 0 6 1
8 6 7 6 0
6 3 6 4 1
7 6 8 6 0
2 2 2 8 1
8 6 7 6 0
4 7 4 8 1
7 3 4 3 0
6 7 6 8 1
7 6 8 6 0
5 4 5 7 1
8 6 7 6 0
2 8 2 6 1
4 3 4 7 0
2 6 4 6 1
2 0 2 7 0
5 7 5 3 1
7 4 7 3 0
4 8 3 8 1
7 6 8 6 0
3 8 3 5 1
7 5 5 5 0
6 4 6 3 1
8 6 7 6 0
6 3 6 1 1
7 6 7 5 0
5 3 2 3 1
7 5 6 5 0
6 1 6 4 1
5 5 4 5 0
3 5 3 2 1
4 5 3 5 0
6 4 6 5 1
3 5 2 5 0
6 5 6 0 1
7 3 6 3 0
6 8 4 8 1
0 5 1 5 0
2 3 2 0 1
1 4 1 0 0
2 0 2 1 1
1 0 2 0 0
2 1 1 1 1
2 0 1 0 0
1 1 2 1 1
1 0 2 0 0
3 2 0 2 1
2 5 2 2 0
GAMEOVER WINNER 0
# Game ended: Sat Apr 07 16:52:54 EDT 2018
