# Server version 0.08 running on 192.168.1.32:8123
# Game ID: 339
# Board class: tablut.TablutBoard
# Timeout: 2000
# First Move Timeout: 30000
# Date: Sat Apr 07 16:58:37 EDT 2018
# Player 1: Player-0, '260608103', running on localhost
# Player 2: Player-1, '260614908', running on localhost
START Player-0 260608103
START Player-1 260614908
5 0 6 0 0
6 4 6 3 1
7 4 6 4 0
4 3 1 3 1
6 0 6 2 0
1 3 1 2 1
8 3 4 3 0
1 2 1 1 1
4 7 2 7 0
4 5 1 5 1
8 5 2 5 0
3 4 3 5 1
3 0 3 4 0
4 6 4 7 1
3 8 3 6 0
4 7 3 7 1
4 8 3 8 0
4 4 4 5 1
2 5 2 1 0
4 5 3 5 1
0 3 0 1 0
3 5 2 5 1
3 4 2 4 0
2 5 4 5 1
0 1 0 2 0
4 5 5 5 1
4 1 7 1 0
5 5 4 5 1
3 8 4 8 0
4 5 5 5 1
3 6 0 6 0
5 5 4 5 1
2 1 1 1 0
4 5 3 5 1
2 4 2 6 0
3 5 3 4 1
4 3 7 3 0
3 4 3 3 1
1 4 1 3 0
3 3 3 2 1
7 3 5 3 0
3 2 2 2 1
1 1 2 1 0
2 2 3 2 1
2 1 2 0 0
3 2 2 2 1
7 1 7 8 0
2 2 3 2 1
6 2 5 2 0
3 2 2 2 1
1 3 3 3 0
2 2 2 3 1
4 0 4 3 0
2 3 1 3 1
2 0 2 5 0
1 3 1 1 1
5 3 5 7 0
1 1 0 1 1
5 2 5 0 0
0 1 0 0 1
GAMEOVER WINNER 1
# Game ended: Sat Apr 07 16:58:55 EDT 2018
