# Server version 0.08 running on 192.168.1.32:8123
# Game ID: 571
# Board class: tablut.TablutBoard
# Timeout: 2000
# First Move Timeout: 30000
# Date: Sat Apr 07 23:33:31 EDT 2018
# Player 1: Player-0, '260727743', running on localhost
# Player 2: Player-1, '260614908', running on localhost
START Player-0 260727743
START Player-1 260614908
8 5 7 5 0
6 4 6 3 1
7 4 6 4 0
4 3 1 3 1
5 8 5 5 0
2 4 2 3 1
3 8 3 5 0
2 3 2 5 1
5 5 4 5 0
2 5 1 5 1
0 4 2 4 0
1 5 1 6 1
2 4 2 3 0
1 6 1 2 1
5 0 5 7 0
4 2 3 2 1
5 7 5 0 0
1 2 0 2 1
4 1 0 1 0
3 2 0 2 1
5 0 5 2 0
0 2 2 2 1
5 2 6 2 0
4 4 2 4 1
4 8 2 8 0
2 4 1 4 1
0 5 1 5 0
1 4 1 2 1
0 3 0 2 0
1 2 1 1 1
3 0 2 0 0
1 1 0 1 1
8 4 7 4 0
2 2 1 2 1
8 3 8 4 0
1 2 1 1 1
8 4 8 3 0
1 1 1 0 1
4 5 4 3 0
1 0 1 1 1
4 3 3 3 0
1 1 1 0 1
8 3 7 3 0
1 0 1 1 1
7 3 6 3 0
1 1 1 0 1
2 8 1 8 0
1 0 1 1 1
6 3 5 3 0
1 1 1 0 1
7 5 6 5 0
1 0 1 1 1
6 5 5 5 0
1 1 1 0 1
5 5 4 5 0
1 0 1 1 1
4 5 4 3 0
1 1 1 0 1
4 3 4 2 0
1 0 1 1 1
4 2 3 2 0
1 1 1 0 1
4 0 3 0 0
1 0 1 1 1
3 0 5 0 0
1 1 1 0 1
3 5 2 5 0
1 0 1 1 1
2 5 2 4 0
1 1 1 0 1
6 2 5 2 0
1 0 1 1 1
7 4 7 3 0
1 1 1 0 1
7 3 6 3 0
1 0 1 1 1
6 3 6 2 0
1 1 1 0 1
3 2 2 2 0
1 0 1 1 1
2 2 1 2 0
1 1 1 0 1
1 2 1 1 0
0 1 0 0 1
GAMEOVER WINNER 1
# Game ended: Sat Apr 07 23:34:58 EDT 2018
