# Server version 0.08 running on 10.0.30.92:8123
# Game ID: 412
# Board class: tablut.TablutBoard
# Timeout: 2000
# First Move Timeout: 30000
# Date: Sat Apr 07 19:15:33 EDT 2018
# Player 1: Player-0, '260614908', running on localhost
# Player 2: Player-1, '260608103', running on localhost
START Player-0 260614908
START Player-1 260608103
8 5 7 5 0
5 4 5 5 1
5 0 5 4 0
4 3 5 3 1
8 3 6 3 0
4 2 5 2 1
3 0 2 0 0
5 2 0 2 1
8 4 8 3 0
5 5 6 5 1
3 8 2 8 0
5 3 4 3 1
7 4 5 4 0
6 5 6 4 1
8 3 7 3 0
0 2 6 2 1
7 3 6 3 0
2 4 2 3 1
4 8 3 8 0
2 3 2 7 1
3 8 3 7 0
2 7 2 1 1
4 0 3 0 0
6 4 8 4 1
4 1 6 1 0
2 1 2 3 1
3 0 4 0 0
4 3 4 1 1
3 7 2 7 0
4 6 1 6 1
4 0 3 0 0
3 4 3 5 1
3 0 3 2 0
4 1 2 1 1
6 1 4 1 0
4 5 5 5 1
3 2 3 1 0
5 5 5 7 1
4 7 4 6 0
5 7 4 7 1
4 1 4 2 0
3 5 4 5 1
2 7 1 7 0
8 4 8 2 1
7 5 7 4 0
8 2 5 2 1
1 7 2 7 0
1 6 6 6 1
7 4 6 4 0
2 1 2 2 1
0 3 1 3 0
2 2 3 2 1
2 0 4 0 0
4 4 3 4 1
0 5 3 5 0
6 6 3 6 1
6 3 3 3 0
5 2 3 2 1
1 3 3 3 0
4 5 4 2 1
0 4 0 3 0
4 2 3 2 1
4 0 4 6 0
3 2 5 2 1
6 4 5 4 0
3 4 3 5 1
5 4 8 4 0
3 5 4 5 1
8 4 7 4 0
4 5 8 5 1
1 4 0 4 0
8 5 8 0 1
GAMEOVER WINNER 1
# Game ended: Sat Apr 07 19:15:43 EDT 2018
