# Server version 0.08 running on 192.168.1.32:8123
# Game ID: 519
# Board class: tablut.TablutBoard
# Timeout: 2000
# First Move Timeout: 30000
# Date: Sat Apr 07 22:26:46 EDT 2018
# Player 1: Player-0, '260614908', running on localhost
# Player 2: Player-1, 'GreedyPlayer', running on localhost
START Player-0 260614908
START Player-1 GreedyPlayer
8 5 7 5 0
4 2 5 2 1
3 0 2 0 0
2 4 2 2 1
8 4 8 5 0
4 3 7 3 1
8 5 8 4 0
4 4 4 2 1
8 4 8 5 0
4 2 3 2 1
4 1 3 1 0
5 4 5 3 1
8 5 8 4 0
5 3 5 6 1
8 4 8 5 0
5 6 5 4 1
8 5 8 4 0
4 6 3 6 1
8 4 8 5 0
3 6 7 6 1
8 5 8 4 0
3 2 4 2 1
3 1 4 1 0
4 2 3 2 1
4 1 3 1 0
7 3 5 3 1
8 4 8 5 0
2 2 2 5 1
8 5 8 4 0
3 2 0 2 1
8 4 8 5 0
0 2 0 0 1
GAMEOVER WINNER 1
# Game ended: Sat Apr 07 22:26:47 EDT 2018
