# Server version 0.08 running on 192.168.1.32:8123
# Game ID: 539
# Board class: tablut.TablutBoard
# Timeout: 2000
# First Move Timeout: 30000
# Date: Sat Apr 07 22:49:48 EDT 2018
# Player 1: Player-0, '260614908', running on localhost
# Player 2: Player-1, '260614908', running on localhost
START Player-0 260614908
START Player-1 260614908
8 5 7 5 0
6 4 6 3 1
3 0 2 0 0
2 4 2 3 1
8 4 8 5 0
2 3 2 4 1
8 5 8 4 0
4 3 3 3 1
8 4 8 5 0
2 4 2 3 1
8 5 8 4 0
2 3 2 4 1
8 4 8 5 0
2 4 2 3 1
8 5 8 4 0
2 3 2 4 1
8 4 8 5 0
2 4 2 3 1
8 5 8 4 0
2 3 2 4 1
8 4 8 5 0
2 4 2 3 1
8 5 8 4 0
2 3 2 4 1
8 4 8 5 0
2 4 2 3 1
8 5 8 4 0
2 3 2 4 1
8 4 8 5 0
2 4 2 3 1
8 5 8 4 0
2 3 2 4 1
8 4 8 5 0
2 4 2 3 1
8 5 8 4 0
2 3 2 4 1
8 4 8 5 0
2 4 2 3 1
8 5 8 4 0
2 3 2 4 1
8 4 8 5 0
2 4 2 3 1
8 5 8 4 0
2 3 2 4 1
8 4 8 5 0
2 4 2 3 1
8 5 8 4 0
2 3 2 4 1
8 4 8 5 0
2 4 2 3 1
8 5 8 4 0
2 3 2 4 1
8 4 8 5 0
2 4 2 3 1
8 5 8 4 0
2 3 2 4 1
8 4 8 5 0
2 4 2 3 1
8 5 8 4 0
2 3 2 4 1
8 4 8 5 0
2 4 2 3 1
8 5 8 4 0
2 3 2 4 1
8 4 8 5 0
2 4 2 3 1
8 5 8 4 0
2 3 2 4 1
8 4 8 5 0
2 4 2 3 1
8 5 8 4 0
2 3 2 4 1
8 4 8 5 0
2 4 2 3 1
8 5 8 4 0
2 3 2 4 1
8 4 8 5 0
2 4 2 3 1
8 5 8 4 0
2 3 2 4 1
8 4 8 5 0
2 4 2 3 1
8 5 8 4 0
2 3 2 4 1
8 4 8 5 0
2 4 2 3 1
8 5 8 4 0
2 3 2 4 1
8 4 8 5 0
2 4 2 3 1
8 5 8 4 0
2 3 2 4 1
8 4 8 5 0
2 4 2 3 1
8 5 8 4 0
2 3 2 4 1
8 4 8 5 0
2 4 2 3 1
8 5 8 4 0
2 3 1 3 1
GAMEOVER DRAW
# Game ended: Sat Apr 07 22:49:57 EDT 2018
