# Server version 0.08 running on 192.168.1.32:8123
# Game ID: 631
# Board class: tablut.TablutBoard
# Timeout: 2000
# First Move Timeout: 30000
# Date: Sun Apr 08 01:22:24 EDT 2018
# Player 1: Player-0, '260727743', running on localhost
# Player 2: Player-1, '260614908', running on localhost
START Player-0 260727743
START Player-1 260614908
8 5 7 5 0
6 4 6 3 1
7 4 6 4 0
2 4 2 3 1
1 4 2 4 0
2 3 1 3 1
2 4 2 3 0
4 3 3 3 1
3 0 2 0 0
3 3 3 2 1
2 3 4 3 0
4 5 3 5 1
7 5 4 5 0
3 5 2 5 1
5 8 5 2 0
2 5 1 5 1
2 0 2 5 0
3 2 2 2 1
5 2 6 2 0
4 4 3 4 1
6 2 3 2 0
3 4 4 4 1
8 4 7 4 0
4 4 3 4 1
4 3 3 3 0
3 4 4 4 1
3 3 2 3 0
4 4 3 4 1
4 1 2 1 0
3 4 5 4 1
3 8 2 8 0
5 4 3 4 1
2 5 1 5 0
3 4 5 4 1
2 8 3 8 0
5 4 3 4 1
3 8 1 8 0
3 4 5 4 1
1 8 2 8 0
5 4 3 4 1
2 8 3 8 0
3 4 5 4 1
3 8 1 8 0
5 4 3 4 1
1 8 2 8 0
3 4 5 4 1
2 8 3 8 0
5 4 3 4 1
3 8 1 8 0
3 4 5 4 1
1 8 2 8 0
5 4 3 4 1
2 8 3 8 0
3 4 5 4 1
3 8 1 8 0
5 4 3 4 1
1 8 2 8 0
3 4 5 4 1
2 8 3 8 0
5 4 3 4 1
3 8 1 8 0
3 4 5 4 1
1 8 2 8 0
5 4 3 4 1
2 8 3 8 0
3 4 5 4 1
3 8 1 8 0
5 4 3 4 1
1 8 2 8 0
3 4 5 4 1
8 3 7 3 0
5 4 3 4 1
5 0 5 7 0
3 4 5 4 1
2 8 3 8 0
5 4 3 4 1
3 8 1 8 0
3 4 5 4 1
1 8 2 8 0
5 4 3 4 1
2 8 3 8 0
3 4 5 4 1
3 8 1 8 0
5 4 3 4 1
4 5 3 5 0
3 4 5 4 1
2 1 1 1 0
5 4 3 4 1
3 5 2 5 0
3 4 5 4 1
2 5 2 4 0
5 4 3 4 1
0 4 1 4 0
3 4 5 4 1
4 8 3 8 0
5 4 3 4 1
3 8 2 8 0
3 4 5 4 1
4 7 4 8 0
5 4 4 4 1
GAMEOVER DRAW
# Game ended: Sun Apr 08 01:24:03 EDT 2018
