# Server version 0.08 running on 192.168.1.32:8123
# Game ID: 405
# Board class: tablut.TablutBoard
# Timeout: 2000
# First Move Timeout: 30000
# Date: Sat Apr 07 19:02:38 EDT 2018
# Player 1: Player-0, '260608103', running on localhost
# Player 2: Player-1, '260614908', running on localhost
START Player-0 260608103
START Player-1 260614908
8 3 8 2 0
4 2 1 2 1
8 2 4 2 0
4 6 5 6 1
4 7 4 6 0
2 4 2 8 1
1 4 2 4 0
5 6 7 6 1
0 3 3 3 0
5 4 5 2 1
5 8 5 4 0
5 2 7 2 1
5 4 5 5 0
1 2 1 6 1
8 4 8 2 0
4 4 4 3 1
5 5 5 3 0
GAMEOVER WINNER 0
# Game ended: Sat Apr 07 19:02:44 EDT 2018
