# Server version 0.08 running on 192.168.1.32:8123
# Game ID: 345
# Board class: tablut.TablutBoard
# Timeout: 2000
# First Move Timeout: 30000
# Date: Sat Apr 07 17:00:47 EDT 2018
# Player 1: Player-0, '260608103', running on localhost
# Player 2: Player-1, '260614908', running on localhost
START Player-0 260608103
START Player-1 260614908
3 0 3 1 0
6 4 6 3 1
7 4 6 4 0
4 3 1 3 1
5 8 5 6 0
1 3 1 2 1
3 8 3 6 0
4 5 6 5 1
0 3 4 3 0
1 2 4 2 1
4 8 6 8 0
2 4 2 3 1
1 4 2 4 0
6 5 2 5 1
8 5 6 5 0
2 5 2 4 1
3 1 3 0 0
2 3 1 3 1
4 1 2 1 0
1 3 0 3 1
5 0 5 1 0
2 4 2 3 1
0 5 0 6 0
2 3 1 3 1
6 8 6 7 0
1 3 1 2 1
3 6 3 4 0
1 2 0 2 1
3 0 2 0 0
0 2 0 1 1
8 4 7 4 0
4 2 3 2 1
5 6 3 6 0
3 2 2 2 1
3 4 1 4 0
0 1 1 1 1
3 6 3 1 0
0 3 0 2 1
3 1 3 8 0
0 2 1 2 1
0 4 0 1 0
1 2 0 2 1
7 4 7 3 0
0 2 0 4 1
5 1 5 3 0
2 2 2 4 1
2 0 1 0 0
2 4 1 4 1
7 3 7 2 0
0 4 0 3 1
2 1 2 5 0
1 4 0 4 1
1 0 1 8 0
0 4 1 4 1
4 7 0 7 0
1 4 0 4 1
6 5 6 3 0
0 4 1 4 1
7 2 8 2 0
1 4 0 4 1
6 7 2 7 0
0 4 1 4 1
5 3 5 7 0
1 4 0 4 1
3 8 3 0 0
0 4 1 4 1
2 7 4 7 0
1 4 0 4 1
0 6 0 5 0
0 4 1 4 1
8 2 4 2 0
1 4 0 4 1
3 0 2 0 0
0 4 1 4 1
2 0 3 0 0
1 4 0 4 1
1 8 1 1 0
0 4 1 4 1
0 7 2 7 0
1 4 0 4 1
1 1 1 7 0
0 4 1 4 1
2 5 6 5 0
1 4 0 4 1
2 7 2 5 0
0 4 1 4 1
1 7 1 5 0
1 4 0 4 1
4 2 7 2 0
0 3 1 3 1
8 3 8 4 0
1 3 0 3 1
8 4 8 1 0
0 3 1 3 1
6 3 8 3 0
1 3 0 3 1
2 5 2 6 0
0 4 2 4 1
3 0 3 7 0
2 4 1 4 1
GAMEOVER DRAW
# Game ended: Sat Apr 07 17:01:35 EDT 2018
