# Server version 0.08 running on 192.168.1.32:8123
# Game ID: 292
# Board class: tablut.TablutBoard
# Timeout: 2000
# First Move Timeout: 30000
# Date: Sat Apr 07 16:26:40 EDT 2018
# Player 1: Player-0, '260614908', running on localhost
# Player 2: Player-1, '260608103', running on localhost
START Player-0 260614908
START Player-1 260608103
8 5 7 5 0
6 4 6 5 1
7 4 6 4 0
4 3 6 3 1
3 0 2 0 0
6 3 4 3 1
5 0 5 5 0
4 5 2 5 1
8 3 5 3 0
3 4 3 6 1
0 3 3 3 0
4 6 4 5 1
8 4 7 4 0
2 5 2 6 1
3 8 2 8 0
2 4 2 3 1
1 4 1 3 0
3 6 6 6 1
3 3 4 3 0
6 6 6 5 1
4 7 4 6 0
2 6 2 5 1
4 3 3 3 0
2 5 2 2 1
5 3 5 5 0
4 4 4 3 1
7 4 7 3 0
2 2 2 3 1
7 3 6 3 0
2 3 2 7 1
4 6 2 6 0
4 3 4 2 1
4 8 4 3 0
GAMEOVER WINNER 0
# Game ended: Sat Apr 07 16:26:44 EDT 2018
