# Server version 0.08 running on 192.168.1.32:8123
# Game ID: 669
# Board class: tablut.TablutBoard
# Timeout: 2000
# First Move Timeout: 30000
# Date: Sun Apr 08 19:46:20 EDT 2018
# Player 1: Player-0, '260614908', running on localhost
# Player 2: Player-1, '260727743', running on localhost
START Player-0 260614908
START Player-1 260727743
1 4 1 3 0
4 6 5 6 1
0 5 2 5 0
5 6 2 6 1
7 4 7 1 0
2 6 5 6 1
5 8 7 8 0
6 4 6 8 1
8 5 5 5 0
6 8 6 5 1
0 4 0 7 0
5 6 0 6 1
7 1 7 4 0
5 4 5 6 1
3 8 2 8 0
5 6 4 6 1
5 0 5 5 0
6 5 6 1 1
3 0 3 3 0
6 1 6 5 1
8 3 6 3 0
2 4 2 3 1
6 3 6 0 0
4 4 5 4 1
8 4 8 6 0
5 4 5 8 1
7 4 7 8 0
5 8 6 8 1
0 3 0 5 0
6 8 8 8 1
GAMEOVER WINNER 1
# Game ended: Sun Apr 08 19:46:54 EDT 2018
