# Server version 0.08 running on 192.168.1.32:8123
# Game ID: 365
# Board class: tablut.TablutBoard
# Timeout: 2000
# First Move Timeout: 30000
# Date: Sat Apr 07 17:20:45 EDT 2018
# Player 1: Player-0, '260608103', running on localhost
# Player 2: Player-1, '260614908', running on localhost
START Player-0 260608103
START Player-1 260614908
8 3 7 3 0
6 4 6 3 1
7 4 6 4 0
4 3 1 3 1
5 0 5 3 0
1 3 1 2 1
5 3 4 3 0
4 4 5 4 1
4 1 4 2 0
1 2 0 2 1
5 8 5 6 0
3 4 3 3 1
3 8 3 6 0
0 2 0 1 1
5 6 4 6 0
2 4 2 3 1
4 2 0 2 0
2 3 1 3 1
0 2 1 2 0
5 4 5 3 1
4 6 4 1 0
5 3 4 3 1
4 7 0 7 0
4 3 5 3 1
3 6 5 6 0
5 3 4 3 1
0 7 8 7 0
4 3 5 3 1
0 5 0 7 0
5 3 4 3 1
4 1 5 1 0
4 3 4 2 1
8 7 3 7 0
4 2 6 2 1
3 7 1 7 0
3 3 2 3 1
5 1 5 5 0
6 2 8 2 1
5 5 5 0 0
2 3 1 3 1
7 3 2 3 0
8 2 8 0 1
GAMEOVER WINNER 1
# Game ended: Sat Apr 07 17:20:59 EDT 2018
