# Server version 0.08 running on 192.168.1.32:8123
# Game ID: 657
# Board class: tablut.TablutBoard
# Timeout: 2000
# First Move Timeout: 30000
# Date: Sun Apr 08 18:46:25 EDT 2018
# Player 1: Player-0, '260614908', running on 192.168.1.32
# Player 2: Player-1, '260727743', running on 192.168.1.32
START Player-0 260614908
START Player-1 260727743
3 8 3 7 0
6 4 6 3 1
0 5 2 5 0
4 6 2 6 1
7 4 7 1 0
4 5 1 5 1
5 8 7 8 0
4 3 1 3 1
4 1 2 1 0
6 3 6 8 1
4 7 8 7 0
1 3 6 3 1
8 7 6 7 0
2 6 6 6 1
0 3 5 3 0
4 4 4 3 1
4 8 4 7 0
4 3 0 3 1
2 1 0 1 0
0 3 0 2 1
7 1 0 1 0
0 2 2 2 1
0 1 1 1 0
2 2 0 2 1
1 1 0 1 0
6 3 0 3 1
3 7 0 7 0
1 5 0 5 1
4 7 6 7 0
0 2 1 2 1
3 0 2 0 0
1 2 0 2 1
8 3 1 3 0
0 2 0 0 1
GAMEOVER WINNER 1
# Game ended: Sun Apr 08 18:47:04 EDT 2018
