# Server version 0.08 running on 192.168.1.32:8123
# Game ID: 44
# Board class: tablut.TablutBoard
# Timeout: 2000
# First Move Timeout: 30000
# Date: Sat Apr 07 06:05:38 EDT 2018
# Player 1: Player-0, 'RandomPlayer', running on 192.168.1.32
# Player 2: Player-1, '260614908', running on 192.168.1.32
START Player-0 RandomPlayer
START Player-1 260614908
7 4 7 5 0
6 4 6 3 1
3 0 2 0 0
4 3 3 3 1
2 0 2 2 0
6 3 5 3 1
5 0 5 2 0
2 4 2 3 1
1 4 1 2 0
3 4 2 4 1
5 8 6 8 0
2 4 1 4 1
4 0 1 0 0
4 5 3 5 1
0 5 0 6 0
4 4 2 4 1
2 2 2 1 0
2 4 2 8 1
5 2 5 0 0
2 3 2 4 1
7 5 5 5 0
2 4 2 3 1
5 0 7 0 0
4 2 3 2 1
8 3 8 2 0
4 6 4 3 1
7 0 7 7 0
4 3 4 2 1
5 5 5 8 0
4 2 4 3 1
8 2 6 2 0
4 3 4 2 1
7 7 8 7 0
2 3 2 5 1
8 7 5 7 0
1 4 3 4 1
1 2 1 6 0
3 2 2 2 1
0 3 0 1 0
3 5 6 5 1
5 7 5 5 0
5 3 7 3 1
1 0 4 0 0
2 5 0 5 1
4 7 3 7 0
2 8 0 8 1
GAMEOVER WINNER 1
# Game ended: Sat Apr 07 06:05:41 EDT 2018
