# Server version 0.08 running on 192.168.1.32:8123
# Game ID: 394
# Board class: tablut.TablutBoard
# Timeout: 2000
# First Move Timeout: 30000
# Date: Sat Apr 07 18:53:44 EDT 2018
# Player 1: Player-0, '260614908', running on localhost
# Player 2: Player-1, '260608103', running on localhost
START Player-0 260614908
START Player-1 260608103
8 5 7 5 0
4 2 3 2 1
3 0 2 0 0
2 4 2 7 1
8 4 8 5 0
3 2 1 2 1
8 5 8 4 0
4 6 5 6 1
8 4 8 5 0
3 4 2 4 1
8 5 8 4 0
4 5 1 5 1
8 4 8 5 0
4 3 1 3 1
8 5 8 4 0
5 6 5 5 1
3 8 3 5 0
2 4 2 6 1
8 4 8 5 0
2 6 2 4 1
8 5 8 4 0
6 4 6 5 1
8 4 8 5 0
6 5 6 4 1
8 5 8 4 0
1 2 6 2 1
8 4 8 5 0
2 4 3 4 1
8 5 8 4 0
4 4 4 3 1
8 4 8 5 0
5 5 4 5 1
8 5 8 4 0
2 7 2 5 1
0 4 2 4 0
1 3 2 3 1
8 4 8 5 0
5 4 1 4 1
4 7 4 6 0
6 2 6 1 1
8 5 8 4 0
4 3 3 3 1
4 8 3 8 0
2 5 6 5 1
8 4 8 5 0
3 3 3 6 1
8 5 8 7 0
1 5 1 7 1
0 5 0 6 0
1 4 1 6 1
3 8 2 8 0
2 3 2 6 1
8 7 7 7 0
1 6 1 4 1
8 3 7 3 0
1 7 3 7 1
7 3 6 3 0
6 1 6 2 1
4 0 3 0 0
6 5 4 5 1
3 0 3 1 0
3 7 4 7 1
7 5 7 6 0
6 2 8 2 1
7 6 6 6 0
8 2 8 4 1
2 0 1 0 0
2 6 2 0 1
4 1 4 0 0
2 0 2 4 1
4 0 3 0 0
6 4 6 2 1
3 0 2 0 0
6 2 1 2 1
2 0 1 0 0
2 4 2 0 1
0 3 0 2 0
3 6 3 3 1
5 0 5 2 0
3 3 6 3 1
0 2 0 1 0
1 2 0 2 1
6 6 5 6 0
4 5 6 5 1
5 6 4 6 0
6 5 4 5 1
5 2 4 2 0
4 5 5 5 1
4 2 3 2 0
6 3 0 3 1
3 2 1 2 0
2 0 2 2 1
7 7 5 7 0
5 5 3 5 1
3 1 2 1 0
8 4 2 4 1
0 6 0 7 0
0 3 0 6 1
5 7 5 6 0
0 6 0 8 1
GAMEOVER WINNER 1
# Game ended: Sat Apr 07 18:53:56 EDT 2018
