# Server version 0.08 running on 10.0.30.92:8123
# Game ID: 411
# Board class: tablut.TablutBoard
# Timeout: 2000
# First Move Timeout: 30000
# Date: Sat Apr 07 19:14:35 EDT 2018
# Player 1: Player-0, '260608103', running on localhost
# Player 2: Player-1, '260614908', running on localhost
START Player-0 260608103
START Player-1 260614908
1 4 1 2 0
4 6 5 6 1
4 7 4 6 0
4 2 6 2 1
1 2 4 2 0
2 4 1 4 1
4 6 4 7 0
3 4 3 2 1
5 0 5 2 0
5 4 5 3 1
7 4 7 2 0
5 6 6 6 1
5 8 5 4 0
6 6 2 6 1
8 4 7 4 0
1 4 1 8 1
3 8 2 8 0
4 4 2 4 1
4 7 1 7 0
2 6 3 6 1
2 8 2 6 0
3 6 4 6 1
4 1 1 1 0
4 6 5 6 1
5 2 6 2 0
5 6 3 6 1
4 8 4 6 0
3 2 1 2 1
8 3 1 3 0
2 4 2 5 1
0 4 2 4 0
GAMEOVER WINNER 0
# Game ended: Sat Apr 07 19:14:45 EDT 2018
