# Server version 0.08 running on 192.168.1.32:8123
# Game ID: 582
# Board class: tablut.TablutBoard
# Timeout: 2000
# First Move Timeout: 30000
# Date: Sat Apr 07 23:58:56 EDT 2018
# Player 1: Player-0, '260614908', running on localhost
# Player 2: Player-1, '260727743', running on localhost
START Player-0 260614908
START Player-1 260727743
8 5 7 5 0
6 4 6 3 1
3 0 2 0 0
5 4 5 7 1
7 4 5 4 0
6 3 6 4 1
8 4 7 4 0
3 4 3 7 1
4 0 3 0 0
3 7 3 2 1
3 0 4 0 0
6 4 5 4 1
3 8 3 7 0
5 4 5 1 1
8 3 7 3 0
3 2 3 1 1
7 4 5 4 0
4 4 3 4 1
4 8 3 8 0
3 1 4 1 1
4 0 3 0 0
3 4 3 2 1
1 4 1 2 0
2 4 1 4 1
5 4 5 6 0
3 2 3 4 1
5 6 5 4 0
3 4 2 4 1
3 8 2 8 0
4 6 6 6 1
3 0 4 0 0
6 6 6 4 1
7 5 6 5 0
6 4 6 3 1
6 5 6 4 0
4 5 6 5 1
7 3 8 3 0
2 4 8 4 1
3 7 8 7 0
8 4 8 6 1
1 2 0 2 0
8 6 8 8 1
GAMEOVER WINNER 1
# Game ended: Sat Apr 07 23:59:43 EDT 2018
