# Server version 0.08 running on 192.168.1.32:8123
# Game ID: 400
# Board class: tablut.TablutBoard
# Timeout: 2000
# First Move Timeout: 30000
# Date: Sat Apr 07 18:56:45 EDT 2018
# Player 1: Player-0, '260614908', running on localhost
# Player 2: Player-1, '260608103', running on localhost
START Player-0 260614908
START Player-1 260608103
8 5 7 5 0
5 4 5 3 1
3 0 2 0 0
4 5 2 5 1
8 4 8 5 0
2 5 2 7 1
8 5 8 4 0
4 3 1 3 1
4 0 3 0 0
4 4 4 5 1
8 4 8 5 0
4 5 1 5 1
7 5 2 5 0
GAMEOVER WINNER 0
# Game ended: Sat Apr 07 18:56:48 EDT 2018
